2023-04-28 20:51:28.671 INFO  org.hibernate.validator.internal.util.Version     :21   [32m        [0;39m HV000001: Hibernate Validator 6.2.0.Final
2023-04-28 20:51:28.679 INFO  com.douding.EurekaApplication                     :55   [32m        [0;39m Starting EurekaApplication using Java 11.0.19 on DESKTOP-BNRK1OD with PID 25232 (D:\java\idea\workSpace\yizhi2\DouDing\douding-eureka\target\classes started by mizhouzhou in D:\java\idea\workSpace\yizhi2)
2023-04-28 20:51:28.681 INFO  com.douding.EurekaApplication                     :659  [32m        [0;39m No active profile set, falling back to default profiles: default
2023-04-28 20:51:30.070 INFO  o.springframework.cloud.context.scope.GenericScope:283  [32m        [0;39m BeanFactory id=22aef32b-6694-37e5-ac0c-88b027b6c8a3
2023-04-28 20:51:30.432 INFO  o.s.boot.web.embedded.tomcat.TomcatWebServer      :108  [32m        [0;39m Tomcat initialized with port(s): 8761 (http)
2023-04-28 20:51:30.443 INFO  org.apache.coyote.http11.Http11NioProtocol        :173  [32m        [0;39m Initializing ProtocolHandler ["http-nio-8761"]
2023-04-28 20:51:30.443 INFO  org.apache.catalina.core.StandardService          :173  [32m        [0;39m Starting service [Tomcat]
2023-04-28 20:51:30.444 INFO  org.apache.catalina.core.StandardEngine           :173  [32m        [0;39m Starting Servlet engine: [Apache Tomcat/9.0.50]
2023-04-28 20:51:30.446 INFO  org.apache.catalina.core.AprLifecycleListener     :173  [32m        [0;39m Loaded Apache Tomcat Native library [1.2.34] using APR version [1.7.0].
2023-04-28 20:51:30.446 INFO  org.apache.catalina.core.AprLifecycleListener     :173  [32m        [0;39m APR capabilities: IPv6 [true], sendfile [true], accept filters [false], random [true], UDS [true].
2023-04-28 20:51:30.446 INFO  org.apache.catalina.core.AprLifecycleListener     :173  [32m        [0;39m APR/OpenSSL configuration: useAprConnector [false], useOpenSSL [true]
2023-04-28 20:51:30.458 INFO  org.apache.catalina.core.AprLifecycleListener     :173  [32m        [0;39m OpenSSL successfully initialized [OpenSSL 1.1.1o  3 May 2022]
2023-04-28 20:51:30.580 INFO  o.a.c.core.ContainerBase.[Tomcat].[localhost].[/] :173  [32m        [0;39m Initializing Spring embedded WebApplicationContext
2023-04-28 20:51:30.580 INFO  o.s.b.w.s.c.ServletWebServerApplicationContext    :290  [32m        [0;39m Root WebApplicationContext: initialization completed in 1855 ms
2023-04-28 20:51:31.336 INFO  c.s.j.server.impl.application.WebApplicationImpl  :815  [32m        [0;39m Initiating Jersey application, version 'Jersey: 1.19.4 05/24/2017 03:20 PM'
2023-04-28 20:51:31.418 INFO  c.n.discovery.provider.DiscoveryJerseyProvider    :70   [32m        [0;39m Using JSON encoding codec LegacyJacksonJson
2023-04-28 20:51:31.419 INFO  c.n.discovery.provider.DiscoveryJerseyProvider    :71   [32m        [0;39m Using JSON decoding codec LegacyJacksonJson
2023-04-28 20:51:31.617 INFO  c.n.discovery.provider.DiscoveryJerseyProvider    :80   [32m        [0;39m Using XML encoding codec XStreamXml
2023-04-28 20:51:31.618 INFO  c.n.discovery.provider.DiscoveryJerseyProvider    :81   [32m        [0;39m Using XML decoding codec XStreamXml
2023-04-28 20:51:34.352 INFO  o.s.c.n.e.c.DiscoveryClientOptionalArgsConfiguration:87   [32m        [0;39m Eureka HTTP Client uses Jersey
2023-04-28 20:51:34.405 WARN  o.s.c.l.c.LoadBalancerCacheAutoConfiguration$LoadBalancerCaffeineWarnLogger:82   [32m        [0;39m Spring Cloud LoadBalancer is currently working with the default cache. You can switch to using Caffeine cache, by adding it and org.springframework.cache.caffeine.CaffeineCacheManager to the classpath.
2023-04-28 20:51:34.420 INFO  o.s.cloud.netflix.eureka.InstanceInfoFactory      :67   [32m        [0;39m Setting initial instance status as: STARTING
2023-04-28 20:51:34.439 INFO  com.netflix.discovery.DiscoveryClient             :372  [32m        [0;39m Initializing Eureka in region us-east-1
2023-04-28 20:51:34.440 INFO  com.netflix.discovery.DiscoveryClient             :375  [32m        [0;39m Client configured to neither register nor query for data.
2023-04-28 20:51:34.446 INFO  com.netflix.discovery.DiscoveryClient             :390  [32m        [0;39m Discovery Client initialized at timestamp 1682686294444 with initial instances count: 0
2023-04-28 20:51:34.471 INFO  com.netflix.eureka.DefaultEurekaServerContext     :66   [32m        [0;39m Initializing ...
2023-04-28 20:51:34.473 INFO  com.netflix.eureka.cluster.PeerEurekaNodes        :187  [32m        [0;39m Adding new peer nodes [http://domain-eureka:8761/eureka/]
2023-04-28 20:51:34.620 INFO  c.n.discovery.provider.DiscoveryJerseyProvider    :70   [32m        [0;39m Using JSON encoding codec LegacyJacksonJson
2023-04-28 20:51:34.621 INFO  c.n.discovery.provider.DiscoveryJerseyProvider    :71   [32m        [0;39m Using JSON decoding codec LegacyJacksonJson
2023-04-28 20:51:34.621 INFO  c.n.discovery.provider.DiscoveryJerseyProvider    :80   [32m        [0;39m Using XML encoding codec XStreamXml
2023-04-28 20:51:34.621 INFO  c.n.discovery.provider.DiscoveryJerseyProvider    :81   [32m        [0;39m Using XML decoding codec XStreamXml
2023-04-28 20:51:34.717 INFO  com.netflix.eureka.cluster.PeerEurekaNodes        :109  [32m        [0;39m Replica node URL:  http://domain-eureka:8761/eureka/
2023-04-28 20:51:34.724 INFO  c.netflix.eureka.registry.AbstractInstanceRegistry:153  [32m        [0;39m Finished initializing remote region registries. All known remote regions: []
2023-04-28 20:51:34.725 INFO  com.netflix.eureka.DefaultEurekaServerContext     :73   [32m        [0;39m Initialized
2023-04-28 20:51:34.738 INFO  o.s.b.actuate.endpoint.web.EndpointLinksResolver  :58   [32m        [0;39m Exposing 1 endpoint(s) beneath base path '/actuator'
2023-04-28 20:51:34.807 INFO  o.s.c.n.e.serviceregistry.EurekaServiceRegistry   :41   [32m        [0;39m Registering application DOUDING-EUREKA with eureka with status UP
2023-04-28 20:51:34.809 INFO  org.apache.coyote.http11.Http11NioProtocol        :173  [32m        [0;39m Starting ProtocolHandler ["http-nio-8761"]
2023-04-28 20:51:34.809 INFO  o.s.c.netflix.eureka.server.EurekaServerBootstrap :97   [32m        [0;39m Setting the eureka configuration..
2023-04-28 20:51:34.817 INFO  o.s.c.netflix.eureka.server.EurekaServerBootstrap :148  [32m        [0;39m isAws returned false
2023-04-28 20:51:34.818 INFO  o.s.c.netflix.eureka.server.EurekaServerBootstrap :114  [32m        [0;39m Initialized server context
2023-04-28 20:51:34.818 INFO  c.n.eureka.registry.PeerAwareInstanceRegistryImpl :244  [32m        [0;39m Got 1 instances from neighboring DS node
2023-04-28 20:51:34.818 INFO  c.n.eureka.registry.PeerAwareInstanceRegistryImpl :245  [32m        [0;39m Renew threshold is: 1
2023-04-28 20:51:34.818 INFO  c.n.eureka.registry.PeerAwareInstanceRegistryImpl :256  [32m        [0;39m Changing status to UP
2023-04-28 20:51:34.825 INFO  o.s.c.n.e.s.EurekaServerInitializerConfiguration  :69   [32m        [0;39m Started Eureka Server
2023-04-28 20:51:34.831 INFO  o.s.boot.web.embedded.tomcat.TomcatWebServer      :220  [32m        [0;39m Tomcat started on port(s): 8761 (http) with context path ''
2023-04-28 20:51:34.833 INFO  o.s.c.n.e.s.EurekaAutoServiceRegistration         :144  [32m        [0;39m Updating port to 8761
2023-04-28 20:51:35.371 INFO  com.douding.EurekaApplication                     :61   [32m        [0;39m Started EurekaApplication in 8.338 seconds (JVM running for 11.221)
2023-04-28 20:51:35.378 INFO  com.douding.EurekaApplication                     :21   [32m        [0;39m 启动成功！！
2023-04-28 20:51:35.378 INFO  com.douding.EurekaApplication                     :22   [32m        [0;39m Eureka地址: 	http://127.0.0.1:8761
2023-04-28 20:51:36.252 INFO  o.a.c.core.ContainerBase.[Tomcat].[localhost].[/] :173  [32m        [0;39m Initializing Spring DispatcherServlet 'dispatcherServlet'
2023-04-28 20:51:36.252 INFO  org.springframework.web.servlet.DispatcherServlet :525  [32m        [0;39m Initializing Servlet 'dispatcherServlet'
2023-04-28 20:51:36.254 INFO  org.springframework.web.servlet.DispatcherServlet :547  [32m        [0;39m Completed initialization in 2 ms
2023-04-28 20:52:34.820 INFO  c.netflix.eureka.registry.AbstractInstanceRegistry:1247 [32m        [0;39m Running the evict task with compensationTime 0ms
2023-04-28 20:53:34.821 INFO  c.netflix.eureka.registry.AbstractInstanceRegistry:1247 [32m        [0;39m Running the evict task with compensationTime 0ms
2023-04-28 20:54:34.821 INFO  c.netflix.eureka.registry.AbstractInstanceRegistry:1247 [32m        [0;39m Running the evict task with compensationTime 0ms
2023-04-28 20:55:34.822 INFO  c.netflix.eureka.registry.AbstractInstanceRegistry:1247 [32m        [0;39m Running the evict task with compensationTime 0ms
2023-04-28 20:56:34.823 INFO  c.netflix.eureka.registry.AbstractInstanceRegistry:1247 [32m        [0;39m Running the evict task with compensationTime 0ms
2023-04-28 20:57:34.824 INFO  c.netflix.eureka.registry.AbstractInstanceRegistry:1247 [32m        [0;39m Running the evict task with compensationTime 0ms
2023-04-28 20:58:34.825 INFO  c.netflix.eureka.registry.AbstractInstanceRegistry:1247 [32m        [0;39m Running the evict task with compensationTime 0ms
2023-04-28 20:59:34.825 INFO  c.netflix.eureka.registry.AbstractInstanceRegistry:1247 [32m        [0;39m Running the evict task with compensationTime 0ms
2023-04-28 21:00:34.826 INFO  c.netflix.eureka.registry.AbstractInstanceRegistry:1247 [32m        [0;39m Running the evict task with compensationTime 0ms
2023-04-28 21:01:34.826 INFO  c.netflix.eureka.registry.AbstractInstanceRegistry:1247 [32m        [0;39m Running the evict task with compensationTime 0ms
2023-04-28 21:02:34.826 INFO  c.netflix.eureka.registry.AbstractInstanceRegistry:1247 [32m        [0;39m Running the evict task with compensationTime 0ms
2023-04-28 21:03:34.827 INFO  c.netflix.eureka.registry.AbstractInstanceRegistry:1247 [32m        [0;39m Running the evict task with compensationTime 0ms
2023-04-28 21:04:34.827 INFO  c.netflix.eureka.registry.AbstractInstanceRegistry:1247 [32m        [0;39m Running the evict task with compensationTime 0ms
2023-04-28 21:05:34.828 INFO  c.netflix.eureka.registry.AbstractInstanceRegistry:1247 [32m        [0;39m Running the evict task with compensationTime 0ms
2023-04-28 21:06:34.724 INFO  c.n.eureka.registry.PeerAwareInstanceRegistryImpl :552  [32m        [0;39m Current renewal threshold is : 1
2023-04-28 21:06:34.829 INFO  c.netflix.eureka.registry.AbstractInstanceRegistry:1247 [32m        [0;39m Running the evict task with compensationTime 0ms
2023-04-28 21:07:34.829 INFO  c.netflix.eureka.registry.AbstractInstanceRegistry:1247 [32m        [0;39m Running the evict task with compensationTime 0ms
2023-04-28 21:08:34.829 INFO  c.netflix.eureka.registry.AbstractInstanceRegistry:1247 [32m        [0;39m Running the evict task with compensationTime 0ms
2023-04-28 21:09:34.830 INFO  c.netflix.eureka.registry.AbstractInstanceRegistry:1247 [32m        [0;39m Running the evict task with compensationTime 0ms
2023-04-28 21:10:34.830 INFO  c.netflix.eureka.registry.AbstractInstanceRegistry:1247 [32m        [0;39m Running the evict task with compensationTime 0ms
2023-04-28 21:11:34.830 INFO  c.netflix.eureka.registry.AbstractInstanceRegistry:1247 [32m        [0;39m Running the evict task with compensationTime 0ms
2023-04-28 21:12:34.831 INFO  c.netflix.eureka.registry.AbstractInstanceRegistry:1247 [32m        [0;39m Running the evict task with compensationTime 0ms
2023-04-28 21:13:34.831 INFO  c.netflix.eureka.registry.AbstractInstanceRegistry:1247 [32m        [0;39m Running the evict task with compensationTime 0ms
2023-04-28 21:14:34.832 INFO  c.netflix.eureka.registry.AbstractInstanceRegistry:1247 [32m        [0;39m Running the evict task with compensationTime 0ms
2023-04-28 21:15:34.833 INFO  c.netflix.eureka.registry.AbstractInstanceRegistry:1247 [32m        [0;39m Running the evict task with compensationTime 0ms
2023-04-28 21:16:34.833 INFO  c.netflix.eureka.registry.AbstractInstanceRegistry:1247 [32m        [0;39m Running the evict task with compensationTime 0ms
2023-04-28 21:17:34.834 INFO  c.netflix.eureka.registry.AbstractInstanceRegistry:1247 [32m        [0;39m Running the evict task with compensationTime 0ms
2023-04-28 21:18:34.834 INFO  c.netflix.eureka.registry.AbstractInstanceRegistry:1247 [32m        [0;39m Running the evict task with compensationTime 0ms
2023-04-28 21:19:34.835 INFO  c.netflix.eureka.registry.AbstractInstanceRegistry:1247 [32m        [0;39m Running the evict task with compensationTime 0ms
2023-04-28 21:20:34.835 INFO  c.netflix.eureka.registry.AbstractInstanceRegistry:1247 [32m        [0;39m Running the evict task with compensationTime 0ms
2023-04-28 21:21:34.725 INFO  c.n.eureka.registry.PeerAwareInstanceRegistryImpl :552  [32m        [0;39m Current renewal threshold is : 1
2023-04-28 21:21:34.836 INFO  c.netflix.eureka.registry.AbstractInstanceRegistry:1247 [32m        [0;39m Running the evict task with compensationTime 0ms
2023-04-28 21:22:34.836 INFO  c.netflix.eureka.registry.AbstractInstanceRegistry:1247 [32m        [0;39m Running the evict task with compensationTime 0ms
2023-04-28 21:23:34.837 INFO  c.netflix.eureka.registry.AbstractInstanceRegistry:1247 [32m        [0;39m Running the evict task with compensationTime 0ms
2023-04-28 21:24:34.838 INFO  c.netflix.eureka.registry.AbstractInstanceRegistry:1247 [32m        [0;39m Running the evict task with compensationTime 0ms
2023-04-28 21:24:45.680 WARN  c.netflix.eureka.registry.AbstractInstanceRegistry:360  [32m        [0;39m DS: Registry: lease doesn't exist, registering resource: DOUDING-CONFIG - DESKTOP-BNRK1OD:douding-config:8888
2023-04-28 21:24:45.681 WARN  com.netflix.eureka.resources.InstanceResource     :116  [32m        [0;39m Not Found (Renew): DOUDING-CONFIG - DESKTOP-BNRK1OD:douding-config:8888
2023-04-28 21:24:45.718 INFO  c.netflix.eureka.registry.AbstractInstanceRegistry:266  [32m        [0;39m Registered instance DOUDING-CONFIG/DESKTOP-BNRK1OD:douding-config:8888 with status UP (replication=false)
2023-04-28 21:24:45.718 INFO  c.netflix.eureka.registry.AbstractInstanceRegistry:266  [32m        [0;39m Registered instance DOUDING-CONFIG/DESKTOP-BNRK1OD:douding-config:8888 with status UP (replication=false)
2023-04-28 21:24:46.292 WARN  c.netflix.eureka.registry.AbstractInstanceRegistry:215  [32m        [0;39m There is an existing lease and the existing lease's dirty timestamp 1682688285696 is greater than the one that is being registered 1682687630332
2023-04-28 21:24:46.292 WARN  c.netflix.eureka.registry.AbstractInstanceRegistry:217  [32m        [0;39m Using the existing instanceInfo instead of the new instanceInfo as the registrant
2023-04-28 21:24:46.293 INFO  c.netflix.eureka.registry.AbstractInstanceRegistry:266  [32m        [0;39m Registered instance DOUDING-CONFIG/DESKTOP-BNRK1OD:douding-config:8888 with status UP (replication=true)
2023-04-28 21:25:27.088 INFO  c.netflix.eureka.registry.AbstractInstanceRegistry:266  [32m        [0;39m Registered instance DOUDING-CONFIG/DESKTOP-BNRK1OD:douding-config:8888 with status DOWN (replication=false)
2023-04-28 21:25:27.598 INFO  c.netflix.eureka.registry.AbstractInstanceRegistry:266  [32m        [0;39m Registered instance DOUDING-CONFIG/DESKTOP-BNRK1OD:douding-config:8888 with status DOWN (replication=true)
2023-04-28 21:25:30.422 INFO  c.netflix.eureka.registry.AbstractInstanceRegistry:328  [32m        [0;39m Cancelled instance DOUDING-CONFIG/DESKTOP-BNRK1OD:douding-config:8888 (replication=false)
2023-04-28 21:25:30.932 WARN  c.netflix.eureka.registry.AbstractInstanceRegistry:313  [32m        [0;39m DS: Registry: cancel failed because Lease is not registered for: DOUDING-CONFIG/DESKTOP-BNRK1OD:douding-config:8888
2023-04-28 21:25:30.932 INFO  com.netflix.eureka.resources.InstanceResource     :288  [32m        [0;39m Not Found (Cancel): DOUDING-CONFIG - DESKTOP-BNRK1OD:douding-config:8888
2023-04-28 21:25:30.933 WARN  com.netflix.eureka.cluster.ReplicationTask        :35   [32m        [0;39m The replication of task DOUDING-CONFIG/DESKTOP-BNRK1OD:douding-config:8888:Cancel@domain-eureka failed with response code 404
2023-04-28 21:25:30.933 WARN  com.netflix.eureka.cluster.PeerEurekaNode         :171  [32m        [0;39m DOUDING-CONFIG/DESKTOP-BNRK1OD:douding-config:8888:Cancel@domain-eureka: missing entry.
2023-04-28 21:25:34.839 INFO  c.netflix.eureka.registry.AbstractInstanceRegistry:1247 [32m        [0;39m Running the evict task with compensationTime 0ms
2023-04-28 21:25:39.201 INFO  c.netflix.eureka.registry.AbstractInstanceRegistry:266  [32m        [0;39m Registered instance DOUDING-CONFIG/DESKTOP-BNRK1OD:douding-config:8888 with status UP (replication=false)
2023-04-28 21:25:39.708 INFO  c.netflix.eureka.registry.AbstractInstanceRegistry:266  [32m        [0;39m Registered instance DOUDING-CONFIG/DESKTOP-BNRK1OD:douding-config:8888 with status UP (replication=true)
2023-04-28 21:26:34.839 INFO  c.netflix.eureka.registry.AbstractInstanceRegistry:1247 [32m        [0;39m Running the evict task with compensationTime 0ms
2023-04-28 21:27:34.840 INFO  c.netflix.eureka.registry.AbstractInstanceRegistry:1247 [32m        [0;39m Running the evict task with compensationTime 0ms
2023-04-28 21:28:34.840 INFO  c.netflix.eureka.registry.AbstractInstanceRegistry:1247 [32m        [0;39m Running the evict task with compensationTime 0ms
2023-04-28 21:29:18.444 INFO  c.netflix.eureka.registry.AbstractInstanceRegistry:266  [32m        [0;39m Registered instance API-SYSTEM/DESKTOP-BNRK1OD:api-system:9001 with status UP (replication=false)
2023-04-28 21:29:18.953 INFO  c.netflix.eureka.registry.AbstractInstanceRegistry:266  [32m        [0;39m Registered instance API-SYSTEM/DESKTOP-BNRK1OD:api-system:9001 with status UP (replication=true)
2023-04-28 21:29:34.841 INFO  c.netflix.eureka.registry.AbstractInstanceRegistry:1247 [32m        [0;39m Running the evict task with compensationTime 0ms
2023-04-28 21:30:06.453 INFO  c.netflix.eureka.registry.AbstractInstanceRegistry:266  [32m        [0;39m Registered instance API-BUSINESS/DESKTOP-BNRK1OD:api-business:9002 with status UP (replication=false)
2023-04-28 21:30:06.962 INFO  c.netflix.eureka.registry.AbstractInstanceRegistry:266  [32m        [0;39m Registered instance API-BUSINESS/DESKTOP-BNRK1OD:api-business:9002 with status UP (replication=true)
2023-04-28 21:30:34.841 INFO  c.netflix.eureka.registry.AbstractInstanceRegistry:1247 [32m        [0;39m Running the evict task with compensationTime 0ms
2023-04-28 21:30:40.630 INFO  c.netflix.eureka.registry.AbstractInstanceRegistry:266  [32m        [0;39m Registered instance API-FILE/DESKTOP-BNRK1OD:api-file:9003 with status UP (replication=false)
2023-04-28 21:30:41.138 INFO  c.netflix.eureka.registry.AbstractInstanceRegistry:266  [32m        [0;39m Registered instance API-FILE/DESKTOP-BNRK1OD:api-file:9003 with status UP (replication=true)
2023-04-28 21:31:31.095 WARN  c.netflix.eureka.registry.AbstractInstanceRegistry:790  [32m        [0;39m No remote registry available for the remote region us-east-1
2023-04-28 21:31:34.842 INFO  c.netflix.eureka.registry.AbstractInstanceRegistry:1247 [32m        [0;39m Running the evict task with compensationTime 0ms
2023-04-28 21:31:35.513 INFO  c.netflix.eureka.registry.AbstractInstanceRegistry:266  [32m        [0;39m Registered instance DOUDING-GATEWAY/DESKTOP-BNRK1OD:douding-gateway:9000 with status UP (replication=false)
2023-04-28 21:31:36.020 INFO  c.netflix.eureka.registry.AbstractInstanceRegistry:266  [32m        [0;39m Registered instance DOUDING-GATEWAY/DESKTOP-BNRK1OD:douding-gateway:9000 with status UP (replication=true)
2023-04-28 21:32:00.045 WARN  c.netflix.eureka.registry.AbstractInstanceRegistry:790  [32m        [0;39m No remote registry available for the remote region us-east-1
2023-04-28 21:32:34.842 INFO  c.netflix.eureka.registry.AbstractInstanceRegistry:1247 [32m        [0;39m Running the evict task with compensationTime 0ms
2023-04-28 21:33:34.843 INFO  c.netflix.eureka.registry.AbstractInstanceRegistry:1247 [32m        [0;39m Running the evict task with compensationTime 0ms
2023-04-28 21:34:34.844 INFO  c.netflix.eureka.registry.AbstractInstanceRegistry:1247 [32m        [0;39m Running the evict task with compensationTime 0ms
2023-04-28 21:35:00.047 WARN  c.netflix.eureka.registry.AbstractInstanceRegistry:790  [32m        [0;39m No remote registry available for the remote region us-east-1
2023-04-28 21:35:34.844 INFO  c.netflix.eureka.registry.AbstractInstanceRegistry:1247 [32m        [0;39m Running the evict task with compensationTime 0ms
2023-04-28 21:36:34.726 INFO  c.n.eureka.registry.PeerAwareInstanceRegistryImpl :552  [32m        [0;39m Current renewal threshold is : 11
2023-04-28 21:36:34.845 INFO  c.netflix.eureka.registry.AbstractInstanceRegistry:1247 [32m        [0;39m Running the evict task with compensationTime 0ms
2023-04-28 21:37:34.845 INFO  c.netflix.eureka.registry.AbstractInstanceRegistry:1247 [32m        [0;39m Running the evict task with compensationTime 0ms
2023-04-28 21:38:00.049 WARN  c.netflix.eureka.registry.AbstractInstanceRegistry:790  [32m        [0;39m No remote registry available for the remote region us-east-1
2023-04-28 21:38:34.846 INFO  c.netflix.eureka.registry.AbstractInstanceRegistry:1247 [32m        [0;39m Running the evict task with compensationTime 0ms
2023-04-28 21:39:34.846 INFO  c.netflix.eureka.registry.AbstractInstanceRegistry:1247 [32m        [0;39m Running the evict task with compensationTime 0ms
2023-04-28 21:40:34.847 INFO  c.netflix.eureka.registry.AbstractInstanceRegistry:1247 [32m        [0;39m Running the evict task with compensationTime 0ms
2023-04-28 21:41:00.066 WARN  c.netflix.eureka.registry.AbstractInstanceRegistry:790  [32m        [0;39m No remote registry available for the remote region us-east-1
2023-04-28 21:41:34.847 INFO  c.netflix.eureka.registry.AbstractInstanceRegistry:1247 [32m        [0;39m Running the evict task with compensationTime 0ms
2023-04-28 21:42:34.847 INFO  c.netflix.eureka.registry.AbstractInstanceRegistry:1247 [32m        [0;39m Running the evict task with compensationTime 0ms
2023-04-28 21:43:34.848 INFO  c.netflix.eureka.registry.AbstractInstanceRegistry:1247 [32m        [0;39m Running the evict task with compensationTime 0ms
2023-04-28 21:44:00.069 WARN  c.netflix.eureka.registry.AbstractInstanceRegistry:790  [32m        [0;39m No remote registry available for the remote region us-east-1
2023-04-28 21:44:34.848 INFO  c.netflix.eureka.registry.AbstractInstanceRegistry:1247 [32m        [0;39m Running the evict task with compensationTime 0ms
2023-04-28 21:45:34.848 INFO  c.netflix.eureka.registry.AbstractInstanceRegistry:1247 [32m        [0;39m Running the evict task with compensationTime 0ms
2023-04-28 21:46:34.849 INFO  c.netflix.eureka.registry.AbstractInstanceRegistry:1247 [32m        [0;39m Running the evict task with compensationTime 0ms
2023-04-28 21:47:00.084 WARN  c.netflix.eureka.registry.AbstractInstanceRegistry:790  [32m        [0;39m No remote registry available for the remote region us-east-1
2023-04-28 21:47:34.849 INFO  c.netflix.eureka.registry.AbstractInstanceRegistry:1247 [32m        [0;39m Running the evict task with compensationTime 0ms
2023-04-28 21:48:34.849 INFO  c.netflix.eureka.registry.AbstractInstanceRegistry:1247 [32m        [0;39m Running the evict task with compensationTime 0ms
2023-04-28 21:49:34.850 INFO  c.netflix.eureka.registry.AbstractInstanceRegistry:1247 [32m        [0;39m Running the evict task with compensationTime 0ms
2023-04-28 21:50:00.086 WARN  c.netflix.eureka.registry.AbstractInstanceRegistry:790  [32m        [0;39m No remote registry available for the remote region us-east-1
2023-04-28 21:50:34.851 INFO  c.netflix.eureka.registry.AbstractInstanceRegistry:1247 [32m        [0;39m Running the evict task with compensationTime 0ms
2023-04-28 21:51:34.731 INFO  c.n.eureka.registry.PeerAwareInstanceRegistryImpl :552  [32m        [0;39m Current renewal threshold is : 11
2023-04-28 21:51:34.852 INFO  c.netflix.eureka.registry.AbstractInstanceRegistry:1247 [32m        [0;39m Running the evict task with compensationTime 0ms
2023-04-28 21:52:34.852 INFO  c.netflix.eureka.registry.AbstractInstanceRegistry:1247 [32m        [0;39m Running the evict task with compensationTime 0ms
2023-04-28 21:53:00.090 WARN  c.netflix.eureka.registry.AbstractInstanceRegistry:790  [32m        [0;39m No remote registry available for the remote region us-east-1
2023-04-28 21:53:34.852 INFO  c.netflix.eureka.registry.AbstractInstanceRegistry:1247 [32m        [0;39m Running the evict task with compensationTime 0ms
2023-04-28 21:54:34.852 INFO  c.netflix.eureka.registry.AbstractInstanceRegistry:1247 [32m        [0;39m Running the evict task with compensationTime 0ms
2023-04-28 21:55:34.853 INFO  c.netflix.eureka.registry.AbstractInstanceRegistry:1247 [32m        [0;39m Running the evict task with compensationTime 0ms
2023-04-28 21:56:00.094 WARN  c.netflix.eureka.registry.AbstractInstanceRegistry:790  [32m        [0;39m No remote registry available for the remote region us-east-1
2023-04-28 21:56:22.216 INFO  o.s.c.n.e.serviceregistry.EurekaServiceRegistry   :62   [32m        [0;39m Unregistering application DOUDING-EUREKA with eureka with status DOWN
2023-04-28 21:56:22.547 INFO  o.s.c.netflix.eureka.server.EurekaServerBootstrap :83   [32m        [0;39m Shutting down Eureka Server..
2023-04-28 21:56:22.554 INFO  com.netflix.eureka.DefaultEurekaServerContext     :79   [32m        [0;39m Shutting down ...
2023-04-28 21:56:22.555 INFO  com.netflix.servo.monitor.StatsMonitor            :426  [32m        [0;39m Attempting to get the value for an expired monitor: eurekaServer.replication.batchSize.Will start computing stats again.
2023-04-28 21:56:22.557 INFO  com.netflix.servo.monitor.StatsMonitor            :426  [32m        [0;39m Attempting to get the value for an expired monitor: eurekaServer.replication.executionTime.Will start computing stats again.
2023-04-28 21:56:22.558 INFO  com.netflix.servo.monitor.StatsMonitor            :426  [32m        [0;39m Attempting to get the value for an expired monitor: eurekaServer.replication.executionTime.Will start computing stats again.
2023-04-28 21:56:22.559 INFO  com.netflix.servo.monitor.StatsMonitor            :426  [32m        [0;39m Attempting to get the value for an expired monitor: eurekaServer.replication.batchSize.Will start computing stats again.
2023-04-28 21:56:22.572 INFO  com.netflix.eureka.DefaultEurekaServerContext     :84   [32m        [0;39m Shut down
2023-04-28 21:56:22.572 INFO  o.s.c.netflix.eureka.server.EurekaServerBootstrap :93   [32m        [0;39m Eureka Service is now shutdown...
2023-04-28 21:56:22.574 INFO  com.netflix.eureka.DefaultEurekaServerContext     :79   [32m        [0;39m Shutting down ...
2023-04-28 21:56:22.579 INFO  com.netflix.eureka.DefaultEurekaServerContext     :84   [32m        [0;39m Shut down
2023-04-28 21:56:22.595 INFO  com.netflix.discovery.DiscoveryClient             :935  [32m        [0;39m Shutting down DiscoveryClient ...
2023-04-28 21:56:22.596 INFO  com.netflix.discovery.DiscoveryClient             :960  [32m        [0;39m Completed shut down of DiscoveryClient
2023-04-28 21:59:54.127 INFO  org.hibernate.validator.internal.util.Version     :21   [32m        [0;39m HV000001: Hibernate Validator 6.2.0.Final
2023-04-28 21:59:54.135 INFO  com.douding.EurekaApplication                     :55   [32m        [0;39m Starting EurekaApplication using Java 11.0.19 on DESKTOP-BNRK1OD with PID 7984 (D:\java\idea\workSpace\yizhi2\DouDing\douding-eureka\target\classes started by mizhouzhou in D:\java\idea\workSpace\yizhi2)
2023-04-28 21:59:54.136 INFO  com.douding.EurekaApplication                     :659  [32m        [0;39m No active profile set, falling back to default profiles: default
2023-04-28 21:59:55.076 INFO  o.springframework.cloud.context.scope.GenericScope:283  [32m        [0;39m BeanFactory id=22aef32b-6694-37e5-ac0c-88b027b6c8a3
2023-04-28 21:59:55.273 INFO  o.s.boot.web.embedded.tomcat.TomcatWebServer      :108  [32m        [0;39m Tomcat initialized with port(s): 8761 (http)
2023-04-28 21:59:55.283 INFO  org.apache.coyote.http11.Http11NioProtocol        :173  [32m        [0;39m Initializing ProtocolHandler ["http-nio-8761"]
2023-04-28 21:59:55.283 INFO  org.apache.catalina.core.StandardService          :173  [32m        [0;39m Starting service [Tomcat]
2023-04-28 21:59:55.283 INFO  org.apache.catalina.core.StandardEngine           :173  [32m        [0;39m Starting Servlet engine: [Apache Tomcat/9.0.50]
2023-04-28 21:59:55.285 INFO  org.apache.catalina.core.AprLifecycleListener     :173  [32m        [0;39m Loaded Apache Tomcat Native library [1.2.34] using APR version [1.7.0].
2023-04-28 21:59:55.285 INFO  org.apache.catalina.core.AprLifecycleListener     :173  [32m        [0;39m APR capabilities: IPv6 [true], sendfile [true], accept filters [false], random [true], UDS [true].
2023-04-28 21:59:55.285 INFO  org.apache.catalina.core.AprLifecycleListener     :173  [32m        [0;39m APR/OpenSSL configuration: useAprConnector [false], useOpenSSL [true]
2023-04-28 21:59:55.288 INFO  org.apache.catalina.core.AprLifecycleListener     :173  [32m        [0;39m OpenSSL successfully initialized [OpenSSL 1.1.1o  3 May 2022]
2023-04-28 21:59:55.367 INFO  o.a.c.core.ContainerBase.[Tomcat].[localhost].[/] :173  [32m        [0;39m Initializing Spring embedded WebApplicationContext
2023-04-28 21:59:55.368 INFO  o.s.b.w.s.c.ServletWebServerApplicationContext    :290  [32m        [0;39m Root WebApplicationContext: initialization completed in 1192 ms
2023-04-28 21:59:55.715 INFO  c.s.j.server.impl.application.WebApplicationImpl  :815  [32m        [0;39m Initiating Jersey application, version 'Jersey: 1.19.4 05/24/2017 03:20 PM'
2023-04-28 21:59:55.762 INFO  c.n.discovery.provider.DiscoveryJerseyProvider    :70   [32m        [0;39m Using JSON encoding codec LegacyJacksonJson
2023-04-28 21:59:55.763 INFO  c.n.discovery.provider.DiscoveryJerseyProvider    :71   [32m        [0;39m Using JSON decoding codec LegacyJacksonJson
2023-04-28 21:59:55.868 INFO  c.n.discovery.provider.DiscoveryJerseyProvider    :80   [32m        [0;39m Using XML encoding codec XStreamXml
2023-04-28 21:59:55.868 INFO  c.n.discovery.provider.DiscoveryJerseyProvider    :81   [32m        [0;39m Using XML decoding codec XStreamXml
2023-04-28 21:59:57.290 INFO  o.s.c.n.e.c.DiscoveryClientOptionalArgsConfiguration:87   [32m        [0;39m Eureka HTTP Client uses Jersey
2023-04-28 21:59:57.328 WARN  o.s.c.l.c.LoadBalancerCacheAutoConfiguration$LoadBalancerCaffeineWarnLogger:82   [32m        [0;39m Spring Cloud LoadBalancer is currently working with the default cache. You can switch to using Caffeine cache, by adding it and org.springframework.cache.caffeine.CaffeineCacheManager to the classpath.
2023-04-28 21:59:57.341 INFO  o.s.cloud.netflix.eureka.InstanceInfoFactory      :67   [32m        [0;39m Setting initial instance status as: STARTING
2023-04-28 21:59:57.357 INFO  com.netflix.discovery.DiscoveryClient             :372  [32m        [0;39m Initializing Eureka in region us-east-1
2023-04-28 21:59:57.357 INFO  com.netflix.discovery.DiscoveryClient             :375  [32m        [0;39m Client configured to neither register nor query for data.
2023-04-28 21:59:57.361 INFO  com.netflix.discovery.DiscoveryClient             :390  [32m        [0;39m Discovery Client initialized at timestamp 1682690397360 with initial instances count: 0
2023-04-28 21:59:57.382 INFO  com.netflix.eureka.DefaultEurekaServerContext     :66   [32m        [0;39m Initializing ...
2023-04-28 21:59:57.383 INFO  com.netflix.eureka.cluster.PeerEurekaNodes        :187  [32m        [0;39m Adding new peer nodes [http://domain-eureka:8761/eureka/]
2023-04-28 21:59:57.483 INFO  c.n.discovery.provider.DiscoveryJerseyProvider    :70   [32m        [0;39m Using JSON encoding codec LegacyJacksonJson
2023-04-28 21:59:57.483 INFO  c.n.discovery.provider.DiscoveryJerseyProvider    :71   [32m        [0;39m Using JSON decoding codec LegacyJacksonJson
2023-04-28 21:59:57.483 INFO  c.n.discovery.provider.DiscoveryJerseyProvider    :80   [32m        [0;39m Using XML encoding codec XStreamXml
2023-04-28 21:59:57.483 INFO  c.n.discovery.provider.DiscoveryJerseyProvider    :81   [32m        [0;39m Using XML decoding codec XStreamXml
2023-04-28 21:59:57.580 INFO  com.netflix.eureka.cluster.PeerEurekaNodes        :109  [32m        [0;39m Replica node URL:  http://domain-eureka:8761/eureka/
2023-04-28 21:59:57.589 INFO  c.netflix.eureka.registry.AbstractInstanceRegistry:153  [32m        [0;39m Finished initializing remote region registries. All known remote regions: []
2023-04-28 21:59:57.590 INFO  com.netflix.eureka.DefaultEurekaServerContext     :73   [32m        [0;39m Initialized
2023-04-28 21:59:57.600 INFO  o.s.b.actuate.endpoint.web.EndpointLinksResolver  :58   [32m        [0;39m Exposing 1 endpoint(s) beneath base path '/actuator'
2023-04-28 21:59:57.655 INFO  o.s.c.n.e.serviceregistry.EurekaServiceRegistry   :41   [32m        [0;39m Registering application DOUDING-EUREKA with eureka with status UP
2023-04-28 21:59:57.657 INFO  org.apache.coyote.http11.Http11NioProtocol        :173  [32m        [0;39m Starting ProtocolHandler ["http-nio-8761"]
2023-04-28 21:59:57.657 INFO  o.s.c.netflix.eureka.server.EurekaServerBootstrap :97   [32m        [0;39m Setting the eureka configuration..
2023-04-28 21:59:57.663 INFO  o.s.c.netflix.eureka.server.EurekaServerBootstrap :148  [32m        [0;39m isAws returned false
2023-04-28 21:59:57.664 INFO  o.s.c.netflix.eureka.server.EurekaServerBootstrap :114  [32m        [0;39m Initialized server context
2023-04-28 21:59:57.664 INFO  c.n.eureka.registry.PeerAwareInstanceRegistryImpl :244  [32m        [0;39m Got 1 instances from neighboring DS node
2023-04-28 21:59:57.664 INFO  c.n.eureka.registry.PeerAwareInstanceRegistryImpl :245  [32m        [0;39m Renew threshold is: 1
2023-04-28 21:59:57.664 INFO  c.n.eureka.registry.PeerAwareInstanceRegistryImpl :256  [32m        [0;39m Changing status to UP
2023-04-28 21:59:57.670 INFO  o.s.c.n.e.s.EurekaServerInitializerConfiguration  :69   [32m        [0;39m Started Eureka Server
2023-04-28 21:59:57.674 INFO  o.s.boot.web.embedded.tomcat.TomcatWebServer      :220  [32m        [0;39m Tomcat started on port(s): 8761 (http) with context path ''
2023-04-28 21:59:57.674 INFO  o.s.c.n.e.s.EurekaAutoServiceRegistration         :144  [32m        [0;39m Updating port to 8761
2023-04-28 21:59:58.155 INFO  com.douding.EurekaApplication                     :61   [32m        [0;39m Started EurekaApplication in 5.159 seconds (JVM running for 6.307)
2023-04-28 21:59:58.160 INFO  com.douding.EurekaApplication                     :21   [32m        [0;39m 启动成功！！
2023-04-28 21:59:58.160 INFO  com.douding.EurekaApplication                     :22   [32m        [0;39m Eureka地址: 	http://127.0.0.1:8761
2023-04-28 21:59:58.389 INFO  o.a.c.core.ContainerBase.[Tomcat].[localhost].[/] :173  [32m        [0;39m Initializing Spring DispatcherServlet 'dispatcherServlet'
2023-04-28 21:59:58.389 INFO  org.springframework.web.servlet.DispatcherServlet :525  [32m        [0;39m Initializing Servlet 'dispatcherServlet'
2023-04-28 21:59:58.392 INFO  org.springframework.web.servlet.DispatcherServlet :547  [32m        [0;39m Completed initialization in 3 ms
2023-04-28 22:00:37.689 INFO  c.netflix.eureka.registry.AbstractInstanceRegistry:266  [32m        [0;39m Registered instance DOUDING-CONFIG/DESKTOP-BNRK1OD:douding-config:8888 with status UP (replication=false)
2023-04-28 22:00:38.247 INFO  c.netflix.eureka.registry.AbstractInstanceRegistry:266  [32m        [0;39m Registered instance DOUDING-CONFIG/DESKTOP-BNRK1OD:douding-config:8888 with status UP (replication=true)
2023-04-28 22:00:57.666 INFO  c.netflix.eureka.registry.AbstractInstanceRegistry:1247 [32m        [0;39m Running the evict task with compensationTime 0ms
2023-04-28 22:01:15.009 INFO  c.netflix.eureka.registry.AbstractInstanceRegistry:266  [32m        [0;39m Registered instance API-SYSTEM/DESKTOP-BNRK1OD:api-system:9001 with status UP (replication=false)
2023-04-28 22:01:15.516 INFO  c.netflix.eureka.registry.AbstractInstanceRegistry:266  [32m        [0;39m Registered instance API-SYSTEM/DESKTOP-BNRK1OD:api-system:9001 with status UP (replication=true)
2023-04-28 22:01:32.632 INFO  c.netflix.eureka.registry.AbstractInstanceRegistry:266  [32m        [0;39m Registered instance API-BUSINESS/DESKTOP-BNRK1OD:api-business:9002 with status UP (replication=false)
2023-04-28 22:01:33.140 INFO  c.netflix.eureka.registry.AbstractInstanceRegistry:266  [32m        [0;39m Registered instance API-BUSINESS/DESKTOP-BNRK1OD:api-business:9002 with status UP (replication=true)
2023-04-28 22:01:57.666 INFO  c.netflix.eureka.registry.AbstractInstanceRegistry:1247 [32m        [0;39m Running the evict task with compensationTime 0ms
2023-04-28 22:02:05.620 INFO  c.netflix.eureka.registry.AbstractInstanceRegistry:266  [32m        [0;39m Registered instance API-FILE/DESKTOP-BNRK1OD:api-file:9003 with status UP (replication=false)
2023-04-28 22:02:06.129 INFO  c.netflix.eureka.registry.AbstractInstanceRegistry:266  [32m        [0;39m Registered instance API-FILE/DESKTOP-BNRK1OD:api-file:9003 with status UP (replication=true)
2023-04-28 22:02:34.297 WARN  c.netflix.eureka.registry.AbstractInstanceRegistry:790  [32m        [0;39m No remote registry available for the remote region us-east-1
2023-04-28 22:02:38.404 INFO  c.netflix.eureka.registry.AbstractInstanceRegistry:266  [32m        [0;39m Registered instance DOUDING-GATEWAY/DESKTOP-BNRK1OD:douding-gateway:9000 with status UP (replication=false)
2023-04-28 22:02:38.911 INFO  c.netflix.eureka.registry.AbstractInstanceRegistry:266  [32m        [0;39m Registered instance DOUDING-GATEWAY/DESKTOP-BNRK1OD:douding-gateway:9000 with status UP (replication=true)
2023-04-28 22:02:57.667 INFO  c.netflix.eureka.registry.AbstractInstanceRegistry:1247 [32m        [0;39m Running the evict task with compensationTime 0ms
2023-04-28 22:03:00.005 WARN  c.netflix.eureka.registry.AbstractInstanceRegistry:790  [32m        [0;39m No remote registry available for the remote region us-east-1
2023-04-28 22:03:57.667 INFO  c.netflix.eureka.registry.AbstractInstanceRegistry:1247 [32m        [0;39m Running the evict task with compensationTime 0ms
2023-04-28 22:04:57.668 INFO  c.netflix.eureka.registry.AbstractInstanceRegistry:1247 [32m        [0;39m Running the evict task with compensationTime 0ms
2023-04-28 22:05:57.668 INFO  c.netflix.eureka.registry.AbstractInstanceRegistry:1247 [32m        [0;39m Running the evict task with compensationTime 0ms
2023-04-28 22:06:00.008 WARN  c.netflix.eureka.registry.AbstractInstanceRegistry:790  [32m        [0;39m No remote registry available for the remote region us-east-1
2023-04-28 22:06:57.669 INFO  c.netflix.eureka.registry.AbstractInstanceRegistry:1247 [32m        [0;39m Running the evict task with compensationTime 0ms
2023-04-28 22:07:57.669 INFO  c.netflix.eureka.registry.AbstractInstanceRegistry:1247 [32m        [0;39m Running the evict task with compensationTime 0ms
2023-04-28 22:08:57.670 INFO  c.netflix.eureka.registry.AbstractInstanceRegistry:1247 [32m        [0;39m Running the evict task with compensationTime 0ms
2023-04-28 22:09:00.011 WARN  c.netflix.eureka.registry.AbstractInstanceRegistry:790  [32m        [0;39m No remote registry available for the remote region us-east-1
2023-04-28 22:09:57.670 INFO  c.netflix.eureka.registry.AbstractInstanceRegistry:1247 [32m        [0;39m Running the evict task with compensationTime 0ms
2023-04-28 22:10:57.670 INFO  c.netflix.eureka.registry.AbstractInstanceRegistry:1247 [32m        [0;39m Running the evict task with compensationTime 0ms
2023-04-28 22:11:57.671 INFO  c.netflix.eureka.registry.AbstractInstanceRegistry:1247 [32m        [0;39m Running the evict task with compensationTime 0ms
2023-04-28 22:12:00.013 WARN  c.netflix.eureka.registry.AbstractInstanceRegistry:790  [32m        [0;39m No remote registry available for the remote region us-east-1
2023-04-28 22:12:57.671 INFO  c.netflix.eureka.registry.AbstractInstanceRegistry:1247 [32m        [0;39m Running the evict task with compensationTime 0ms
2023-04-28 22:13:57.672 INFO  c.netflix.eureka.registry.AbstractInstanceRegistry:1247 [32m        [0;39m Running the evict task with compensationTime 0ms
2023-04-28 22:14:57.589 INFO  c.n.eureka.registry.PeerAwareInstanceRegistryImpl :552  [32m        [0;39m Current renewal threshold is : 10
2023-04-28 22:14:57.672 INFO  c.netflix.eureka.registry.AbstractInstanceRegistry:1247 [32m        [0;39m Running the evict task with compensationTime 0ms
2023-04-28 22:15:00.016 WARN  c.netflix.eureka.registry.AbstractInstanceRegistry:790  [32m        [0;39m No remote registry available for the remote region us-east-1
2023-04-28 22:15:57.673 INFO  c.netflix.eureka.registry.AbstractInstanceRegistry:1247 [32m        [0;39m Running the evict task with compensationTime 0ms
2023-04-28 22:16:57.674 INFO  c.netflix.eureka.registry.AbstractInstanceRegistry:1247 [32m        [0;39m Running the evict task with compensationTime 0ms
2023-04-28 22:17:57.675 INFO  c.netflix.eureka.registry.AbstractInstanceRegistry:1247 [32m        [0;39m Running the evict task with compensationTime 0ms
2023-04-28 22:18:00.020 WARN  c.netflix.eureka.registry.AbstractInstanceRegistry:790  [32m        [0;39m No remote registry available for the remote region us-east-1
2023-04-28 22:18:57.675 INFO  c.netflix.eureka.registry.AbstractInstanceRegistry:1247 [32m        [0;39m Running the evict task with compensationTime 0ms
2023-04-28 22:19:57.675 INFO  c.netflix.eureka.registry.AbstractInstanceRegistry:1247 [32m        [0;39m Running the evict task with compensationTime 0ms
2023-04-28 22:20:57.676 INFO  c.netflix.eureka.registry.AbstractInstanceRegistry:1247 [32m        [0;39m Running the evict task with compensationTime 0ms
2023-04-28 22:21:00.023 WARN  c.netflix.eureka.registry.AbstractInstanceRegistry:790  [32m        [0;39m No remote registry available for the remote region us-east-1
2023-04-28 22:21:57.677 INFO  c.netflix.eureka.registry.AbstractInstanceRegistry:1247 [32m        [0;39m Running the evict task with compensationTime 0ms
2023-04-28 22:22:57.678 INFO  c.netflix.eureka.registry.AbstractInstanceRegistry:1247 [32m        [0;39m Running the evict task with compensationTime 0ms
2023-04-28 22:23:57.678 INFO  c.netflix.eureka.registry.AbstractInstanceRegistry:1247 [32m        [0;39m Running the evict task with compensationTime 0ms
2023-04-28 22:24:00.026 WARN  c.netflix.eureka.registry.AbstractInstanceRegistry:790  [32m        [0;39m No remote registry available for the remote region us-east-1
2023-04-28 22:24:57.679 INFO  c.netflix.eureka.registry.AbstractInstanceRegistry:1247 [32m        [0;39m Running the evict task with compensationTime 0ms
2023-04-28 22:25:57.680 INFO  c.netflix.eureka.registry.AbstractInstanceRegistry:1247 [32m        [0;39m Running the evict task with compensationTime 0ms
2023-04-28 22:26:57.680 INFO  c.netflix.eureka.registry.AbstractInstanceRegistry:1247 [32m        [0;39m Running the evict task with compensationTime 0ms
2023-04-28 22:27:00.030 WARN  c.netflix.eureka.registry.AbstractInstanceRegistry:790  [32m        [0;39m No remote registry available for the remote region us-east-1
2023-04-28 22:27:57.680 INFO  c.netflix.eureka.registry.AbstractInstanceRegistry:1247 [32m        [0;39m Running the evict task with compensationTime 0ms
2023-04-28 22:28:57.680 INFO  c.netflix.eureka.registry.AbstractInstanceRegistry:1247 [32m        [0;39m Running the evict task with compensationTime 0ms
2023-04-28 22:29:57.590 INFO  c.n.eureka.registry.PeerAwareInstanceRegistryImpl :552  [32m        [0;39m Current renewal threshold is : 10
2023-04-28 22:29:57.681 INFO  c.netflix.eureka.registry.AbstractInstanceRegistry:1247 [32m        [0;39m Running the evict task with compensationTime 0ms
2023-04-28 22:30:00.033 WARN  c.netflix.eureka.registry.AbstractInstanceRegistry:790  [32m        [0;39m No remote registry available for the remote region us-east-1
2023-04-28 22:30:57.681 INFO  c.netflix.eureka.registry.AbstractInstanceRegistry:1247 [32m        [0;39m Running the evict task with compensationTime 0ms
2023-04-28 22:31:57.681 INFO  c.netflix.eureka.registry.AbstractInstanceRegistry:1247 [32m        [0;39m Running the evict task with compensationTime 0ms
2023-04-28 22:32:57.682 INFO  c.netflix.eureka.registry.AbstractInstanceRegistry:1247 [32m        [0;39m Running the evict task with compensationTime 0ms
2023-04-28 22:33:00.037 WARN  c.netflix.eureka.registry.AbstractInstanceRegistry:790  [32m        [0;39m No remote registry available for the remote region us-east-1
2023-04-28 22:33:57.682 INFO  c.netflix.eureka.registry.AbstractInstanceRegistry:1247 [32m        [0;39m Running the evict task with compensationTime 0ms
2023-04-28 22:34:03.717 INFO  o.s.c.n.e.serviceregistry.EurekaServiceRegistry   :62   [32m        [0;39m Unregistering application DOUDING-EUREKA with eureka with status DOWN
2023-04-28 22:34:04.040 INFO  o.s.c.netflix.eureka.server.EurekaServerBootstrap :83   [32m        [0;39m Shutting down Eureka Server..
2023-04-28 22:34:04.045 INFO  com.netflix.eureka.DefaultEurekaServerContext     :79   [32m        [0;39m Shutting down ...
2023-04-28 22:34:04.046 INFO  com.netflix.servo.monitor.StatsMonitor            :426  [32m        [0;39m Attempting to get the value for an expired monitor: eurekaServer.replication.batchSize.Will start computing stats again.
2023-04-28 22:34:04.048 INFO  com.netflix.servo.monitor.StatsMonitor            :426  [32m        [0;39m Attempting to get the value for an expired monitor: eurekaServer.replication.executionTime.Will start computing stats again.
2023-04-28 22:34:04.049 INFO  com.netflix.servo.monitor.StatsMonitor            :426  [32m        [0;39m Attempting to get the value for an expired monitor: eurekaServer.replication.executionTime.Will start computing stats again.
2023-04-28 22:34:04.049 INFO  com.netflix.servo.monitor.StatsMonitor            :426  [32m        [0;39m Attempting to get the value for an expired monitor: eurekaServer.replication.batchSize.Will start computing stats again.
2023-04-28 22:34:04.065 INFO  com.netflix.eureka.DefaultEurekaServerContext     :84   [32m        [0;39m Shut down
2023-04-28 22:34:04.065 INFO  o.s.c.netflix.eureka.server.EurekaServerBootstrap :93   [32m        [0;39m Eureka Service is now shutdown...
2023-04-28 22:34:04.066 INFO  com.netflix.eureka.DefaultEurekaServerContext     :79   [32m        [0;39m Shutting down ...
2023-04-28 22:34:04.070 INFO  com.netflix.eureka.DefaultEurekaServerContext     :84   [32m        [0;39m Shut down
2023-04-28 22:34:04.079 INFO  com.netflix.discovery.DiscoveryClient             :935  [32m        [0;39m Shutting down DiscoveryClient ...
2023-04-28 22:34:04.080 INFO  com.netflix.discovery.DiscoveryClient             :960  [32m        [0;39m Completed shut down of DiscoveryClient
