2023-05-05 00:00:03.208 INFO  c.netflix.eureka.registry.AbstractInstanceRegistry:1247 [32m        [0;39m Running the evict task with compensationTime 0ms
2023-05-05 00:01:00.133 WARN  c.netflix.eureka.registry.AbstractInstanceRegistry:790  [32m        [0;39m No remote registry available for the remote region us-east-1
2023-05-05 00:01:03.208 INFO  c.netflix.eureka.registry.AbstractInstanceRegistry:1247 [32m        [0;39m Running the evict task with compensationTime 0ms
2023-05-05 00:02:03.208 INFO  c.netflix.eureka.registry.AbstractInstanceRegistry:1247 [32m        [0;39m Running the evict task with compensationTime 0ms
2023-05-05 00:03:03.208 INFO  c.netflix.eureka.registry.AbstractInstanceRegistry:1247 [32m        [0;39m Running the evict task with compensationTime 0ms
2023-05-05 00:04:03.208 INFO  c.netflix.eureka.registry.AbstractInstanceRegistry:1247 [32m        [0;39m Running the evict task with compensationTime 0ms
2023-05-05 00:04:30.138 WARN  c.netflix.eureka.registry.AbstractInstanceRegistry:790  [32m        [0;39m No remote registry available for the remote region us-east-1
2023-05-05 00:05:03.209 INFO  c.netflix.eureka.registry.AbstractInstanceRegistry:1247 [32m        [0;39m Running the evict task with compensationTime 0ms
2023-05-05 00:05:36.909 INFO  c.netflix.eureka.registry.AbstractInstanceRegistry:266  [32m        [0;39m Registered instance DOUDING-CONFIG/localhost:douding-config:8888 with status DOWN (replication=false)
2023-05-05 00:05:37.426 INFO  c.netflix.eureka.registry.AbstractInstanceRegistry:266  [32m        [0;39m Registered instance DOUDING-CONFIG/localhost:douding-config:8888 with status DOWN (replication=true)
2023-05-05 00:05:40.547 INFO  c.netflix.eureka.registry.AbstractInstanceRegistry:328  [32m        [0;39m Cancelled instance DOUDING-CONFIG/localhost:douding-config:8888 (replication=false)
2023-05-05 00:05:41.053 WARN  c.netflix.eureka.registry.AbstractInstanceRegistry:313  [32m        [0;39m DS: Registry: cancel failed because Lease is not registered for: DOUDING-CONFIG/localhost:douding-config:8888
2023-05-05 00:05:41.053 INFO  com.netflix.eureka.resources.InstanceResource     :288  [32m        [0;39m Not Found (Cancel): DOUDING-CONFIG - localhost:douding-config:8888
2023-05-05 00:05:41.054 WARN  com.netflix.eureka.cluster.ReplicationTask        :35   [32m        [0;39m The replication of task DOUDING-CONFIG/localhost:douding-config:8888:Cancel@domain-eureka failed with response code 404
2023-05-05 00:05:41.054 WARN  com.netflix.eureka.cluster.PeerEurekaNode         :171  [32m        [0;39m DOUDING-CONFIG/localhost:douding-config:8888:Cancel@domain-eureka: missing entry.
2023-05-05 00:05:55.197 INFO  c.netflix.eureka.registry.AbstractInstanceRegistry:266  [32m        [0;39m Registered instance DOUDING-CONFIG/localhost:douding-config:8888 with status UP (replication=false)
2023-05-05 00:05:55.713 INFO  c.netflix.eureka.registry.AbstractInstanceRegistry:266  [32m        [0;39m Registered instance DOUDING-CONFIG/localhost:douding-config:8888 with status UP (replication=true)
2023-05-05 00:06:00.130 WARN  c.netflix.eureka.registry.AbstractInstanceRegistry:790  [32m        [0;39m No remote registry available for the remote region us-east-1
2023-05-05 00:06:03.210 INFO  c.netflix.eureka.registry.AbstractInstanceRegistry:1247 [32m        [0;39m Running the evict task with compensationTime 0ms
2023-05-05 00:06:03.947 INFO  c.netflix.eureka.registry.AbstractInstanceRegistry:266  [32m        [0;39m Registered instance API-SYSTEM/DESKTOP-BNRK1OD:api-system:9001 with status DOWN (replication=false)
2023-05-05 00:06:04.465 INFO  c.netflix.eureka.registry.AbstractInstanceRegistry:266  [32m        [0;39m Registered instance API-SYSTEM/DESKTOP-BNRK1OD:api-system:9001 with status DOWN (replication=true)
2023-05-05 00:06:07.785 INFO  c.netflix.eureka.registry.AbstractInstanceRegistry:328  [32m        [0;39m Cancelled instance API-SYSTEM/DESKTOP-BNRK1OD:api-system:9001 (replication=false)
2023-05-05 00:06:08.292 WARN  c.netflix.eureka.registry.AbstractInstanceRegistry:313  [32m        [0;39m DS: Registry: cancel failed because Lease is not registered for: API-SYSTEM/DESKTOP-BNRK1OD:api-system:9001
2023-05-05 00:06:08.293 INFO  com.netflix.eureka.resources.InstanceResource     :288  [32m        [0;39m Not Found (Cancel): API-SYSTEM - DESKTOP-BNRK1OD:api-system:9001
2023-05-05 00:06:08.293 WARN  com.netflix.eureka.cluster.ReplicationTask        :35   [32m        [0;39m The replication of task API-SYSTEM/DESKTOP-BNRK1OD:api-system:9001:Cancel@domain-eureka failed with response code 404
2023-05-05 00:06:08.294 WARN  com.netflix.eureka.cluster.PeerEurekaNode         :171  [32m        [0;39m API-SYSTEM/DESKTOP-BNRK1OD:api-system:9001:Cancel@domain-eureka: missing entry.
2023-05-05 00:06:22.971 INFO  c.netflix.eureka.registry.AbstractInstanceRegistry:266  [32m        [0;39m Registered instance API-SYSTEM/localhost:api-system:9001 with status UP (replication=false)
2023-05-05 00:06:23.477 INFO  c.netflix.eureka.registry.AbstractInstanceRegistry:266  [32m        [0;39m Registered instance API-SYSTEM/localhost:api-system:9001 with status UP (replication=true)
2023-05-05 00:06:26.401 INFO  c.netflix.eureka.registry.AbstractInstanceRegistry:266  [32m        [0;39m Registered instance API-BUSINESS/DESKTOP-BNRK1OD:api-business:9002 with status DOWN (replication=false)
2023-05-05 00:06:26.924 INFO  c.netflix.eureka.registry.AbstractInstanceRegistry:266  [32m        [0;39m Registered instance API-BUSINESS/DESKTOP-BNRK1OD:api-business:9002 with status DOWN (replication=true)
2023-05-05 00:06:30.131 WARN  c.netflix.eureka.registry.AbstractInstanceRegistry:790  [32m        [0;39m No remote registry available for the remote region us-east-1
2023-05-05 00:06:30.143 INFO  c.netflix.eureka.registry.AbstractInstanceRegistry:328  [32m        [0;39m Cancelled instance API-BUSINESS/DESKTOP-BNRK1OD:api-business:9002 (replication=false)
2023-05-05 00:06:30.649 WARN  c.netflix.eureka.registry.AbstractInstanceRegistry:313  [32m        [0;39m DS: Registry: cancel failed because Lease is not registered for: API-BUSINESS/DESKTOP-BNRK1OD:api-business:9002
2023-05-05 00:06:30.649 INFO  com.netflix.eureka.resources.InstanceResource     :288  [32m        [0;39m Not Found (Cancel): API-BUSINESS - DESKTOP-BNRK1OD:api-business:9002
2023-05-05 00:06:30.650 WARN  com.netflix.eureka.cluster.ReplicationTask        :35   [32m        [0;39m The replication of task API-BUSINESS/DESKTOP-BNRK1OD:api-business:9002:Cancel@domain-eureka failed with response code 404
2023-05-05 00:06:30.650 WARN  com.netflix.eureka.cluster.PeerEurekaNode         :171  [32m        [0;39m API-BUSINESS/DESKTOP-BNRK1OD:api-business:9002:Cancel@domain-eureka: missing entry.
2023-05-05 00:06:44.872 INFO  c.netflix.eureka.registry.AbstractInstanceRegistry:266  [32m        [0;39m Registered instance API-BUSINESS/localhost:api-business:9002 with status UP (replication=false)
2023-05-05 00:06:45.389 INFO  c.netflix.eureka.registry.AbstractInstanceRegistry:266  [32m        [0;39m Registered instance API-BUSINESS/localhost:api-business:9002 with status UP (replication=true)
2023-05-05 00:06:47.676 INFO  c.netflix.eureka.registry.AbstractInstanceRegistry:266  [32m        [0;39m Registered instance API-FILE/localhost:api-file:9003 with status DOWN (replication=false)
2023-05-05 00:06:48.183 INFO  c.netflix.eureka.registry.AbstractInstanceRegistry:266  [32m        [0;39m Registered instance API-FILE/localhost:api-file:9003 with status DOWN (replication=true)
2023-05-05 00:06:51.439 INFO  c.netflix.eureka.registry.AbstractInstanceRegistry:328  [32m        [0;39m Cancelled instance API-FILE/localhost:api-file:9003 (replication=false)
2023-05-05 00:06:51.945 WARN  c.netflix.eureka.registry.AbstractInstanceRegistry:313  [32m        [0;39m DS: Registry: cancel failed because Lease is not registered for: API-FILE/localhost:api-file:9003
2023-05-05 00:06:51.945 INFO  com.netflix.eureka.resources.InstanceResource     :288  [32m        [0;39m Not Found (Cancel): API-FILE - localhost:api-file:9003
2023-05-05 00:06:51.946 WARN  com.netflix.eureka.cluster.ReplicationTask        :35   [32m        [0;39m The replication of task API-FILE/localhost:api-file:9003:Cancel@domain-eureka failed with response code 404
2023-05-05 00:06:51.946 WARN  com.netflix.eureka.cluster.PeerEurekaNode         :171  [32m        [0;39m API-FILE/localhost:api-file:9003:Cancel@domain-eureka: missing entry.
2023-05-05 00:07:00.133 WARN  c.netflix.eureka.registry.AbstractInstanceRegistry:790  [32m        [0;39m No remote registry available for the remote region us-east-1
2023-05-05 00:07:03.210 INFO  c.netflix.eureka.registry.AbstractInstanceRegistry:1247 [32m        [0;39m Running the evict task with compensationTime 0ms
2023-05-05 00:07:06.208 INFO  c.netflix.eureka.registry.AbstractInstanceRegistry:266  [32m        [0;39m Registered instance API-FILE/localhost:api-file:9003 with status UP (replication=false)
2023-05-05 00:07:06.466 INFO  c.netflix.eureka.registry.AbstractInstanceRegistry:266  [32m        [0;39m Registered instance API-FILE/localhost:api-file:9003 with status UP (replication=true)
2023-05-05 00:07:11.133 INFO  c.netflix.eureka.registry.AbstractInstanceRegistry:266  [32m        [0;39m Registered instance DOUDING-GATEWAY/DESKTOP-BNRK1OD:douding-gateway:9000 with status DOWN (replication=false)
2023-05-05 00:07:11.640 INFO  c.netflix.eureka.registry.AbstractInstanceRegistry:266  [32m        [0;39m Registered instance DOUDING-GATEWAY/DESKTOP-BNRK1OD:douding-gateway:9000 with status DOWN (replication=true)
2023-05-05 00:07:16.421 INFO  c.netflix.eureka.registry.AbstractInstanceRegistry:328  [32m        [0;39m Cancelled instance DOUDING-GATEWAY/DESKTOP-BNRK1OD:douding-gateway:9000 (replication=false)
2023-05-05 00:07:16.926 WARN  c.netflix.eureka.registry.AbstractInstanceRegistry:313  [32m        [0;39m DS: Registry: cancel failed because Lease is not registered for: DOUDING-GATEWAY/DESKTOP-BNRK1OD:douding-gateway:9000
2023-05-05 00:07:16.926 INFO  com.netflix.eureka.resources.InstanceResource     :288  [32m        [0;39m Not Found (Cancel): DOUDING-GATEWAY - DESKTOP-BNRK1OD:douding-gateway:9000
2023-05-05 00:07:16.926 WARN  com.netflix.eureka.cluster.ReplicationTask        :35   [32m        [0;39m The replication of task DOUDING-GATEWAY/DESKTOP-BNRK1OD:douding-gateway:9000:Cancel@domain-eureka failed with response code 404
2023-05-05 00:07:16.927 WARN  com.netflix.eureka.cluster.PeerEurekaNode         :171  [32m        [0;39m DOUDING-GATEWAY/DESKTOP-BNRK1OD:douding-gateway:9000:Cancel@domain-eureka: missing entry.
2023-05-05 00:07:30.134 WARN  c.netflix.eureka.registry.AbstractInstanceRegistry:790  [32m        [0;39m No remote registry available for the remote region us-east-1
2023-05-05 00:07:33.296 INFO  c.netflix.eureka.registry.AbstractInstanceRegistry:266  [32m        [0;39m Registered instance DOUDING-GATEWAY/localhost:douding-gateway:9000 with status UP (replication=false)
2023-05-05 00:07:33.804 INFO  c.netflix.eureka.registry.AbstractInstanceRegistry:266  [32m        [0;39m Registered instance DOUDING-GATEWAY/localhost:douding-gateway:9000 with status UP (replication=true)
2023-05-05 00:08:00.134 WARN  c.netflix.eureka.registry.AbstractInstanceRegistry:790  [32m        [0;39m No remote registry available for the remote region us-east-1
2023-05-05 00:08:03.210 INFO  c.netflix.eureka.registry.AbstractInstanceRegistry:1247 [32m        [0;39m Running the evict task with compensationTime 0ms
2023-05-05 00:09:03.211 INFO  c.netflix.eureka.registry.AbstractInstanceRegistry:1247 [32m        [0;39m Running the evict task with compensationTime 0ms
2023-05-05 00:10:03.212 INFO  c.netflix.eureka.registry.AbstractInstanceRegistry:1247 [32m        [0;39m Running the evict task with compensationTime 0ms
2023-05-05 00:11:00.137 WARN  c.netflix.eureka.registry.AbstractInstanceRegistry:790  [32m        [0;39m No remote registry available for the remote region us-east-1
2023-05-05 00:11:03.212 INFO  c.netflix.eureka.registry.AbstractInstanceRegistry:1247 [32m        [0;39m Running the evict task with compensationTime 0ms
2023-05-05 00:12:03.090 INFO  c.n.eureka.registry.PeerAwareInstanceRegistryImpl :552  [32m        [0;39m Current renewal threshold is : 10
2023-05-05 00:12:03.213 INFO  c.netflix.eureka.registry.AbstractInstanceRegistry:1247 [32m        [0;39m Running the evict task with compensationTime 0ms
2023-05-05 00:13:03.213 INFO  c.netflix.eureka.registry.AbstractInstanceRegistry:1247 [32m        [0;39m Running the evict task with compensationTime 0ms
2023-05-05 00:14:00.140 WARN  c.netflix.eureka.registry.AbstractInstanceRegistry:790  [32m        [0;39m No remote registry available for the remote region us-east-1
2023-05-05 00:14:03.214 INFO  c.netflix.eureka.registry.AbstractInstanceRegistry:1247 [32m        [0;39m Running the evict task with compensationTime 0ms
2023-05-05 00:15:03.215 INFO  c.netflix.eureka.registry.AbstractInstanceRegistry:1247 [32m        [0;39m Running the evict task with compensationTime 0ms
2023-05-05 00:16:03.215 INFO  c.netflix.eureka.registry.AbstractInstanceRegistry:1247 [32m        [0;39m Running the evict task with compensationTime 0ms
2023-05-05 00:17:00.153 WARN  c.netflix.eureka.registry.AbstractInstanceRegistry:790  [32m        [0;39m No remote registry available for the remote region us-east-1
2023-05-05 00:17:03.215 INFO  c.netflix.eureka.registry.AbstractInstanceRegistry:1247 [32m        [0;39m Running the evict task with compensationTime 0ms
2023-05-05 00:18:03.216 INFO  c.netflix.eureka.registry.AbstractInstanceRegistry:1247 [32m        [0;39m Running the evict task with compensationTime 0ms
2023-05-05 00:19:03.217 INFO  c.netflix.eureka.registry.AbstractInstanceRegistry:1247 [32m        [0;39m Running the evict task with compensationTime 0ms
2023-05-05 00:20:03.217 INFO  c.netflix.eureka.registry.AbstractInstanceRegistry:1247 [32m        [0;39m Running the evict task with compensationTime 0ms
2023-05-05 00:20:30.157 WARN  c.netflix.eureka.registry.AbstractInstanceRegistry:790  [32m        [0;39m No remote registry available for the remote region us-east-1
2023-05-05 00:21:03.217 INFO  c.netflix.eureka.registry.AbstractInstanceRegistry:1247 [32m        [0;39m Running the evict task with compensationTime 0ms
2023-05-05 00:22:03.218 INFO  c.netflix.eureka.registry.AbstractInstanceRegistry:1247 [32m        [0;39m Running the evict task with compensationTime 0ms
2023-05-05 00:23:03.218 INFO  c.netflix.eureka.registry.AbstractInstanceRegistry:1247 [32m        [0;39m Running the evict task with compensationTime 0ms
2023-05-05 00:24:00.160 WARN  c.netflix.eureka.registry.AbstractInstanceRegistry:790  [32m        [0;39m No remote registry available for the remote region us-east-1
2023-05-05 00:24:03.218 INFO  c.netflix.eureka.registry.AbstractInstanceRegistry:1247 [32m        [0;39m Running the evict task with compensationTime 0ms
2023-05-05 00:25:03.219 INFO  c.netflix.eureka.registry.AbstractInstanceRegistry:1247 [32m        [0;39m Running the evict task with compensationTime 0ms
2023-05-05 00:26:03.219 INFO  c.netflix.eureka.registry.AbstractInstanceRegistry:1247 [32m        [0;39m Running the evict task with compensationTime 0ms
2023-05-05 00:27:03.099 INFO  c.n.eureka.registry.PeerAwareInstanceRegistryImpl :552  [32m        [0;39m Current renewal threshold is : 10
2023-05-05 00:27:03.219 INFO  c.netflix.eureka.registry.AbstractInstanceRegistry:1247 [32m        [0;39m Running the evict task with compensationTime 0ms
2023-05-05 00:27:30.154 WARN  c.netflix.eureka.registry.AbstractInstanceRegistry:790  [32m        [0;39m No remote registry available for the remote region us-east-1
2023-05-05 00:28:03.219 INFO  c.netflix.eureka.registry.AbstractInstanceRegistry:1247 [32m        [0;39m Running the evict task with compensationTime 0ms
2023-05-05 00:29:03.219 INFO  c.netflix.eureka.registry.AbstractInstanceRegistry:1247 [32m        [0;39m Running the evict task with compensationTime 0ms
2023-05-05 00:30:03.219 INFO  c.netflix.eureka.registry.AbstractInstanceRegistry:1247 [32m        [0;39m Running the evict task with compensationTime 0ms
2023-05-05 00:31:00.157 WARN  c.netflix.eureka.registry.AbstractInstanceRegistry:790  [32m        [0;39m No remote registry available for the remote region us-east-1
2023-05-05 00:31:03.220 INFO  c.netflix.eureka.registry.AbstractInstanceRegistry:1247 [32m        [0;39m Running the evict task with compensationTime 0ms
2023-05-05 00:31:17.521 INFO  c.netflix.eureka.registry.AbstractInstanceRegistry:266  [32m        [0;39m Registered instance DOUDING-CONFIG/localhost:douding-config:8888 with status DOWN (replication=false)
2023-05-05 00:31:18.028 INFO  c.netflix.eureka.registry.AbstractInstanceRegistry:266  [32m        [0;39m Registered instance DOUDING-CONFIG/localhost:douding-config:8888 with status DOWN (replication=true)
2023-05-05 00:31:21.156 INFO  c.netflix.eureka.registry.AbstractInstanceRegistry:328  [32m        [0;39m Cancelled instance DOUDING-CONFIG/localhost:douding-config:8888 (replication=false)
2023-05-05 00:31:21.662 WARN  c.netflix.eureka.registry.AbstractInstanceRegistry:313  [32m        [0;39m DS: Registry: cancel failed because Lease is not registered for: DOUDING-CONFIG/localhost:douding-config:8888
2023-05-05 00:31:21.662 INFO  com.netflix.eureka.resources.InstanceResource     :288  [32m        [0;39m Not Found (Cancel): DOUDING-CONFIG - localhost:douding-config:8888
2023-05-05 00:31:21.662 WARN  com.netflix.eureka.cluster.ReplicationTask        :35   [32m        [0;39m The replication of task DOUDING-CONFIG/localhost:douding-config:8888:Cancel@domain-eureka failed with response code 404
2023-05-05 00:31:21.662 WARN  com.netflix.eureka.cluster.PeerEurekaNode         :171  [32m        [0;39m DOUDING-CONFIG/localhost:douding-config:8888:Cancel@domain-eureka: missing entry.
2023-05-05 00:31:30.158 WARN  c.netflix.eureka.registry.AbstractInstanceRegistry:790  [32m        [0;39m No remote registry available for the remote region us-east-1
2023-05-05 00:31:34.185 INFO  c.netflix.eureka.registry.AbstractInstanceRegistry:266  [32m        [0;39m Registered instance DOUDING-CONFIG/localhost:douding-config:8888 with status UP (replication=false)
2023-05-05 00:31:34.691 INFO  c.netflix.eureka.registry.AbstractInstanceRegistry:266  [32m        [0;39m Registered instance DOUDING-CONFIG/localhost:douding-config:8888 with status UP (replication=true)
2023-05-05 00:31:39.458 INFO  c.netflix.eureka.registry.AbstractInstanceRegistry:266  [32m        [0;39m Registered instance API-FILE/localhost:api-file:9003 with status DOWN (replication=false)
2023-05-05 00:31:39.964 INFO  c.netflix.eureka.registry.AbstractInstanceRegistry:266  [32m        [0;39m Registered instance API-FILE/localhost:api-file:9003 with status DOWN (replication=true)
2023-05-05 00:31:43.105 INFO  c.netflix.eureka.registry.AbstractInstanceRegistry:328  [32m        [0;39m Cancelled instance API-FILE/localhost:api-file:9003 (replication=false)
2023-05-05 00:31:43.622 WARN  c.netflix.eureka.registry.AbstractInstanceRegistry:313  [32m        [0;39m DS: Registry: cancel failed because Lease is not registered for: API-FILE/localhost:api-file:9003
2023-05-05 00:31:43.622 INFO  com.netflix.eureka.resources.InstanceResource     :288  [32m        [0;39m Not Found (Cancel): API-FILE - localhost:api-file:9003
2023-05-05 00:31:43.623 WARN  com.netflix.eureka.cluster.ReplicationTask        :35   [32m        [0;39m The replication of task API-FILE/localhost:api-file:9003:Cancel@domain-eureka failed with response code 404
2023-05-05 00:31:43.623 WARN  com.netflix.eureka.cluster.PeerEurekaNode         :171  [32m        [0;39m API-FILE/localhost:api-file:9003:Cancel@domain-eureka: missing entry.
2023-05-05 00:31:58.575 INFO  c.netflix.eureka.registry.AbstractInstanceRegistry:266  [32m        [0;39m Registered instance API-FILE/localhost:api-file:9003 with status UP (replication=false)
2023-05-05 00:31:59.082 INFO  c.netflix.eureka.registry.AbstractInstanceRegistry:266  [32m        [0;39m Registered instance API-FILE/localhost:api-file:9003 with status UP (replication=true)
2023-05-05 00:32:00.158 WARN  c.netflix.eureka.registry.AbstractInstanceRegistry:790  [32m        [0;39m No remote registry available for the remote region us-east-1
2023-05-05 00:32:03.220 INFO  c.netflix.eureka.registry.AbstractInstanceRegistry:1247 [32m        [0;39m Running the evict task with compensationTime 0ms
2023-05-05 00:33:03.220 INFO  c.netflix.eureka.registry.AbstractInstanceRegistry:1247 [32m        [0;39m Running the evict task with compensationTime 0ms
2023-05-05 00:34:03.220 INFO  c.netflix.eureka.registry.AbstractInstanceRegistry:1247 [32m        [0;39m Running the evict task with compensationTime 0ms
2023-05-05 00:35:03.221 INFO  c.netflix.eureka.registry.AbstractInstanceRegistry:1247 [32m        [0;39m Running the evict task with compensationTime 0ms
2023-05-05 00:35:30.160 WARN  c.netflix.eureka.registry.AbstractInstanceRegistry:790  [32m        [0;39m No remote registry available for the remote region us-east-1
2023-05-05 00:36:03.221 INFO  c.netflix.eureka.registry.AbstractInstanceRegistry:1247 [32m        [0;39m Running the evict task with compensationTime 0ms
2023-05-05 00:37:03.221 INFO  c.netflix.eureka.registry.AbstractInstanceRegistry:1247 [32m        [0;39m Running the evict task with compensationTime 0ms
2023-05-05 00:38:03.222 INFO  c.netflix.eureka.registry.AbstractInstanceRegistry:1247 [32m        [0;39m Running the evict task with compensationTime 0ms
2023-05-05 00:38:52.693 INFO  c.netflix.eureka.registry.AbstractInstanceRegistry:266  [32m        [0;39m Registered instance API-FILE/localhost:api-file:9003 with status DOWN (replication=false)
2023-05-05 00:38:53.202 INFO  c.netflix.eureka.registry.AbstractInstanceRegistry:266  [32m        [0;39m Registered instance API-FILE/localhost:api-file:9003 with status DOWN (replication=true)
2023-05-05 00:38:56.397 INFO  c.netflix.eureka.registry.AbstractInstanceRegistry:328  [32m        [0;39m Cancelled instance API-FILE/localhost:api-file:9003 (replication=false)
2023-05-05 00:38:56.903 WARN  c.netflix.eureka.registry.AbstractInstanceRegistry:313  [32m        [0;39m DS: Registry: cancel failed because Lease is not registered for: API-FILE/localhost:api-file:9003
2023-05-05 00:38:56.903 INFO  com.netflix.eureka.resources.InstanceResource     :288  [32m        [0;39m Not Found (Cancel): API-FILE - localhost:api-file:9003
2023-05-05 00:38:56.913 WARN  com.netflix.eureka.cluster.ReplicationTask        :35   [32m        [0;39m The replication of task API-FILE/localhost:api-file:9003:Cancel@domain-eureka failed with response code 404
2023-05-05 00:38:56.913 WARN  com.netflix.eureka.cluster.PeerEurekaNode         :171  [32m        [0;39m API-FILE/localhost:api-file:9003:Cancel@domain-eureka: missing entry.
2023-05-05 00:39:00.172 WARN  c.netflix.eureka.registry.AbstractInstanceRegistry:790  [32m        [0;39m No remote registry available for the remote region us-east-1
2023-05-05 00:39:03.223 INFO  c.netflix.eureka.registry.AbstractInstanceRegistry:1247 [32m        [0;39m Running the evict task with compensationTime 0ms
2023-05-05 00:39:12.830 INFO  c.netflix.eureka.registry.AbstractInstanceRegistry:266  [32m        [0;39m Registered instance API-FILE/localhost:api-file:9003 with status UP (replication=false)
2023-05-05 00:39:13.338 INFO  c.netflix.eureka.registry.AbstractInstanceRegistry:266  [32m        [0;39m Registered instance API-FILE/localhost:api-file:9003 with status UP (replication=true)
2023-05-05 00:39:30.173 WARN  c.netflix.eureka.registry.AbstractInstanceRegistry:790  [32m        [0;39m No remote registry available for the remote region us-east-1
2023-05-05 00:40:03.224 INFO  c.netflix.eureka.registry.AbstractInstanceRegistry:1247 [32m        [0;39m Running the evict task with compensationTime 0ms
2023-05-05 00:41:03.224 INFO  c.netflix.eureka.registry.AbstractInstanceRegistry:1247 [32m        [0;39m Running the evict task with compensationTime 0ms
2023-05-05 00:42:03.100 INFO  c.n.eureka.registry.PeerAwareInstanceRegistryImpl :552  [32m        [0;39m Current renewal threshold is : 10
2023-05-05 00:42:03.224 INFO  c.netflix.eureka.registry.AbstractInstanceRegistry:1247 [32m        [0;39m Running the evict task with compensationTime 0ms
2023-05-05 00:43:00.165 WARN  c.netflix.eureka.registry.AbstractInstanceRegistry:790  [32m        [0;39m No remote registry available for the remote region us-east-1
2023-05-05 00:43:03.224 INFO  c.netflix.eureka.registry.AbstractInstanceRegistry:1247 [32m        [0;39m Running the evict task with compensationTime 0ms
2023-05-05 00:44:03.225 INFO  c.netflix.eureka.registry.AbstractInstanceRegistry:1247 [32m        [0;39m Running the evict task with compensationTime 0ms
2023-05-05 00:45:03.226 INFO  c.netflix.eureka.registry.AbstractInstanceRegistry:1247 [32m        [0;39m Running the evict task with compensationTime 0ms
2023-05-05 00:46:00.169 WARN  c.netflix.eureka.registry.AbstractInstanceRegistry:790  [32m        [0;39m No remote registry available for the remote region us-east-1
2023-05-05 00:46:03.226 INFO  c.netflix.eureka.registry.AbstractInstanceRegistry:1247 [32m        [0;39m Running the evict task with compensationTime 0ms
2023-05-05 00:47:03.226 INFO  c.netflix.eureka.registry.AbstractInstanceRegistry:1247 [32m        [0;39m Running the evict task with compensationTime 0ms
2023-05-05 00:48:03.226 INFO  c.netflix.eureka.registry.AbstractInstanceRegistry:1247 [32m        [0;39m Running the evict task with compensationTime 0ms
2023-05-05 00:49:00.171 WARN  c.netflix.eureka.registry.AbstractInstanceRegistry:790  [32m        [0;39m No remote registry available for the remote region us-east-1
2023-05-05 00:49:03.227 INFO  c.netflix.eureka.registry.AbstractInstanceRegistry:1247 [32m        [0;39m Running the evict task with compensationTime 0ms
2023-05-05 00:50:03.227 INFO  c.netflix.eureka.registry.AbstractInstanceRegistry:1247 [32m        [0;39m Running the evict task with compensationTime 0ms
2023-05-05 00:51:03.228 INFO  c.netflix.eureka.registry.AbstractInstanceRegistry:1247 [32m        [0;39m Running the evict task with compensationTime 0ms
2023-05-05 00:52:00.173 WARN  c.netflix.eureka.registry.AbstractInstanceRegistry:790  [32m        [0;39m No remote registry available for the remote region us-east-1
2023-05-05 00:52:03.229 INFO  c.netflix.eureka.registry.AbstractInstanceRegistry:1247 [32m        [0;39m Running the evict task with compensationTime 0ms
2023-05-05 00:53:00.613 INFO  o.s.c.n.e.serviceregistry.EurekaServiceRegistry   :62   [32m        [0;39m Unregistering application DOUDING-EUREKA with eureka with status DOWN
2023-05-05 00:53:01.320 INFO  o.s.c.netflix.eureka.server.EurekaServerBootstrap :83   [32m        [0;39m Shutting down Eureka Server..
2023-05-05 00:53:01.329 INFO  com.netflix.eureka.DefaultEurekaServerContext     :79   [32m        [0;39m Shutting down ...
2023-05-05 00:53:01.331 INFO  com.netflix.servo.monitor.StatsMonitor            :426  [32m        [0;39m Attempting to get the value for an expired monitor: eurekaServer.replication.batchSize.Will start computing stats again.
2023-05-05 00:53:01.332 INFO  com.netflix.servo.monitor.StatsMonitor            :426  [32m        [0;39m Attempting to get the value for an expired monitor: eurekaServer.replication.executionTime.Will start computing stats again.
2023-05-05 00:53:01.332 INFO  com.netflix.servo.monitor.StatsMonitor            :426  [32m        [0;39m Attempting to get the value for an expired monitor: eurekaServer.replication.executionTime.Will start computing stats again.
2023-05-05 00:53:01.333 INFO  com.netflix.servo.monitor.StatsMonitor            :426  [32m        [0;39m Attempting to get the value for an expired monitor: eurekaServer.replication.batchSize.Will start computing stats again.
2023-05-05 00:53:01.354 INFO  com.netflix.eureka.DefaultEurekaServerContext     :84   [32m        [0;39m Shut down
2023-05-05 00:53:01.354 INFO  o.s.c.netflix.eureka.server.EurekaServerBootstrap :93   [32m        [0;39m Eureka Service is now shutdown...
2023-05-05 00:53:01.356 INFO  com.netflix.eureka.DefaultEurekaServerContext     :79   [32m        [0;39m Shutting down ...
2023-05-05 00:53:01.360 INFO  com.netflix.eureka.DefaultEurekaServerContext     :84   [32m        [0;39m Shut down
2023-05-05 00:53:01.372 INFO  com.netflix.discovery.DiscoveryClient             :935  [32m        [0;39m Shutting down DiscoveryClient ...
2023-05-05 00:53:01.373 INFO  com.netflix.discovery.DiscoveryClient             :960  [32m        [0;39m Completed shut down of DiscoveryClient
2023-05-05 00:53:07.177 INFO  org.hibernate.validator.internal.util.Version     :21   [32m        [0;39m HV000001: Hibernate Validator 6.2.0.Final
2023-05-05 00:53:07.181 INFO  com.douding.EurekaApplication                     :55   [32m        [0;39m Starting EurekaApplication using Java 11.0.19 on DESKTOP-BNRK1OD with PID 6952 (D:\java\idea\workSpace\yizhi2\DouDing\douding-eureka\target\classes started by mizhouzhou in D:\java\idea\workSpace\yizhi2)
2023-05-05 00:53:07.182 INFO  com.douding.EurekaApplication                     :659  [32m        [0;39m No active profile set, falling back to default profiles: default
2023-05-05 00:53:07.960 INFO  o.springframework.cloud.context.scope.GenericScope:283  [32m        [0;39m BeanFactory id=22aef32b-6694-37e5-ac0c-88b027b6c8a3
2023-05-05 00:53:08.145 INFO  o.s.boot.web.embedded.tomcat.TomcatWebServer      :108  [32m        [0;39m Tomcat initialized with port(s): 8761 (http)
2023-05-05 00:53:08.152 INFO  org.apache.coyote.http11.Http11NioProtocol        :173  [32m        [0;39m Initializing ProtocolHandler ["http-nio-8761"]
2023-05-05 00:53:08.153 INFO  org.apache.catalina.core.StandardService          :173  [32m        [0;39m Starting service [Tomcat]
2023-05-05 00:53:08.153 INFO  org.apache.catalina.core.StandardEngine           :173  [32m        [0;39m Starting Servlet engine: [Apache Tomcat/9.0.50]
2023-05-05 00:53:08.154 INFO  org.apache.catalina.core.AprLifecycleListener     :173  [32m        [0;39m Loaded Apache Tomcat Native library [1.2.34] using APR version [1.7.0].
2023-05-05 00:53:08.154 INFO  org.apache.catalina.core.AprLifecycleListener     :173  [32m        [0;39m APR capabilities: IPv6 [true], sendfile [true], accept filters [false], random [true], UDS [true].
2023-05-05 00:53:08.155 INFO  org.apache.catalina.core.AprLifecycleListener     :173  [32m        [0;39m APR/OpenSSL configuration: useAprConnector [false], useOpenSSL [true]
2023-05-05 00:53:08.157 INFO  org.apache.catalina.core.AprLifecycleListener     :173  [32m        [0;39m OpenSSL successfully initialized [OpenSSL 1.1.1o  3 May 2022]
2023-05-05 00:53:08.252 INFO  o.a.c.core.ContainerBase.[Tomcat].[localhost].[/] :173  [32m        [0;39m Initializing Spring embedded WebApplicationContext
2023-05-05 00:53:08.252 INFO  o.s.b.w.s.c.ServletWebServerApplicationContext    :290  [32m        [0;39m Root WebApplicationContext: initialization completed in 1042 ms
2023-05-05 00:53:08.558 INFO  c.s.j.server.impl.application.WebApplicationImpl  :815  [32m        [0;39m Initiating Jersey application, version 'Jersey: 1.19.4 05/24/2017 03:20 PM'
2023-05-05 00:53:08.598 INFO  c.n.discovery.provider.DiscoveryJerseyProvider    :70   [32m        [0;39m Using JSON encoding codec LegacyJacksonJson
2023-05-05 00:53:08.598 INFO  c.n.discovery.provider.DiscoveryJerseyProvider    :71   [32m        [0;39m Using JSON decoding codec LegacyJacksonJson
2023-05-05 00:53:08.709 INFO  c.n.discovery.provider.DiscoveryJerseyProvider    :80   [32m        [0;39m Using XML encoding codec XStreamXml
2023-05-05 00:53:08.709 INFO  c.n.discovery.provider.DiscoveryJerseyProvider    :81   [32m        [0;39m Using XML decoding codec XStreamXml
2023-05-05 00:53:11.006 INFO  org.springframework.cloud.commons.util.InetUtils  :170  [32m        [0;39m Cannot determine local hostname
2023-05-05 00:53:13.085 INFO  org.springframework.cloud.commons.util.InetUtils  :170  [32m        [0;39m Cannot determine local hostname
2023-05-05 00:53:13.090 INFO  o.s.c.n.e.c.DiscoveryClientOptionalArgsConfiguration:87   [32m        [0;39m Eureka HTTP Client uses Jersey
2023-05-05 00:53:13.127 WARN  o.s.c.l.c.LoadBalancerCacheAutoConfiguration$LoadBalancerCaffeineWarnLogger:82   [32m        [0;39m Spring Cloud LoadBalancer is currently working with the default cache. You can switch to using Caffeine cache, by adding it and org.springframework.cache.caffeine.CaffeineCacheManager to the classpath.
2023-05-05 00:53:13.143 INFO  o.s.cloud.netflix.eureka.InstanceInfoFactory      :67   [32m        [0;39m Setting initial instance status as: STARTING
2023-05-05 00:53:13.161 INFO  com.netflix.discovery.DiscoveryClient             :372  [32m        [0;39m Initializing Eureka in region us-east-1
2023-05-05 00:53:13.162 INFO  com.netflix.discovery.DiscoveryClient             :375  [32m        [0;39m Client configured to neither register nor query for data.
2023-05-05 00:53:13.166 INFO  com.netflix.discovery.DiscoveryClient             :390  [32m        [0;39m Discovery Client initialized at timestamp 1683219193165 with initial instances count: 0
2023-05-05 00:53:13.197 INFO  com.netflix.eureka.DefaultEurekaServerContext     :66   [32m        [0;39m Initializing ...
2023-05-05 00:53:13.197 INFO  com.netflix.eureka.cluster.PeerEurekaNodes        :187  [32m        [0;39m Adding new peer nodes [http://domain-eureka:8761/eureka/]
2023-05-05 00:53:13.296 INFO  c.n.discovery.provider.DiscoveryJerseyProvider    :70   [32m        [0;39m Using JSON encoding codec LegacyJacksonJson
2023-05-05 00:53:13.296 INFO  c.n.discovery.provider.DiscoveryJerseyProvider    :71   [32m        [0;39m Using JSON decoding codec LegacyJacksonJson
2023-05-05 00:53:13.296 INFO  c.n.discovery.provider.DiscoveryJerseyProvider    :80   [32m        [0;39m Using XML encoding codec XStreamXml
2023-05-05 00:53:13.296 INFO  c.n.discovery.provider.DiscoveryJerseyProvider    :81   [32m        [0;39m Using XML decoding codec XStreamXml
2023-05-05 00:53:13.372 INFO  com.netflix.eureka.cluster.PeerEurekaNodes        :109  [32m        [0;39m Replica node URL:  http://domain-eureka:8761/eureka/
2023-05-05 00:53:13.378 INFO  c.netflix.eureka.registry.AbstractInstanceRegistry:153  [32m        [0;39m Finished initializing remote region registries. All known remote regions: []
2023-05-05 00:53:13.379 INFO  com.netflix.eureka.DefaultEurekaServerContext     :73   [32m        [0;39m Initialized
2023-05-05 00:53:13.384 INFO  o.s.b.actuate.endpoint.web.EndpointLinksResolver  :58   [32m        [0;39m Exposing 1 endpoint(s) beneath base path '/actuator'
2023-05-05 00:53:13.430 INFO  o.s.c.n.e.serviceregistry.EurekaServiceRegistry   :41   [32m        [0;39m Registering application DOUDING-EUREKA with eureka with status UP
2023-05-05 00:53:13.432 INFO  o.s.c.netflix.eureka.server.EurekaServerBootstrap :97   [32m        [0;39m Setting the eureka configuration..
2023-05-05 00:53:13.442 INFO  org.apache.coyote.http11.Http11NioProtocol        :173  [32m        [0;39m Starting ProtocolHandler ["http-nio-8761"]
2023-05-05 00:53:13.447 INFO  o.s.c.netflix.eureka.server.EurekaServerBootstrap :148  [32m        [0;39m isAws returned false
2023-05-05 00:53:13.448 INFO  o.s.c.netflix.eureka.server.EurekaServerBootstrap :114  [32m        [0;39m Initialized server context
2023-05-05 00:53:13.448 INFO  c.n.eureka.registry.PeerAwareInstanceRegistryImpl :244  [32m        [0;39m Got 1 instances from neighboring DS node
2023-05-05 00:53:13.448 INFO  c.n.eureka.registry.PeerAwareInstanceRegistryImpl :245  [32m        [0;39m Renew threshold is: 1
2023-05-05 00:53:13.449 INFO  c.n.eureka.registry.PeerAwareInstanceRegistryImpl :256  [32m        [0;39m Changing status to UP
2023-05-05 00:53:13.453 INFO  o.s.c.n.e.s.EurekaServerInitializerConfiguration  :69   [32m        [0;39m Started Eureka Server
2023-05-05 00:53:13.458 INFO  o.s.boot.web.embedded.tomcat.TomcatWebServer      :220  [32m        [0;39m Tomcat started on port(s): 8761 (http) with context path ''
2023-05-05 00:53:13.459 INFO  o.s.c.n.e.s.EurekaAutoServiceRegistration         :144  [32m        [0;39m Updating port to 8761
2023-05-05 00:53:15.339 INFO  org.springframework.cloud.commons.util.InetUtils  :170  [32m        [0;39m Cannot determine local hostname
2023-05-05 00:53:15.364 INFO  com.douding.EurekaApplication                     :61   [32m        [0;39m Started EurekaApplication in 10.74 seconds (JVM running for 12.304)
2023-05-05 00:53:15.370 INFO  com.douding.EurekaApplication                     :21   [32m        [0;39m 启动成功！！
2023-05-05 00:53:15.370 INFO  com.douding.EurekaApplication                     :22   [32m        [0;39m Eureka地址: 	http://127.0.0.1:8761
2023-05-05 00:53:15.383 INFO  o.a.c.core.ContainerBase.[Tomcat].[localhost].[/] :173  [32m        [0;39m Initializing Spring DispatcherServlet 'dispatcherServlet'
2023-05-05 00:53:15.383 INFO  org.springframework.web.servlet.DispatcherServlet :525  [32m        [0;39m Initializing Servlet 'dispatcherServlet'
2023-05-05 00:53:15.384 INFO  org.springframework.web.servlet.DispatcherServlet :547  [32m        [0;39m Completed initialization in 1 ms
2023-05-05 00:53:15.398 WARN  c.netflix.eureka.registry.AbstractInstanceRegistry:360  [32m        [0;39m DS: Registry: lease doesn't exist, registering resource: API-BUSINESS - localhost:api-business:9002
2023-05-05 00:53:15.399 WARN  com.netflix.eureka.resources.InstanceResource     :116  [32m        [0;39m Not Found (Renew): API-BUSINESS - localhost:api-business:9002
2023-05-05 00:53:15.502 INFO  c.netflix.eureka.registry.AbstractInstanceRegistry:266  [32m        [0;39m Registered instance API-BUSINESS/localhost:api-business:9002 with status UP (replication=false)
2023-05-05 00:53:16.071 INFO  c.netflix.eureka.registry.AbstractInstanceRegistry:266  [32m        [0;39m Registered instance API-BUSINESS/localhost:api-business:9002 with status UP (replication=true)
2023-05-05 00:53:23.462 WARN  c.netflix.eureka.registry.AbstractInstanceRegistry:360  [32m        [0;39m DS: Registry: lease doesn't exist, registering resource: API-SYSTEM - localhost:api-system:9001
2023-05-05 00:53:23.463 WARN  com.netflix.eureka.resources.InstanceResource     :116  [32m        [0;39m Not Found (Renew): API-SYSTEM - localhost:api-system:9001
2023-05-05 00:53:23.469 INFO  c.netflix.eureka.registry.AbstractInstanceRegistry:266  [32m        [0;39m Registered instance API-SYSTEM/localhost:api-system:9001 with status UP (replication=false)
2023-05-05 00:53:23.977 INFO  c.netflix.eureka.registry.AbstractInstanceRegistry:266  [32m        [0;39m Registered instance API-SYSTEM/localhost:api-system:9001 with status UP (replication=true)
2023-05-05 00:53:33.736 WARN  c.netflix.eureka.registry.AbstractInstanceRegistry:360  [32m        [0;39m DS: Registry: lease doesn't exist, registering resource: DOUDING-GATEWAY - localhost:douding-gateway:9000
2023-05-05 00:53:33.736 WARN  com.netflix.eureka.resources.InstanceResource     :116  [32m        [0;39m Not Found (Renew): DOUDING-GATEWAY - localhost:douding-gateway:9000
2023-05-05 00:53:33.742 INFO  c.netflix.eureka.registry.AbstractInstanceRegistry:266  [32m        [0;39m Registered instance DOUDING-GATEWAY/localhost:douding-gateway:9000 with status UP (replication=false)
2023-05-05 00:53:34.249 INFO  c.netflix.eureka.registry.AbstractInstanceRegistry:266  [32m        [0;39m Registered instance DOUDING-GATEWAY/localhost:douding-gateway:9000 with status UP (replication=true)
2023-05-05 00:53:34.354 WARN  c.netflix.eureka.registry.AbstractInstanceRegistry:360  [32m        [0;39m DS: Registry: lease doesn't exist, registering resource: DOUDING-CONFIG - localhost:douding-config:8888
2023-05-05 00:53:34.354 WARN  com.netflix.eureka.resources.InstanceResource     :116  [32m        [0;39m Not Found (Renew): DOUDING-CONFIG - localhost:douding-config:8888
2023-05-05 00:53:34.358 INFO  c.netflix.eureka.registry.AbstractInstanceRegistry:266  [32m        [0;39m Registered instance DOUDING-CONFIG/localhost:douding-config:8888 with status UP (replication=false)
2023-05-05 00:53:34.470 WARN  c.netflix.eureka.registry.AbstractInstanceRegistry:790  [32m        [0;39m No remote registry available for the remote region us-east-1
2023-05-05 00:53:34.870 INFO  c.netflix.eureka.registry.AbstractInstanceRegistry:266  [32m        [0;39m Registered instance DOUDING-CONFIG/localhost:douding-config:8888 with status UP (replication=true)
2023-05-05 00:53:42.930 WARN  c.netflix.eureka.registry.AbstractInstanceRegistry:360  [32m        [0;39m DS: Registry: lease doesn't exist, registering resource: API-FILE - localhost:api-file:9003
2023-05-05 00:53:42.931 WARN  com.netflix.eureka.resources.InstanceResource     :116  [32m        [0;39m Not Found (Renew): API-FILE - localhost:api-file:9003
2023-05-05 00:53:42.937 INFO  c.netflix.eureka.registry.AbstractInstanceRegistry:266  [32m        [0;39m Registered instance API-FILE/localhost:api-file:9003 with status UP (replication=false)
2023-05-05 00:53:43.444 INFO  c.netflix.eureka.registry.AbstractInstanceRegistry:266  [32m        [0;39m Registered instance API-FILE/localhost:api-file:9003 with status UP (replication=true)
2023-05-05 00:54:00.003 WARN  c.netflix.eureka.registry.AbstractInstanceRegistry:790  [32m        [0;39m No remote registry available for the remote region us-east-1
2023-05-05 00:54:08.252 INFO  c.netflix.eureka.registry.AbstractInstanceRegistry:266  [32m        [0;39m Registered instance DOUDING-CONFIG/localhost:douding-config:8888 with status DOWN (replication=false)
2023-05-05 00:54:08.761 INFO  c.netflix.eureka.registry.AbstractInstanceRegistry:266  [32m        [0;39m Registered instance DOUDING-CONFIG/localhost:douding-config:8888 with status DOWN (replication=true)
2023-05-05 00:54:11.864 INFO  c.netflix.eureka.registry.AbstractInstanceRegistry:328  [32m        [0;39m Cancelled instance DOUDING-CONFIG/localhost:douding-config:8888 (replication=false)
2023-05-05 00:54:12.374 WARN  c.netflix.eureka.registry.AbstractInstanceRegistry:313  [32m        [0;39m DS: Registry: cancel failed because Lease is not registered for: DOUDING-CONFIG/localhost:douding-config:8888
2023-05-05 00:54:12.374 INFO  com.netflix.eureka.resources.InstanceResource     :288  [32m        [0;39m Not Found (Cancel): DOUDING-CONFIG - localhost:douding-config:8888
2023-05-05 00:54:12.376 WARN  com.netflix.eureka.cluster.ReplicationTask        :35   [32m        [0;39m The replication of task DOUDING-CONFIG/localhost:douding-config:8888:Cancel@domain-eureka failed with response code 404
2023-05-05 00:54:12.376 WARN  com.netflix.eureka.cluster.PeerEurekaNode         :171  [32m        [0;39m DOUDING-CONFIG/localhost:douding-config:8888:Cancel@domain-eureka: missing entry.
2023-05-05 00:54:13.449 INFO  c.netflix.eureka.registry.AbstractInstanceRegistry:1247 [32m        [0;39m Running the evict task with compensationTime 0ms
2023-05-05 00:54:25.497 INFO  c.netflix.eureka.registry.AbstractInstanceRegistry:266  [32m        [0;39m Registered instance DOUDING-CONFIG/localhost:douding-config:8888 with status UP (replication=false)
2023-05-05 00:54:26.004 INFO  c.netflix.eureka.registry.AbstractInstanceRegistry:266  [32m        [0;39m Registered instance DOUDING-CONFIG/localhost:douding-config:8888 with status UP (replication=true)
2023-05-05 00:54:28.187 INFO  c.netflix.eureka.registry.AbstractInstanceRegistry:266  [32m        [0;39m Registered instance API-SYSTEM/localhost:api-system:9001 with status DOWN (replication=false)
2023-05-05 00:54:28.696 INFO  c.netflix.eureka.registry.AbstractInstanceRegistry:266  [32m        [0;39m Registered instance API-SYSTEM/localhost:api-system:9001 with status DOWN (replication=true)
2023-05-05 00:54:30.003 WARN  c.netflix.eureka.registry.AbstractInstanceRegistry:790  [32m        [0;39m No remote registry available for the remote region us-east-1
2023-05-05 00:54:32.008 INFO  c.netflix.eureka.registry.AbstractInstanceRegistry:328  [32m        [0;39m Cancelled instance API-SYSTEM/localhost:api-system:9001 (replication=false)
2023-05-05 00:54:32.515 WARN  c.netflix.eureka.registry.AbstractInstanceRegistry:313  [32m        [0;39m DS: Registry: cancel failed because Lease is not registered for: API-SYSTEM/localhost:api-system:9001
2023-05-05 00:54:32.515 INFO  com.netflix.eureka.resources.InstanceResource     :288  [32m        [0;39m Not Found (Cancel): API-SYSTEM - localhost:api-system:9001
2023-05-05 00:54:32.516 WARN  com.netflix.eureka.cluster.ReplicationTask        :35   [32m        [0;39m The replication of task API-SYSTEM/localhost:api-system:9001:Cancel@domain-eureka failed with response code 404
2023-05-05 00:54:32.516 WARN  com.netflix.eureka.cluster.PeerEurekaNode         :171  [32m        [0;39m API-SYSTEM/localhost:api-system:9001:Cancel@domain-eureka: missing entry.
2023-05-05 00:54:46.719 INFO  c.netflix.eureka.registry.AbstractInstanceRegistry:266  [32m        [0;39m Registered instance API-SYSTEM/localhost:api-system:9001 with status UP (replication=false)
2023-05-05 00:54:47.227 INFO  c.netflix.eureka.registry.AbstractInstanceRegistry:266  [32m        [0;39m Registered instance API-SYSTEM/localhost:api-system:9001 with status UP (replication=true)
2023-05-05 00:54:51.669 INFO  c.netflix.eureka.registry.AbstractInstanceRegistry:266  [32m        [0;39m Registered instance API-BUSINESS/localhost:api-business:9002 with status DOWN (replication=false)
2023-05-05 00:54:52.175 INFO  c.netflix.eureka.registry.AbstractInstanceRegistry:266  [32m        [0;39m Registered instance API-BUSINESS/localhost:api-business:9002 with status DOWN (replication=true)
2023-05-05 00:54:55.329 INFO  c.netflix.eureka.registry.AbstractInstanceRegistry:328  [32m        [0;39m Cancelled instance API-BUSINESS/localhost:api-business:9002 (replication=false)
2023-05-05 00:54:55.838 WARN  c.netflix.eureka.registry.AbstractInstanceRegistry:313  [32m        [0;39m DS: Registry: cancel failed because Lease is not registered for: API-BUSINESS/localhost:api-business:9002
2023-05-05 00:54:55.839 INFO  com.netflix.eureka.resources.InstanceResource     :288  [32m        [0;39m Not Found (Cancel): API-BUSINESS - localhost:api-business:9002
2023-05-05 00:54:55.841 WARN  com.netflix.eureka.cluster.ReplicationTask        :35   [32m        [0;39m The replication of task API-BUSINESS/localhost:api-business:9002:Cancel@domain-eureka failed with response code 404
2023-05-05 00:54:55.841 WARN  com.netflix.eureka.cluster.PeerEurekaNode         :171  [32m        [0;39m API-BUSINESS/localhost:api-business:9002:Cancel@domain-eureka: missing entry.
2023-05-05 00:55:00.004 WARN  c.netflix.eureka.registry.AbstractInstanceRegistry:790  [32m        [0;39m No remote registry available for the remote region us-east-1
2023-05-05 00:55:10.195 INFO  c.netflix.eureka.registry.AbstractInstanceRegistry:266  [32m        [0;39m Registered instance API-BUSINESS/localhost:api-business:9002 with status UP (replication=false)
2023-05-05 00:55:10.701 INFO  c.netflix.eureka.registry.AbstractInstanceRegistry:266  [32m        [0;39m Registered instance API-BUSINESS/localhost:api-business:9002 with status UP (replication=true)
2023-05-05 00:55:13.449 INFO  c.netflix.eureka.registry.AbstractInstanceRegistry:1247 [32m        [0;39m Running the evict task with compensationTime 0ms
2023-05-05 00:55:30.004 WARN  c.netflix.eureka.registry.AbstractInstanceRegistry:790  [32m        [0;39m No remote registry available for the remote region us-east-1
2023-05-05 00:55:42.419 INFO  c.netflix.eureka.registry.AbstractInstanceRegistry:266  [32m        [0;39m Registered instance API-FILE/localhost:api-file:9003 with status DOWN (replication=false)
2023-05-05 00:55:42.927 INFO  c.netflix.eureka.registry.AbstractInstanceRegistry:266  [32m        [0;39m Registered instance API-FILE/localhost:api-file:9003 with status DOWN (replication=true)
2023-05-05 00:55:46.062 INFO  c.netflix.eureka.registry.AbstractInstanceRegistry:328  [32m        [0;39m Cancelled instance API-FILE/localhost:api-file:9003 (replication=false)
2023-05-05 00:55:46.570 WARN  c.netflix.eureka.registry.AbstractInstanceRegistry:313  [32m        [0;39m DS: Registry: cancel failed because Lease is not registered for: API-FILE/localhost:api-file:9003
2023-05-05 00:55:46.570 INFO  com.netflix.eureka.resources.InstanceResource     :288  [32m        [0;39m Not Found (Cancel): API-FILE - localhost:api-file:9003
2023-05-05 00:55:46.571 WARN  com.netflix.eureka.cluster.ReplicationTask        :35   [32m        [0;39m The replication of task API-FILE/localhost:api-file:9003:Cancel@domain-eureka failed with response code 404
2023-05-05 00:55:46.571 WARN  com.netflix.eureka.cluster.PeerEurekaNode         :171  [32m        [0;39m API-FILE/localhost:api-file:9003:Cancel@domain-eureka: missing entry.
2023-05-05 00:56:00.004 WARN  c.netflix.eureka.registry.AbstractInstanceRegistry:790  [32m        [0;39m No remote registry available for the remote region us-east-1
2023-05-05 00:56:02.242 INFO  c.netflix.eureka.registry.AbstractInstanceRegistry:266  [32m        [0;39m Registered instance API-FILE/localhost:api-file:9003 with status UP (replication=false)
2023-05-05 00:56:02.750 INFO  c.netflix.eureka.registry.AbstractInstanceRegistry:266  [32m        [0;39m Registered instance API-FILE/localhost:api-file:9003 with status UP (replication=true)
2023-05-05 00:56:13.450 INFO  c.netflix.eureka.registry.AbstractInstanceRegistry:1247 [32m        [0;39m Running the evict task with compensationTime 0ms
2023-05-05 00:56:30.004 WARN  c.netflix.eureka.registry.AbstractInstanceRegistry:790  [32m        [0;39m No remote registry available for the remote region us-east-1
2023-05-05 00:56:46.511 INFO  c.netflix.eureka.registry.AbstractInstanceRegistry:266  [32m        [0;39m Registered instance DOUDING-GATEWAY/localhost:douding-gateway:9000 with status DOWN (replication=false)
2023-05-05 00:56:47.018 INFO  c.netflix.eureka.registry.AbstractInstanceRegistry:266  [32m        [0;39m Registered instance DOUDING-GATEWAY/localhost:douding-gateway:9000 with status DOWN (replication=true)
2023-05-05 00:56:51.749 INFO  c.netflix.eureka.registry.AbstractInstanceRegistry:328  [32m        [0;39m Cancelled instance DOUDING-GATEWAY/localhost:douding-gateway:9000 (replication=false)
2023-05-05 00:56:52.257 WARN  c.netflix.eureka.registry.AbstractInstanceRegistry:313  [32m        [0;39m DS: Registry: cancel failed because Lease is not registered for: DOUDING-GATEWAY/localhost:douding-gateway:9000
2023-05-05 00:56:52.257 INFO  com.netflix.eureka.resources.InstanceResource     :288  [32m        [0;39m Not Found (Cancel): DOUDING-GATEWAY - localhost:douding-gateway:9000
2023-05-05 00:56:52.257 WARN  com.netflix.eureka.cluster.ReplicationTask        :35   [32m        [0;39m The replication of task DOUDING-GATEWAY/localhost:douding-gateway:9000:Cancel@domain-eureka failed with response code 404
2023-05-05 00:56:52.258 WARN  com.netflix.eureka.cluster.PeerEurekaNode         :171  [32m        [0;39m DOUDING-GATEWAY/localhost:douding-gateway:9000:Cancel@domain-eureka: missing entry.
2023-05-05 00:57:00.004 WARN  c.netflix.eureka.registry.AbstractInstanceRegistry:790  [32m        [0;39m No remote registry available for the remote region us-east-1
2023-05-05 00:57:08.678 INFO  c.netflix.eureka.registry.AbstractInstanceRegistry:266  [32m        [0;39m Registered instance DOUDING-GATEWAY/localhost:douding-gateway:9000 with status UP (replication=false)
2023-05-05 00:57:09.185 INFO  c.netflix.eureka.registry.AbstractInstanceRegistry:266  [32m        [0;39m Registered instance DOUDING-GATEWAY/localhost:douding-gateway:9000 with status UP (replication=true)
2023-05-05 00:57:13.451 INFO  c.netflix.eureka.registry.AbstractInstanceRegistry:1247 [32m        [0;39m Running the evict task with compensationTime 0ms
2023-05-05 00:57:30.005 WARN  c.netflix.eureka.registry.AbstractInstanceRegistry:790  [32m        [0;39m No remote registry available for the remote region us-east-1
2023-05-05 00:58:13.451 INFO  c.netflix.eureka.registry.AbstractInstanceRegistry:1247 [32m        [0;39m Running the evict task with compensationTime 0ms
2023-05-05 00:59:13.451 INFO  c.netflix.eureka.registry.AbstractInstanceRegistry:1247 [32m        [0;39m Running the evict task with compensationTime 0ms
2023-05-05 01:00:13.451 INFO  c.netflix.eureka.registry.AbstractInstanceRegistry:1247 [32m        [0;39m Running the evict task with compensationTime 0ms
2023-05-05 01:00:30.007 WARN  c.netflix.eureka.registry.AbstractInstanceRegistry:790  [32m        [0;39m No remote registry available for the remote region us-east-1
2023-05-05 01:01:13.452 INFO  c.netflix.eureka.registry.AbstractInstanceRegistry:1247 [32m        [0;39m Running the evict task with compensationTime 0ms
2023-05-05 01:02:13.453 INFO  c.netflix.eureka.registry.AbstractInstanceRegistry:1247 [32m        [0;39m Running the evict task with compensationTime 0ms
2023-05-05 01:03:13.453 INFO  c.netflix.eureka.registry.AbstractInstanceRegistry:1247 [32m        [0;39m Running the evict task with compensationTime 0ms
2023-05-05 01:03:30.010 WARN  c.netflix.eureka.registry.AbstractInstanceRegistry:790  [32m        [0;39m No remote registry available for the remote region us-east-1
2023-05-05 01:04:13.453 INFO  c.netflix.eureka.registry.AbstractInstanceRegistry:1247 [32m        [0;39m Running the evict task with compensationTime 0ms
2023-05-05 01:05:13.454 INFO  c.netflix.eureka.registry.AbstractInstanceRegistry:1247 [32m        [0;39m Running the evict task with compensationTime 0ms
2023-05-05 01:06:13.455 INFO  c.netflix.eureka.registry.AbstractInstanceRegistry:1247 [32m        [0;39m Running the evict task with compensationTime 1ms
2023-05-05 01:06:30.013 WARN  c.netflix.eureka.registry.AbstractInstanceRegistry:790  [32m        [0;39m No remote registry available for the remote region us-east-1
2023-05-05 01:07:13.456 INFO  c.netflix.eureka.registry.AbstractInstanceRegistry:1247 [32m        [0;39m Running the evict task with compensationTime 0ms
2023-05-05 01:08:13.379 INFO  c.n.eureka.registry.PeerAwareInstanceRegistryImpl :552  [32m        [0;39m Current renewal threshold is : 10
2023-05-05 01:08:13.456 INFO  c.netflix.eureka.registry.AbstractInstanceRegistry:1247 [32m        [0;39m Running the evict task with compensationTime 0ms
2023-05-05 01:09:13.456 INFO  c.netflix.eureka.registry.AbstractInstanceRegistry:1247 [32m        [0;39m Running the evict task with compensationTime 0ms
2023-05-05 01:09:30.017 WARN  c.netflix.eureka.registry.AbstractInstanceRegistry:790  [32m        [0;39m No remote registry available for the remote region us-east-1
2023-05-05 01:10:13.456 INFO  c.netflix.eureka.registry.AbstractInstanceRegistry:1247 [32m        [0;39m Running the evict task with compensationTime 0ms
2023-05-05 01:11:13.457 INFO  c.netflix.eureka.registry.AbstractInstanceRegistry:1247 [32m        [0;39m Running the evict task with compensationTime 0ms
2023-05-05 01:12:13.457 INFO  c.netflix.eureka.registry.AbstractInstanceRegistry:1247 [32m        [0;39m Running the evict task with compensationTime 0ms
2023-05-05 01:12:30.020 WARN  c.netflix.eureka.registry.AbstractInstanceRegistry:790  [32m        [0;39m No remote registry available for the remote region us-east-1
2023-05-05 01:13:13.458 INFO  c.netflix.eureka.registry.AbstractInstanceRegistry:1247 [32m        [0;39m Running the evict task with compensationTime 1ms
2023-05-05 01:14:13.458 INFO  c.netflix.eureka.registry.AbstractInstanceRegistry:1247 [32m        [0;39m Running the evict task with compensationTime 0ms
2023-05-05 01:15:13.458 INFO  c.netflix.eureka.registry.AbstractInstanceRegistry:1247 [32m        [0;39m Running the evict task with compensationTime 0ms
2023-05-05 01:15:30.023 WARN  c.netflix.eureka.registry.AbstractInstanceRegistry:790  [32m        [0;39m No remote registry available for the remote region us-east-1
2023-05-05 01:16:13.458 INFO  c.netflix.eureka.registry.AbstractInstanceRegistry:1247 [32m        [0;39m Running the evict task with compensationTime 0ms
2023-05-05 01:17:13.459 INFO  c.netflix.eureka.registry.AbstractInstanceRegistry:1247 [32m        [0;39m Running the evict task with compensationTime 0ms
2023-05-05 01:18:13.459 INFO  c.netflix.eureka.registry.AbstractInstanceRegistry:1247 [32m        [0;39m Running the evict task with compensationTime 0ms
2023-05-05 01:18:30.025 WARN  c.netflix.eureka.registry.AbstractInstanceRegistry:790  [32m        [0;39m No remote registry available for the remote region us-east-1
2023-05-05 01:19:13.460 INFO  c.netflix.eureka.registry.AbstractInstanceRegistry:1247 [32m        [0;39m Running the evict task with compensationTime 0ms
2023-05-05 01:20:13.460 INFO  c.netflix.eureka.registry.AbstractInstanceRegistry:1247 [32m        [0;39m Running the evict task with compensationTime 0ms
2023-05-05 01:21:13.460 INFO  c.netflix.eureka.registry.AbstractInstanceRegistry:1247 [32m        [0;39m Running the evict task with compensationTime 0ms
2023-05-05 01:21:30.030 WARN  c.netflix.eureka.registry.AbstractInstanceRegistry:790  [32m        [0;39m No remote registry available for the remote region us-east-1
2023-05-05 01:22:13.461 INFO  c.netflix.eureka.registry.AbstractInstanceRegistry:1247 [32m        [0;39m Running the evict task with compensationTime 0ms
2023-05-05 01:23:13.380 INFO  c.n.eureka.registry.PeerAwareInstanceRegistryImpl :552  [32m        [0;39m Current renewal threshold is : 10
2023-05-05 01:23:13.461 INFO  c.netflix.eureka.registry.AbstractInstanceRegistry:1247 [32m        [0;39m Running the evict task with compensationTime 0ms
2023-05-05 01:24:13.462 INFO  c.netflix.eureka.registry.AbstractInstanceRegistry:1247 [32m        [0;39m Running the evict task with compensationTime 0ms
2023-05-05 01:24:30.033 WARN  c.netflix.eureka.registry.AbstractInstanceRegistry:790  [32m        [0;39m No remote registry available for the remote region us-east-1
2023-05-05 01:25:13.463 INFO  c.netflix.eureka.registry.AbstractInstanceRegistry:1247 [32m        [0;39m Running the evict task with compensationTime 0ms
2023-05-05 01:25:21.283 INFO  o.s.c.n.e.serviceregistry.EurekaServiceRegistry   :62   [32m        [0;39m Unregistering application DOUDING-EUREKA with eureka with status DOWN
2023-05-05 01:25:21.923 INFO  o.s.c.netflix.eureka.server.EurekaServerBootstrap :83   [32m        [0;39m Shutting down Eureka Server..
2023-05-05 01:25:21.926 INFO  com.netflix.eureka.DefaultEurekaServerContext     :79   [32m        [0;39m Shutting down ...
2023-05-05 01:25:21.927 INFO  com.netflix.servo.monitor.StatsMonitor            :426  [32m        [0;39m Attempting to get the value for an expired monitor: eurekaServer.replication.batchSize.Will start computing stats again.
2023-05-05 01:25:21.929 INFO  com.netflix.servo.monitor.StatsMonitor            :426  [32m        [0;39m Attempting to get the value for an expired monitor: eurekaServer.replication.executionTime.Will start computing stats again.
2023-05-05 01:25:21.930 INFO  com.netflix.servo.monitor.StatsMonitor            :426  [32m        [0;39m Attempting to get the value for an expired monitor: eurekaServer.replication.executionTime.Will start computing stats again.
2023-05-05 01:25:21.930 INFO  com.netflix.servo.monitor.StatsMonitor            :426  [32m        [0;39m Attempting to get the value for an expired monitor: eurekaServer.replication.batchSize.Will start computing stats again.
2023-05-05 01:25:21.939 INFO  com.netflix.eureka.DefaultEurekaServerContext     :84   [32m        [0;39m Shut down
2023-05-05 01:25:21.939 INFO  o.s.c.netflix.eureka.server.EurekaServerBootstrap :93   [32m        [0;39m Eureka Service is now shutdown...
2023-05-05 01:25:21.940 INFO  com.netflix.eureka.DefaultEurekaServerContext     :79   [32m        [0;39m Shutting down ...
2023-05-05 01:25:21.943 INFO  com.netflix.eureka.DefaultEurekaServerContext     :84   [32m        [0;39m Shut down
2023-05-05 01:25:21.949 INFO  com.netflix.discovery.DiscoveryClient             :935  [32m        [0;39m Shutting down DiscoveryClient ...
2023-05-05 01:25:21.950 INFO  com.netflix.discovery.DiscoveryClient             :960  [32m        [0;39m Completed shut down of DiscoveryClient
