2023-05-11 16:23:58.656 INFO  org.hibernate.validator.internal.util.Version     :21   [32m        [0;39m HV000001: Hibernate Validator 6.2.0.Final
2023-05-11 16:23:58.676 INFO  o.s.b.d.env.DevToolsPropertyDefaultsPostProcessor :255  [32m        [0;39m Devtools property defaults active! Set 'spring.devtools.add-properties' to 'false' to disable
2023-05-11 16:23:59.863 INFO  o.s.c.c.client.ConfigServicePropertySourceLocator :226  [32m        [0;39m Fetching config from server at : http://domain-config:8888/
2023-05-11 16:24:00.021 INFO  o.s.c.c.client.ConfigServicePropertySourceLocator :150  [32m        [0;39m Located environment: name=api-system, profiles=[dev], label=dev, version=null, state=null
2023-05-11 16:24:00.021 INFO  o.s.c.b.c.PropertySourceBootstrapConfiguration    :109  [32m        [0;39m Located property source: [BootstrapPropertySource {name='bootstrapProperties-configClient'}, BootstrapPropertySource {name='bootstrapProperties-class path resource [config/dev/api-system-dev.yml]'}]
2023-05-11 16:24:00.035 INFO  com.douding.system.SystemApplication              :663  [32m        [0;39m The following profiles are active: dev
2023-05-11 16:24:00.693 INFO  o.s.d.r.config.RepositoryConfigurationDelegate    :262  [32m        [0;39m Multiple Spring Data modules found, entering strict repository configuration mode!
2023-05-11 16:24:00.695 INFO  o.s.d.r.config.RepositoryConfigurationDelegate    :132  [32m        [0;39m Bootstrapping Spring Data Redis repositories in DEFAULT mode.
2023-05-11 16:24:00.712 INFO  o.s.d.r.config.RepositoryConfigurationDelegate    :201  [32m        [0;39m Finished Spring Data repository scanning in 5 ms. Found 0 Redis repository interfaces.
2023-05-11 16:24:00.898 INFO  o.springframework.cloud.context.scope.GenericScope:283  [32m        [0;39m BeanFactory id=2c6dd185-5e84-318b-aeab-2e185311e4a7
2023-05-11 16:24:01.558 INFO  o.s.boot.web.embedded.tomcat.TomcatWebServer      :108  [32m        [0;39m Tomcat initialized with port(s): 9001 (http)
2023-05-11 16:24:01.565 INFO  org.apache.coyote.http11.Http11NioProtocol        :173  [32m        [0;39m Initializing ProtocolHandler ["http-nio-9001"]
2023-05-11 16:24:01.565 INFO  org.apache.catalina.core.StandardService          :173  [32m        [0;39m Starting service [Tomcat]
2023-05-11 16:24:01.565 INFO  org.apache.catalina.core.StandardEngine           :173  [32m        [0;39m Starting Servlet engine: [Apache Tomcat/9.0.50]
2023-05-11 16:24:01.567 INFO  org.apache.catalina.core.AprLifecycleListener     :173  [32m        [0;39m Loaded Apache Tomcat Native library [1.2.34] using APR version [1.7.0].
2023-05-11 16:24:01.567 INFO  org.apache.catalina.core.AprLifecycleListener     :173  [32m        [0;39m APR capabilities: IPv6 [true], sendfile [true], accept filters [false], random [true], UDS [true].
2023-05-11 16:24:01.567 INFO  org.apache.catalina.core.AprLifecycleListener     :173  [32m        [0;39m APR/OpenSSL configuration: useAprConnector [false], useOpenSSL [true]
2023-05-11 16:24:01.570 INFO  org.apache.catalina.core.AprLifecycleListener     :173  [32m        [0;39m OpenSSL successfully initialized [OpenSSL 1.1.1o  3 May 2022]
2023-05-11 16:24:01.647 INFO  o.a.c.c.C.[Tomcat].[localhost].[/system]          :173  [32m        [0;39m Initializing Spring embedded WebApplicationContext
2023-05-11 16:24:01.648 INFO  o.s.b.w.s.c.ServletWebServerApplicationContext    :290  [32m        [0;39m Root WebApplicationContext: initialization completed in 1599 ms
2023-05-11 16:24:03.084 INFO  o.s.b.d.autoconfigure.OptionalLiveReloadServer    :58   [32m        [0;39m LiveReload server is running on port 35729
2023-05-11 16:24:04.087 INFO  o.s.c.n.e.c.DiscoveryClientOptionalArgsConfiguration:68   [32m        [0;39m Eureka HTTP Client uses RestTemplate.
2023-05-11 16:24:05.208 WARN  o.s.c.l.c.LoadBalancerCacheAutoConfiguration$LoadBalancerCaffeineWarnLogger:82   [32m        [0;39m Spring Cloud LoadBalancer is currently working with the default cache. You can switch to using Caffeine cache, by adding it and org.springframework.cache.caffeine.CaffeineCacheManager to the classpath.
2023-05-11 16:24:05.303 INFO  o.s.cloud.netflix.eureka.InstanceInfoFactory      :67   [32m        [0;39m Setting initial instance status as: STARTING
2023-05-11 16:24:05.331 INFO  com.netflix.discovery.DiscoveryClient             :372  [32m        [0;39m Initializing Eureka in region us-east-1
2023-05-11 16:24:05.336 INFO  c.n.d.shared.resolver.aws.ConfigClusterResolver   :43   [32m        [0;39m Resolving eureka endpoints via configuration
2023-05-11 16:24:05.353 INFO  com.netflix.discovery.DiscoveryClient             :1007 [32m        [0;39m Disable delta property : false
2023-05-11 16:24:05.353 INFO  com.netflix.discovery.DiscoveryClient             :1008 [32m        [0;39m Single vip registry refresh property : null
2023-05-11 16:24:05.353 INFO  com.netflix.discovery.DiscoveryClient             :1009 [32m        [0;39m Force full registry fetch : false
2023-05-11 16:24:05.353 INFO  com.netflix.discovery.DiscoveryClient             :1010 [32m        [0;39m Application is null : false
2023-05-11 16:24:05.353 INFO  com.netflix.discovery.DiscoveryClient             :1011 [32m        [0;39m Registered Applications size is zero : true
2023-05-11 16:24:05.354 INFO  com.netflix.discovery.DiscoveryClient             :1013 [32m        [0;39m Application version is -1: true
2023-05-11 16:24:05.354 INFO  com.netflix.discovery.DiscoveryClient             :1097 [32m        [0;39m Getting all instance registry info from the eureka server
2023-05-11 16:24:05.539 INFO  com.netflix.discovery.DiscoveryClient             :1106 [32m        [0;39m The response status is 200
2023-05-11 16:24:05.541 INFO  com.netflix.discovery.DiscoveryClient             :1321 [32m        [0;39m Starting heartbeat executor: renew interval is: 30
2023-05-11 16:24:05.544 INFO  com.netflix.discovery.InstanceInfoReplicator      :60   [32m        [0;39m InstanceInfoReplicator onDemand update allowed rate per min is 4
2023-05-11 16:24:05.548 INFO  com.netflix.discovery.DiscoveryClient             :492  [32m        [0;39m Discovery Client initialized at timestamp 1683793445548 with initial instances count: 1
2023-05-11 16:24:05.554 INFO  o.s.c.n.e.serviceregistry.EurekaServiceRegistry   :41   [32m        [0;39m Registering application API-SYSTEM with eureka with status UP
2023-05-11 16:24:05.555 INFO  com.netflix.discovery.DiscoveryClient             :1352 [32m        [0;39m Saw local status change event StatusChangeEvent [timestamp=1683793445554, current=UP, previous=STARTING]
2023-05-11 16:24:05.556 INFO  com.netflix.discovery.DiscoveryClient             :873  [32m        [0;39m DiscoveryClient_API-SYSTEM/DESKTOP-BNRK1OD:api-system:9001: registering service...
2023-05-11 16:24:05.558 INFO  org.apache.coyote.http11.Http11NioProtocol        :173  [32m        [0;39m Starting ProtocolHandler ["http-nio-9001"]
2023-05-11 16:24:05.577 INFO  o.s.boot.web.embedded.tomcat.TomcatWebServer      :220  [32m        [0;39m Tomcat started on port(s): 9001 (http) with context path '/system'
2023-05-11 16:24:05.578 INFO  o.s.c.n.e.s.EurekaAutoServiceRegistration         :144  [32m        [0;39m Updating port to 9001
2023-05-11 16:24:05.597 INFO  com.netflix.discovery.DiscoveryClient             :882  [32m        [0;39m DiscoveryClient_API-SYSTEM/DESKTOP-BNRK1OD:api-system:9001 - registration status: 204
2023-05-11 16:24:06.516 INFO  com.douding.system.SystemApplication              :61   [32m        [0;39m Started SystemApplication in 9.37 seconds (JVM running for 10.94)
2023-05-11 16:24:06.518 INFO  com.douding.system.SystemApplication              :25   [32m        [0;39m å¯åŠ¨æˆåŠŸï¼ï¼
2023-05-11 16:24:06.519 INFO  com.douding.system.SystemApplication              :26   [32m        [0;39m System: 	http://127.0.0.1:9001
2023-05-11 16:25:47.143 INFO  o.a.c.c.C.[Tomcat].[localhost].[/system]          :173  [32m        [0;39m Initializing Spring DispatcherServlet 'dispatcherServlet'
2023-05-11 16:25:47.144 INFO  org.springframework.web.servlet.DispatcherServlet :525  [32m        [0;39m Initializing Servlet 'dispatcherServlet'
2023-05-11 16:25:47.146 INFO  org.springframework.web.servlet.DispatcherServlet :547  [32m        [0;39m Completed initialization in 2 ms
2023-05-11 16:25:47.185 INFO  com.douding.server.config.LogAspect               :76   [32mnxjEVmxi[0;39m ------------- ã€å›¾ç‰‡éªŒè¯ç ã€‘æ“ä½œå¼€å§‹ -------------
2023-05-11 16:25:47.186 INFO  com.douding.server.config.LogAspect               :77   [32mnxjEVmxi[0;39m è¯·æ±‚åœ°å€: http://DESKTOP-BNRK1OD:9001/system/admin/kaptcha/image-code/MXsWkkNS GET
2023-05-11 16:25:47.186 INFO  com.douding.server.config.LogAspect               :78   [32mnxjEVmxi[0;39m ç±»åæ–¹æ³•: com.douding.system.controller.admin.KaptchaController.imageCode
2023-05-11 16:25:47.187 INFO  com.douding.server.config.LogAspect               :79   [32mnxjEVmxi[0;39m è¿œç¨‹åœ°å€: 127.0.0.1
2023-05-11 16:25:47.235 INFO  com.douding.server.config.LogAspect               :97   [32mnxjEVmxi[0;39m è¯·æ±‚å‚æ•°: ["MXsWkkNS",null,null]
2023-05-11 16:25:48.980 INFO  com.douding.server.config.LogAspect               :109  [32mnxjEVmxi[0;39m è¿”å›žç»“æžœ: null
2023-05-11 16:25:48.981 INFO  com.douding.server.config.LogAspect               :110  [32mnxjEVmxi[0;39m ------------- ç»“æŸ è€—æ—¶ï¼š1798 ms -------------
2023-05-11 16:25:51.881 INFO  com.douding.server.config.LogAspect               :76   [32mesLFSi8i[0;39m ------------- ã€ç”¨æˆ·ã€‘æ“ä½œå¼€å§‹ -------------
2023-05-11 16:25:51.882 INFO  com.douding.server.config.LogAspect               :77   [32mesLFSi8i[0;39m è¯·æ±‚åœ°å€: http://DESKTOP-BNRK1OD:9001/system/admin/user/login POST
2023-05-11 16:25:51.882 INFO  com.douding.server.config.LogAspect               :78   [32mesLFSi8i[0;39m ç±»åæ–¹æ³•: com.douding.system.controller.admin.UserController.login
2023-05-11 16:25:51.883 INFO  com.douding.server.config.LogAspect               :79   [32mesLFSi8i[0;39m è¿œç¨‹åœ°å€: 127.0.0.1
2023-05-11 16:25:51.916 INFO  com.douding.server.config.LogAspect               :97   [32mesLFSi8i[0;39m è¯·æ±‚å‚æ•°: [{"imageCode":"cc","imageCodeToken":"MXsWkkNS","loginName":"admin","password":"6fb8a81a9009027fb1a9355113aa2e5a"},null]
2023-05-11 16:25:51.969 INFO  com.zaxxer.hikari.HikariDataSource                :110  [32mesLFSi8i[0;39m HikariPool-1 - Starting...
2023-05-11 16:25:52.148 INFO  com.zaxxer.hikari.HikariDataSource                :123  [32mesLFSi8i[0;39m HikariPool-1 - Start completed.
2023-05-11 16:25:52.153 DEBUG c.douding.server.mapper.UserMapper.selectByExample:159  [32mesLFSi8i[0;39m ==>  Preparing: select id, login_name, `name`, `password` from user WHERE ( login_name = ? ) 
2023-05-11 16:25:52.170 DEBUG c.douding.server.mapper.UserMapper.selectByExample:159  [32mesLFSi8i[0;39m ==> Parameters: admin(String)
2023-05-11 16:25:52.187 TRACE c.douding.server.mapper.UserMapper.selectByExample:165  [32mesLFSi8i[0;39m <==    Columns: id, login_name, name, password
2023-05-11 16:25:52.187 TRACE c.douding.server.mapper.UserMapper.selectByExample:165  [32mesLFSi8i[0;39m <==        Row: T4wswetU, admin, alex, 1f15d405949c4ed3c2279aa6d48b1e9a
2023-05-11 16:25:52.188 DEBUG c.douding.server.mapper.UserMapper.selectByExample:159  [32mesLFSi8i[0;39m <==      Total: 1
2023-05-11 16:25:52.197 DEBUG c.d.server.mapper.my.MyUserMapper.findResources   :159  [32mesLFSi8i[0;39m ==>  Preparing: select distinct r.id, r.`name`, r.page, r.request, r.parent from role_user ru, role_resource rr, resource r where ru.user_id = ? and ru.role_id = rr.role_id and rr.resource_id = r.id order by r.id asc 
2023-05-11 16:25:52.197 DEBUG c.d.server.mapper.my.MyUserMapper.findResources   :159  [32mesLFSi8i[0;39m ==> Parameters: T4wswetU(String)
2023-05-11 16:25:52.199 TRACE c.d.server.mapper.my.MyUserMapper.findResources   :165  [32mesLFSi8i[0;39m <==    Columns: id, name, page, request, parent
2023-05-11 16:25:52.200 TRACE c.d.server.mapper.my.MyUserMapper.findResources   :165  [32mesLFSi8i[0;39m <==        Row: 00, æ¬¢è¿Ž, welcome, null, 
2023-05-11 16:25:52.201 TRACE c.d.server.mapper.my.MyUserMapper.findResources   :165  [32mesLFSi8i[0;39m <==        Row: 01, ç³»ç»Ÿç®¡ç†, null, null, 
2023-05-11 16:25:52.201 TRACE c.d.server.mapper.my.MyUserMapper.findResources   :165  [32mesLFSi8i[0;39m <==        Row: 0101, ç”¨æˆ·ç®¡ç†, system/user, null, 01
2023-05-11 16:25:52.202 TRACE c.d.server.mapper.my.MyUserMapper.findResources   :165  [32mesLFSi8i[0;39m <==        Row: 010101, ä¿å­˜, null, ["/system/admin/user/list","/system/admin/user/save"], 0101
2023-05-11 16:25:52.202 TRACE c.d.server.mapper.my.MyUserMapper.findResources   :165  [32mesLFSi8i[0;39m <==        Row: 010102, åˆ é™¤, null, ["/system/admin/user/delete"], 0101
2023-05-11 16:25:52.203 TRACE c.d.server.mapper.my.MyUserMapper.findResources   :165  [32mesLFSi8i[0;39m <==        Row: 010103, é‡ç½®å¯†ç , null, ["/system/admin/user/save-password"], 0101
2023-05-11 16:25:52.203 TRACE c.d.server.mapper.my.MyUserMapper.findResources   :165  [32mesLFSi8i[0;39m <==        Row: 0102, èµ„æºç®¡ç†, system/resource, null, 01
2023-05-11 16:25:52.203 TRACE c.d.server.mapper.my.MyUserMapper.findResources   :165  [32mesLFSi8i[0;39m <==        Row: 010201, ä¿å­˜/æ˜¾ç¤º, null, ["/system/admin/resource"], 0102
2023-05-11 16:25:52.203 TRACE c.d.server.mapper.my.MyUserMapper.findResources   :165  [32mesLFSi8i[0;39m <==        Row: 0103, è§’è‰²ç®¡ç†, system/role, null, 01
2023-05-11 16:25:52.203 TRACE c.d.server.mapper.my.MyUserMapper.findResources   :165  [32mesLFSi8i[0;39m <==        Row: 010301, è§’è‰²/æƒé™ç®¡ç†, null, ["/system/admin/role"], 0103
2023-05-11 16:25:52.204 TRACE c.d.server.mapper.my.MyUserMapper.findResources   :165  [32mesLFSi8i[0;39m <==        Row: 02, ä¸šåŠ¡ç®¡ç†, null, null, 
2023-05-11 16:25:52.204 TRACE c.d.server.mapper.my.MyUserMapper.findResources   :165  [32mesLFSi8i[0;39m <==        Row: 0201, åˆ†ç±»ç®¡ç†, business/category, null, 02
2023-05-11 16:25:52.204 TRACE c.d.server.mapper.my.MyUserMapper.findResources   :165  [32mesLFSi8i[0;39m <==        Row: 020101, å¢žåˆ æ”¹æŸ¥, null, ["/business/admin/category"], 0201
2023-05-11 16:25:52.205 TRACE c.d.server.mapper.my.MyUserMapper.findResources   :165  [32mesLFSi8i[0;39m <==        Row: 0202, è¯¾ç¨‹ç®¡ç†, business/course, null, 02
2023-05-11 16:25:52.205 TRACE c.d.server.mapper.my.MyUserMapper.findResources   :165  [32mesLFSi8i[0;39m <==        Row: 020201, å¢žåˆ æ”¹æŸ¥, null, ["/business/admin/course","/business/admin/category/all"], 0202
2023-05-11 16:25:52.205 TRACE c.d.server.mapper.my.MyUserMapper.findResources   :165  [32mesLFSi8i[0;39m <==        Row: 0203, è®²å¸ˆç®¡ç†, business/teacher, null, 02
2023-05-11 16:25:52.206 TRACE c.d.server.mapper.my.MyUserMapper.findResources   :165  [32mesLFSi8i[0;39m <==        Row: 020301, å¢žåˆ æ”¹æŸ¥, null, ["/business/admin/teacher"], 0203
2023-05-11 16:25:52.206 TRACE c.d.server.mapper.my.MyUserMapper.findResources   :165  [32mesLFSi8i[0;39m <==        Row: 0204, ä¼šå‘˜ç®¡ç†, business/member, null, 02
2023-05-11 16:25:52.207 TRACE c.d.server.mapper.my.MyUserMapper.findResources   :165  [32mesLFSi8i[0;39m <==        Row: 020401, å¢žåˆ æ”¹æŸ¥, null, ["/business/admin/member"], 0204
2023-05-11 16:25:52.207 TRACE c.d.server.mapper.my.MyUserMapper.findResources   :165  [32mesLFSi8i[0;39m <==        Row: 0205, çŸ­ä¿¡ç®¡ç†, business/sms, null, 02
2023-05-11 16:25:52.207 TRACE c.d.server.mapper.my.MyUserMapper.findResources   :165  [32mesLFSi8i[0;39m <==        Row: 020501, å¢žåˆ æ”¹æŸ¥, null, ["/business/admin/sms"], 0205
2023-05-11 16:25:52.207 TRACE c.d.server.mapper.my.MyUserMapper.findResources   :165  [32mesLFSi8i[0;39m <==        Row: 0206, å¤§ç« ç®¡ç†, business/chapter, null, 02
2023-05-11 16:25:52.208 TRACE c.d.server.mapper.my.MyUserMapper.findResources   :165  [32mesLFSi8i[0;39m <==        Row: 020601, å¢žåˆ æ”¹æŸ¥, null, ["/business/admin/chapter"], 0206
2023-05-11 16:25:52.208 TRACE c.d.server.mapper.my.MyUserMapper.findResources   :165  [32mesLFSi8i[0;39m <==        Row: 0207, å°èŠ‚ç®¡ç†, business/section, null, 02
2023-05-11 16:25:52.208 TRACE c.d.server.mapper.my.MyUserMapper.findResources   :165  [32mesLFSi8i[0;39m <==        Row: 020701, å¢žåˆ æ”¹æŸ¥, null, ["/business/admin/section"], 0207
2023-05-11 16:25:52.209 TRACE c.d.server.mapper.my.MyUserMapper.findResources   :165  [32mesLFSi8i[0;39m <==        Row: 0208, è¯¾ç¨‹å†…å®¹, business/content, null, 02
2023-05-11 16:25:52.209 TRACE c.d.server.mapper.my.MyUserMapper.findResources   :165  [32mesLFSi8i[0;39m <==        Row: 020801, å¢žåˆ æ”¹æŸ¥, null, ["/business/admin/course","/business/admin/course-content-file"], 0208
2023-05-11 16:25:52.209 TRACE c.d.server.mapper.my.MyUserMapper.findResources   :165  [32mesLFSi8i[0;39m <==        Row: 03, æ–‡ä»¶ç®¡ç†, null, null, 
2023-05-11 16:25:52.209 TRACE c.d.server.mapper.my.MyUserMapper.findResources   :165  [32mesLFSi8i[0;39m <==        Row: 0301, æ–‡ä»¶ç®¡ç†, file/file, null, 03
2023-05-11 16:25:52.210 TRACE c.d.server.mapper.my.MyUserMapper.findResources   :165  [32mesLFSi8i[0;39m <==        Row: 030101, æ–‡ä»¶ç®¡ç†, null, ["/file/admin/file"], 0301
2023-05-11 16:25:52.210 TRACE c.d.server.mapper.my.MyUserMapper.findResources   :165  [32mesLFSi8i[0;39m <==        Row: 030102, æ–‡ä»¶éªŒè¯, null, ["/file/admin/oss-check"], 0301
2023-05-11 16:25:52.210 TRACE c.d.server.mapper.my.MyUserMapper.findResources   :165  [32mesLFSi8i[0;39m <==        Row: 030103, æ–‡ä»¶ä¸Šä¼ , null, ["/file/admin/oss-append"], 0301
2023-05-11 16:25:52.211 DEBUG c.d.server.mapper.my.MyUserMapper.findResources   :159  [32mesLFSi8i[0;39m <==      Total: 32
2023-05-11 16:25:52.212 INFO  com.douding.server.service.UserService            :163  [32mesLFSi8i[0;39m æœ‰æƒé™çš„è¯·æ±‚ï¼š[/system/admin/user/save, /business/admin/section, /file/admin/oss-check, /business/admin/teacher, /system/admin/user/save-password, /system/admin/role, /file/admin/oss-append, /business/admin/chapter, /business/admin/sms, /system/admin/user/delete, /business/admin/category/all, /business/admin/course-content-file, /business/admin/category, /business/admin/course, /business/admin/member, /system/admin/user/list, /system/admin/resource, /file/admin/file]
2023-05-11 16:25:52.219 INFO  com.douding.system.controller.admin.UserController:124  [32mesLFSi8i[0;39m ç”¨æˆ·ç™»é™†æˆåŠŸLoginUserDto{id='T4wswetU', loginName='admin', name='alex', resources=[ResourceDto{id='00', name='æ¬¢è¿Ž', page='welcome', request='null', parent='', children=null}, ResourceDto{id='01', name='ç³»ç»Ÿç®¡ç†', page='null', request='null', parent='', children=null}, ResourceDto{id='0101', name='ç”¨æˆ·ç®¡ç†', page='system/user', request='null', parent='01', children=null}, ResourceDto{id='010101', name='ä¿å­˜', page='null', request='["/system/admin/user/list","/system/admin/user/save"]', parent='0101', children=null}, ResourceDto{id='010102', name='åˆ é™¤', page='null', request='["/system/admin/user/delete"]', parent='0101', children=null}, ResourceDto{id='010103', name='é‡ç½®å¯†ç ', page='null', request='["/system/admin/user/save-password"]', parent='0101', children=null}, ResourceDto{id='0102', name='èµ„æºç®¡ç†', page='system/resource', request='null', parent='01', children=null}, ResourceDto{id='010201', name='ä¿å­˜/æ˜¾ç¤º', page='null', request='["/system/admin/resource"]', parent='0102', children=null}, ResourceDto{id='0103', name='è§’è‰²ç®¡ç†', page='system/role', request='null', parent='01', children=null}, ResourceDto{id='010301', name='è§’è‰²/æƒé™ç®¡ç†', page='null', request='["/system/admin/role"]', parent='0103', children=null}, ResourceDto{id='02', name='ä¸šåŠ¡ç®¡ç†', page='null', request='null', parent='', children=null}, ResourceDto{id='0201', name='åˆ†ç±»ç®¡ç†', page='business/category', request='null', parent='02', children=null}, ResourceDto{id='020101', name='å¢žåˆ æ”¹æŸ¥', page='null', request='["/business/admin/category"]', parent='0201', children=null}, ResourceDto{id='0202', name='è¯¾ç¨‹ç®¡ç†', page='business/course', request='null', parent='02', children=null}, ResourceDto{id='020201', name='å¢žåˆ æ”¹æŸ¥', page='null', request='["/business/admin/course","/business/admin/category/all"]', parent='0202', children=null}, ResourceDto{id='0203', name='è®²å¸ˆç®¡ç†', page='business/teacher', request='null', parent='02', children=null}, ResourceDto{id='020301', name='å¢žåˆ æ”¹æŸ¥', page='null', request='["/business/admin/teacher"]', parent='0203', children=null}, ResourceDto{id='0204', name='ä¼šå‘˜ç®¡ç†', page='business/member', request='null', parent='02', children=null}, ResourceDto{id='020401', name='å¢žåˆ æ”¹æŸ¥', page='null', request='["/business/admin/member"]', parent='0204', children=null}, ResourceDto{id='0205', name='çŸ­ä¿¡ç®¡ç†', page='business/sms', request='null', parent='02', children=null}, ResourceDto{id='020501', name='å¢žåˆ æ”¹æŸ¥', page='null', request='["/business/admin/sms"]', parent='0205', children=null}, ResourceDto{id='0206', name='å¤§ç« ç®¡ç†', page='business/chapter', request='null', parent='02', children=null}, ResourceDto{id='020601', name='å¢žåˆ æ”¹æŸ¥', page='null', request='["/business/admin/chapter"]', parent='0206', children=null}, ResourceDto{id='0207', name='å°èŠ‚ç®¡ç†', page='business/section', request='null', parent='02', children=null}, ResourceDto{id='020701', name='å¢žåˆ æ”¹æŸ¥', page='null', request='["/business/admin/section"]', parent='0207', children=null}, ResourceDto{id='0208', name='è¯¾ç¨‹å†…å®¹', page='business/content', request='null', parent='02', children=null}, ResourceDto{id='020801', name='å¢žåˆ æ”¹æŸ¥', page='null', request='["/business/admin/course","/business/admin/course-content-file"]', parent='0208', children=null}, ResourceDto{id='03', name='æ–‡ä»¶ç®¡ç†', page='null', request='null', parent='', children=null}, ResourceDto{id='0301', name='æ–‡ä»¶ç®¡ç†', page='file/file', request='null', parent='03', children=null}, ResourceDto{id='030101', name='æ–‡ä»¶ç®¡ç†', page='null', request='["/file/admin/file"]', parent='0301', children=null}, ResourceDto{id='030102', name='æ–‡ä»¶éªŒè¯', page='null', request='["/file/admin/oss-check"]', parent='0301', children=null}, ResourceDto{id='030103', name='æ–‡ä»¶ä¸Šä¼ ', page='null', request='["/file/admin/oss-append"]', parent='0301', children=null}], requests=[/system/admin/user/save, /business/admin/section, /file/admin/oss-check, /business/admin/teacher, /system/admin/user/save-password, /system/admin/role, /file/admin/oss-append, /business/admin/chapter, /business/admin/sms, /system/admin/user/delete, /business/admin/category/all, /business/admin/course-content-file, /business/admin/category, /business/admin/course, /business/admin/member, /system/admin/user/list, /system/admin/resource, /file/admin/file], token='2KFTICEy'}
2023-05-11 16:25:52.221 INFO  com.douding.server.config.LogAspect               :109  [32mesLFSi8i[0;39m è¿”å›žç»“æžœ: {"content":{"id":"T4wswetU","loginName":"admin","name":"alex","requests":["/system/admin/user/save","/business/admin/section","/file/admin/oss-check","/business/admin/teacher","/system/admin/user/save-password","/system/admin/role","/file/admin/oss-append","/business/admin/chapter","/business/admin/sms","/system/admin/user/delete","/business/admin/category/all","/business/admin/course-content-file","/business/admin/category","/business/admin/course","/business/admin/member","/system/admin/user/list","/system/admin/resource","/file/admin/file"],"resources":[{"id":"00","name":"æ¬¢è¿Ž","page":"welcome","parent":""},{"id":"01","name":"ç³»ç»Ÿç®¡ç†","parent":""},{"id":"0101","name":"ç”¨æˆ·ç®¡ç†","page":"system/user","parent":"01"},{"id":"010101","name":"ä¿å­˜","parent":"0101","request":"[\"/system/admin/user/list\",\"/system/admin/user/save\"]"},{"id":"010102","name":"åˆ é™¤","parent":"0101","request":"[\"/system/admin/user/delete\"]"},{"id":"010103","name":"é‡ç½®å¯†ç ","parent":"0101","request":"[\"/system/admin/user/save-password\"]"},{"id":"0102","name":"èµ„æºç®¡ç†","page":"system/resource","parent":"01"},{"id":"010201","name":"ä¿å­˜/æ˜¾ç¤º","parent":"0102","request":"[\"/system/admin/resource\"]"},{"id":"0103","name":"è§’è‰²ç®¡ç†","page":"system/role","parent":"01"},{"id":"010301","name":"è§’è‰²/æƒé™ç®¡ç†","parent":"0103","request":"[\"/system/admin/role\"]"},{"id":"02","name":"ä¸šåŠ¡ç®¡ç†","parent":""},{"id":"0201","name":"åˆ†ç±»ç®¡ç†","page":"business/category","parent":"02"},{"id":"020101","name":"å¢žåˆ æ”¹æŸ¥","parent":"0201","request":"[\"/business/admin/category\"]"},{"id":"0202","name":"è¯¾ç¨‹ç®¡ç†","page":"business/course","parent":"02"},{"id":"020201","name":"å¢žåˆ æ”¹æŸ¥","parent":"0202","request":"[\"/business/admin/course\",\"/business/admin/category/all\"]"},{"id":"0203","name":"è®²å¸ˆç®¡ç†","page":"business/teacher","parent":"02"},{"id":"020301","name":"å¢žåˆ æ”¹æŸ¥","parent":"0203","request":"[\"/business/admin/teacher\"]"},{"id":"0204","name":"ä¼šå‘˜ç®¡ç†","page":"business/member","parent":"02"},{"id":"020401","name":"å¢žåˆ æ”¹æŸ¥","parent":"0204","request":"[\"/business/admin/member\"]"},{"id":"0205","name":"çŸ­ä¿¡ç®¡ç†","page":"business/sms","parent":"02"},{"id":"020501","name":"å¢žåˆ æ”¹æŸ¥","parent":"0205","request":"[\"/business/admin/sms\"]"},{"id":"0206","name":"å¤§ç« ç®¡ç†","page":"business/chapter","parent":"02"},{"id":"020601","name":"å¢žåˆ æ”¹æŸ¥","parent":"0206","request":"[\"/business/admin/chapter\"]"},{"id":"0207","name":"å°èŠ‚ç®¡ç†","page":"business/section","parent":"02"},{"id":"020701","name":"å¢žåˆ æ”¹æŸ¥","parent":"0207","request":"[\"/business/admin/section\"]"},{"id":"0208","name":"è¯¾ç¨‹å†…å®¹","page":"business/content","parent":"02"},{"id":"020801","name":"å¢žåˆ æ”¹æŸ¥","parent":"0208","request":"[\"/business/admin/course\",\"/business/admin/course-content-file\"]"},{"id":"03","name":"æ–‡ä»¶ç®¡ç†","parent":""},{"id":"0301","name":"æ–‡ä»¶ç®¡ç†","page":"file/file","parent":"03"},{"id":"030101","name":"æ–‡ä»¶ç®¡ç†","parent":"0301","request":"[\"/file/admin/file\"]"},{"id":"030102","name":"æ–‡ä»¶éªŒè¯","parent":"0301","request":"[\"/file/admin/oss-check\"]"},{"id":"030103","name":"æ–‡ä»¶ä¸Šä¼ ","parent":"0301","request":"[\"/file/admin/oss-append\"]"}],"token":"2KFTICEy"},"success":true}
2023-05-11 16:25:52.222 INFO  com.douding.server.config.LogAspect               :110  [32mesLFSi8i[0;39m ------------- ç»“æŸ è€—æ—¶ï¼š341 ms -------------
2023-05-11 16:25:55.009 INFO  com.douding.server.config.LogAspect               :76   [32mtyETt0jC[0;39m ------------- ã€ç”¨æˆ·ã€‘æŸ¥è¯¢å¼€å§‹ -------------
2023-05-11 16:25:55.009 INFO  com.douding.server.config.LogAspect               :77   [32mtyETt0jC[0;39m è¯·æ±‚åœ°å€: http://DESKTOP-BNRK1OD:9001/system/admin/user/list GET
2023-05-11 16:25:55.009 INFO  com.douding.server.config.LogAspect               :78   [32mtyETt0jC[0;39m ç±»åæ–¹æ³•: com.douding.system.controller.admin.UserController.list
2023-05-11 16:25:55.010 INFO  com.douding.server.config.LogAspect               :79   [32mtyETt0jC[0;39m è¿œç¨‹åœ°å€: 127.0.0.1
2023-05-11 16:25:55.011 INFO  com.douding.server.config.LogAspect               :97   [32mtyETt0jC[0;39m è¯·æ±‚å‚æ•°: [{"page":1,"size":5,"total":0}]
2023-05-11 16:25:55.030 DEBUG c.d.server.mapper.UserMapper.selectByExample_COUNT:159  [32mtyETt0jC[0;39m ==>  Preparing: SELECT count(0) FROM user 
2023-05-11 16:25:55.031 DEBUG c.d.server.mapper.UserMapper.selectByExample_COUNT:159  [32mtyETt0jC[0;39m ==> Parameters: 
2023-05-11 16:25:55.032 TRACE c.d.server.mapper.UserMapper.selectByExample_COUNT:165  [32mtyETt0jC[0;39m <==    Columns: count(0)
2023-05-11 16:25:55.032 TRACE c.d.server.mapper.UserMapper.selectByExample_COUNT:165  [32mtyETt0jC[0;39m <==        Row: 4
2023-05-11 16:25:55.033 DEBUG c.d.server.mapper.UserMapper.selectByExample_COUNT:159  [32mtyETt0jC[0;39m <==      Total: 1
2023-05-11 16:25:55.035 DEBUG c.douding.server.mapper.UserMapper.selectByExample:159  [32mtyETt0jC[0;39m ==>  Preparing: select id, login_name, `name`, `password` from user LIMIT ? 
2023-05-11 16:25:55.035 DEBUG c.douding.server.mapper.UserMapper.selectByExample:159  [32mtyETt0jC[0;39m ==> Parameters: 5(Integer)
2023-05-11 16:25:55.036 TRACE c.douding.server.mapper.UserMapper.selectByExample:165  [32mtyETt0jC[0;39m <==    Columns: id, login_name, name, password
2023-05-11 16:25:55.036 TRACE c.douding.server.mapper.UserMapper.selectByExample:165  [32mtyETt0jC[0;39m <==        Row: 10000000, test, æµ‹è¯•, e70e2222a9d67c4f2eae107533359aa4
2023-05-11 16:25:55.037 TRACE c.douding.server.mapper.UserMapper.selectByExample:165  [32mtyETt0jC[0;39m <==        Row: n7bz8IP9, wang, çŽ‹å¤§, 610ad5531b49d9e93362bb4c5b98ed50
2023-05-11 16:25:55.037 TRACE c.douding.server.mapper.UserMapper.selectByExample:165  [32mtyETt0jC[0;39m <==        Row: qk2s5PS6, test2, alexnew, 610ad5531b49d9e93362bb4c5b98ed50
2023-05-11 16:25:55.037 TRACE c.douding.server.mapper.UserMapper.selectByExample:165  [32mtyETt0jC[0;39m <==        Row: T4wswetU, admin, alex, 1f15d405949c4ed3c2279aa6d48b1e9a
2023-05-11 16:25:55.037 DEBUG c.douding.server.mapper.UserMapper.selectByExample:159  [32mtyETt0jC[0;39m <==      Total: 4
2023-05-11 16:25:55.040 INFO  com.douding.server.config.LogAspect               :109  [32mtyETt0jC[0;39m è¿”å›žç»“æžœ: {"content":{"list":[{"id":"10000000","loginName":"test","name":"æµ‹è¯•"},{"id":"n7bz8IP9","loginName":"wang","name":"çŽ‹å¤§"},{"id":"qk2s5PS6","loginName":"test2","name":"alexnew"},{"id":"T4wswetU","loginName":"admin","name":"alex"}],"page":1,"size":5,"total":4},"success":true}
2023-05-11 16:25:55.041 INFO  com.douding.server.config.LogAspect               :110  [32mtyETt0jC[0;39m ------------- ç»“æŸ è€—æ—¶ï¼š32 ms -------------
2023-05-11 16:25:56.145 INFO  com.douding.server.config.LogAspect               :76   [32mQnYFvRuk[0;39m ------------- ã€èµ„æºã€‘æ“ä½œå¼€å§‹ -------------
2023-05-11 16:25:56.145 INFO  com.douding.server.config.LogAspect               :77   [32mQnYFvRuk[0;39m è¯·æ±‚åœ°å€: http://DESKTOP-BNRK1OD:9001/system/admin/resource/load-tree GET
2023-05-11 16:25:56.145 INFO  com.douding.server.config.LogAspect               :78   [32mQnYFvRuk[0;39m ç±»åæ–¹æ³•: com.douding.system.controller.admin.ResourceController.loadTree
2023-05-11 16:25:56.145 INFO  com.douding.server.config.LogAspect               :79   [32mQnYFvRuk[0;39m è¿œç¨‹åœ°å€: 127.0.0.1
2023-05-11 16:25:56.145 INFO  com.douding.server.config.LogAspect               :97   [32mQnYFvRuk[0;39m è¯·æ±‚å‚æ•°: []
2023-05-11 16:25:56.150 DEBUG c.d.server.mapper.ResourceMapper.selectByExample  :159  [32mQnYFvRuk[0;39m ==>  Preparing: select id, `name`, page, request, parent from resource order by id asc 
2023-05-11 16:25:56.151 DEBUG c.d.server.mapper.ResourceMapper.selectByExample  :159  [32mQnYFvRuk[0;39m ==> Parameters: 
2023-05-11 16:25:56.152 TRACE c.d.server.mapper.ResourceMapper.selectByExample  :165  [32mQnYFvRuk[0;39m <==    Columns: id, name, page, request, parent
2023-05-11 16:25:56.152 TRACE c.d.server.mapper.ResourceMapper.selectByExample  :165  [32mQnYFvRuk[0;39m <==        Row: 00, æ¬¢è¿Ž, welcome, null, 
2023-05-11 16:25:56.152 TRACE c.d.server.mapper.ResourceMapper.selectByExample  :165  [32mQnYFvRuk[0;39m <==        Row: 01, ç³»ç»Ÿç®¡ç†, null, null, 
2023-05-11 16:25:56.152 TRACE c.d.server.mapper.ResourceMapper.selectByExample  :165  [32mQnYFvRuk[0;39m <==        Row: 0101, ç”¨æˆ·ç®¡ç†, system/user, null, 01
2023-05-11 16:25:56.153 TRACE c.d.server.mapper.ResourceMapper.selectByExample  :165  [32mQnYFvRuk[0;39m <==        Row: 010101, ä¿å­˜, null, ["/system/admin/user/list","/system/admin/user/save"], 0101
2023-05-11 16:25:56.153 TRACE c.d.server.mapper.ResourceMapper.selectByExample  :165  [32mQnYFvRuk[0;39m <==        Row: 010102, åˆ é™¤, null, ["/system/admin/user/delete"], 0101
2023-05-11 16:25:56.154 TRACE c.d.server.mapper.ResourceMapper.selectByExample  :165  [32mQnYFvRuk[0;39m <==        Row: 010103, é‡ç½®å¯†ç , null, ["/system/admin/user/save-password"], 0101
2023-05-11 16:25:56.154 TRACE c.d.server.mapper.ResourceMapper.selectByExample  :165  [32mQnYFvRuk[0;39m <==        Row: 0102, èµ„æºç®¡ç†, system/resource, null, 01
2023-05-11 16:25:56.154 TRACE c.d.server.mapper.ResourceMapper.selectByExample  :165  [32mQnYFvRuk[0;39m <==        Row: 010201, ä¿å­˜/æ˜¾ç¤º, null, ["/system/admin/resource"], 0102
2023-05-11 16:25:56.154 TRACE c.d.server.mapper.ResourceMapper.selectByExample  :165  [32mQnYFvRuk[0;39m <==        Row: 0103, è§’è‰²ç®¡ç†, system/role, null, 01
2023-05-11 16:25:56.154 TRACE c.d.server.mapper.ResourceMapper.selectByExample  :165  [32mQnYFvRuk[0;39m <==        Row: 010301, è§’è‰²/æƒé™ç®¡ç†, null, ["/system/admin/role"], 0103
2023-05-11 16:25:56.155 TRACE c.d.server.mapper.ResourceMapper.selectByExample  :165  [32mQnYFvRuk[0;39m <==        Row: 02, ä¸šåŠ¡ç®¡ç†, null, null, 
2023-05-11 16:25:56.155 TRACE c.d.server.mapper.ResourceMapper.selectByExample  :165  [32mQnYFvRuk[0;39m <==        Row: 0201, åˆ†ç±»ç®¡ç†, business/category, null, 02
2023-05-11 16:25:56.156 TRACE c.d.server.mapper.ResourceMapper.selectByExample  :165  [32mQnYFvRuk[0;39m <==        Row: 020101, å¢žåˆ æ”¹æŸ¥, null, ["/business/admin/category"], 0201
2023-05-11 16:25:56.157 TRACE c.d.server.mapper.ResourceMapper.selectByExample  :165  [32mQnYFvRuk[0;39m <==        Row: 0202, è¯¾ç¨‹ç®¡ç†, business/course, null, 02
2023-05-11 16:25:56.157 TRACE c.d.server.mapper.ResourceMapper.selectByExample  :165  [32mQnYFvRuk[0;39m <==        Row: 020201, å¢žåˆ æ”¹æŸ¥, null, ["/business/admin/course","/business/admin/category/all"], 0202
2023-05-11 16:25:56.157 TRACE c.d.server.mapper.ResourceMapper.selectByExample  :165  [32mQnYFvRuk[0;39m <==        Row: 0203, è®²å¸ˆç®¡ç†, business/teacher, null, 02
2023-05-11 16:25:56.158 TRACE c.d.server.mapper.ResourceMapper.selectByExample  :165  [32mQnYFvRuk[0;39m <==        Row: 020301, å¢žåˆ æ”¹æŸ¥, null, ["/business/admin/teacher"], 0203
2023-05-11 16:25:56.158 TRACE c.d.server.mapper.ResourceMapper.selectByExample  :165  [32mQnYFvRuk[0;39m <==        Row: 0204, ä¼šå‘˜ç®¡ç†, business/member, null, 02
2023-05-11 16:25:56.158 TRACE c.d.server.mapper.ResourceMapper.selectByExample  :165  [32mQnYFvRuk[0;39m <==        Row: 020401, å¢žåˆ æ”¹æŸ¥, null, ["/business/admin/member"], 0204
2023-05-11 16:25:56.159 TRACE c.d.server.mapper.ResourceMapper.selectByExample  :165  [32mQnYFvRuk[0;39m <==        Row: 0205, çŸ­ä¿¡ç®¡ç†, business/sms, null, 02
2023-05-11 16:25:56.159 TRACE c.d.server.mapper.ResourceMapper.selectByExample  :165  [32mQnYFvRuk[0;39m <==        Row: 020501, å¢žåˆ æ”¹æŸ¥, null, ["/business/admin/sms"], 0205
2023-05-11 16:25:56.160 TRACE c.d.server.mapper.ResourceMapper.selectByExample  :165  [32mQnYFvRuk[0;39m <==        Row: 0206, å¤§ç« ç®¡ç†, business/chapter, null, 02
2023-05-11 16:25:56.160 TRACE c.d.server.mapper.ResourceMapper.selectByExample  :165  [32mQnYFvRuk[0;39m <==        Row: 020601, å¢žåˆ æ”¹æŸ¥, null, ["/business/admin/chapter"], 0206
2023-05-11 16:25:56.160 TRACE c.d.server.mapper.ResourceMapper.selectByExample  :165  [32mQnYFvRuk[0;39m <==        Row: 0207, å°èŠ‚ç®¡ç†, business/section, null, 02
2023-05-11 16:25:56.160 TRACE c.d.server.mapper.ResourceMapper.selectByExample  :165  [32mQnYFvRuk[0;39m <==        Row: 020701, å¢žåˆ æ”¹æŸ¥, null, ["/business/admin/section"], 0207
2023-05-11 16:25:56.160 TRACE c.d.server.mapper.ResourceMapper.selectByExample  :165  [32mQnYFvRuk[0;39m <==        Row: 0208, è¯¾ç¨‹å†…å®¹, business/content, null, 02
2023-05-11 16:25:56.160 TRACE c.d.server.mapper.ResourceMapper.selectByExample  :165  [32mQnYFvRuk[0;39m <==        Row: 020801, å¢žåˆ æ”¹æŸ¥, null, ["/business/admin/course","/business/admin/course-content-file"], 0208
2023-05-11 16:25:56.161 TRACE c.d.server.mapper.ResourceMapper.selectByExample  :165  [32mQnYFvRuk[0;39m <==        Row: 03, æ–‡ä»¶ç®¡ç†, null, null, 
2023-05-11 16:25:56.161 TRACE c.d.server.mapper.ResourceMapper.selectByExample  :165  [32mQnYFvRuk[0;39m <==        Row: 0301, æ–‡ä»¶ç®¡ç†, file/file, null, 03
2023-05-11 16:25:56.161 TRACE c.d.server.mapper.ResourceMapper.selectByExample  :165  [32mQnYFvRuk[0;39m <==        Row: 030101, æ–‡ä»¶ç®¡ç†, null, ["/file/admin/file"], 0301
2023-05-11 16:25:56.161 TRACE c.d.server.mapper.ResourceMapper.selectByExample  :165  [32mQnYFvRuk[0;39m <==        Row: 030102, æ–‡ä»¶éªŒè¯, null, ["/file/admin/oss-check"], 0301
2023-05-11 16:25:56.161 TRACE c.d.server.mapper.ResourceMapper.selectByExample  :165  [32mQnYFvRuk[0;39m <==        Row: 030103, æ–‡ä»¶ä¸Šä¼ , null, ["/file/admin/oss-append"], 0301
2023-05-11 16:25:56.162 DEBUG c.d.server.mapper.ResourceMapper.selectByExample  :159  [32mQnYFvRuk[0;39m <==      Total: 32
2023-05-11 16:25:56.169 INFO  com.douding.server.config.LogAspect               :109  [32mQnYFvRuk[0;39m è¿”å›žç»“æžœ: {"content":[{"id":"00","name":"æ¬¢è¿Ž","page":"welcome","parent":""},{"children":[{"children":[{"id":"010101","name":"ä¿å­˜","parent":"0101","request":"[\"/system/admin/user/list\",\"/system/admin/user/save\"]"},{"id":"010102","name":"åˆ é™¤","parent":"0101","request":"[\"/system/admin/user/delete\"]"},{"id":"010103","name":"é‡ç½®å¯†ç ","parent":"0101","request":"[\"/system/admin/user/save-password\"]"}],"id":"0101","name":"ç”¨æˆ·ç®¡ç†","page":"system/user","parent":"01"},{"children":[{"id":"010201","name":"ä¿å­˜/æ˜¾ç¤º","parent":"0102","request":"[\"/system/admin/resource\"]"}],"id":"0102","name":"èµ„æºç®¡ç†","page":"system/resource","parent":"01"},{"children":[{"id":"010301","name":"è§’è‰²/æƒé™ç®¡ç†","parent":"0103","request":"[\"/system/admin/role\"]"}],"id":"0103","name":"è§’è‰²ç®¡ç†","page":"system/role","parent":"01"}],"id":"01","name":"ç³»ç»Ÿç®¡ç†","parent":""},{"children":[{"children":[{"id":"020101","name":"å¢žåˆ æ”¹æŸ¥","parent":"0201","request":"[\"/business/admin/category\"]"}],"id":"0201","name":"åˆ†ç±»ç®¡ç†","page":"business/category","parent":"02"},{"children":[{"id":"020201","name":"å¢žåˆ æ”¹æŸ¥","parent":"0202","request":"[\"/business/admin/course\",\"/business/admin/category/all\"]"}],"id":"0202","name":"è¯¾ç¨‹ç®¡ç†","page":"business/course","parent":"02"},{"children":[{"id":"020301","name":"å¢žåˆ æ”¹æŸ¥","parent":"0203","request":"[\"/business/admin/teacher\"]"}],"id":"0203","name":"è®²å¸ˆç®¡ç†","page":"business/teacher","parent":"02"},{"children":[{"id":"020401","name":"å¢žåˆ æ”¹æŸ¥","parent":"0204","request":"[\"/business/admin/member\"]"}],"id":"0204","name":"ä¼šå‘˜ç®¡ç†","page":"business/member","parent":"02"},{"children":[{"id":"020501","name":"å¢žåˆ æ”¹æŸ¥","parent":"0205","request":"[\"/business/admin/sms\"]"}],"id":"0205","name":"çŸ­ä¿¡ç®¡ç†","page":"business/sms","parent":"02"},{"children":[{"id":"020601","name":"å¢žåˆ æ”¹æŸ¥","parent":"0206","request":"[\"/business/admin/chapter\"]"}],"id":"0206","name":"å¤§ç« ç®¡ç†","page":"business/chapter","parent":"02"},{"children":[{"id":"020701","name":"å¢žåˆ æ”¹æŸ¥","parent":"0207","request":"[\"/business/admin/section\"]"}],"id":"0207","name":"å°èŠ‚ç®¡ç†","page":"business/section","parent":"02"},{"children":[{"id":"020801","name":"å¢žåˆ æ”¹æŸ¥","parent":"0208","request":"[\"/business/admin/course\",\"/business/admin/course-content-file\"]"}],"id":"0208","name":"è¯¾ç¨‹å†…å®¹","page":"business/content","parent":"02"}],"id":"02","name":"ä¸šåŠ¡ç®¡ç†","parent":""},{"children":[{"children":[{"id":"030101","name":"æ–‡ä»¶ç®¡ç†","parent":"0301","request":"[\"/file/admin/file\"]"},{"id":"030102","name":"æ–‡ä»¶éªŒè¯","parent":"0301","request":"[\"/file/admin/oss-check\"]"},{"id":"030103","name":"æ–‡ä»¶ä¸Šä¼ ","parent":"0301","request":"[\"/file/admin/oss-append\"]"}],"id":"0301","name":"æ–‡ä»¶ç®¡ç†","page":"file/file","parent":"03"}],"id":"03","name":"æ–‡ä»¶ç®¡ç†","parent":""}],"success":true}
2023-05-11 16:25:56.169 INFO  com.douding.server.config.LogAspect               :110  [32mQnYFvRuk[0;39m ------------- ç»“æŸ è€—æ—¶ï¼š25 ms -------------
2023-05-11 16:25:57.935 INFO  com.douding.server.config.LogAspect               :76   [32mIfH0oyM8[0;39m ------------- ã€è§’è‰²ã€‘æŸ¥è¯¢å¼€å§‹ -------------
2023-05-11 16:25:57.935 INFO  com.douding.server.config.LogAspect               :77   [32mIfH0oyM8[0;39m è¯·æ±‚åœ°å€: http://DESKTOP-BNRK1OD:9001/system/admin/role/list GET
2023-05-11 16:25:57.936 INFO  com.douding.server.config.LogAspect               :78   [32mIfH0oyM8[0;39m ç±»åæ–¹æ³•: com.douding.system.controller.admin.RoleController.list
2023-05-11 16:25:57.936 INFO  com.douding.server.config.LogAspect               :79   [32mIfH0oyM8[0;39m è¿œç¨‹åœ°å€: 127.0.0.1
2023-05-11 16:25:57.936 INFO  com.douding.server.config.LogAspect               :97   [32mIfH0oyM8[0;39m è¯·æ±‚å‚æ•°: [{"page":1,"size":5,"total":0}]
2023-05-11 16:25:57.942 DEBUG c.d.server.mapper.RoleMapper.selectByExample_COUNT:159  [32mIfH0oyM8[0;39m ==>  Preparing: SELECT count(0) FROM role 
2023-05-11 16:25:57.942 DEBUG c.d.server.mapper.RoleMapper.selectByExample_COUNT:159  [32mIfH0oyM8[0;39m ==> Parameters: 
2023-05-11 16:25:57.944 TRACE c.d.server.mapper.RoleMapper.selectByExample_COUNT:165  [32mIfH0oyM8[0;39m <==    Columns: count(0)
2023-05-11 16:25:57.944 TRACE c.d.server.mapper.RoleMapper.selectByExample_COUNT:165  [32mIfH0oyM8[0;39m <==        Row: 3
2023-05-11 16:25:57.945 DEBUG c.d.server.mapper.RoleMapper.selectByExample_COUNT:159  [32mIfH0oyM8[0;39m <==      Total: 1
2023-05-11 16:25:57.945 DEBUG c.douding.server.mapper.RoleMapper.selectByExample:159  [32mIfH0oyM8[0;39m ==>  Preparing: select id, `name`, `desc` from role LIMIT ? 
2023-05-11 16:25:57.946 DEBUG c.douding.server.mapper.RoleMapper.selectByExample:159  [32mIfH0oyM8[0;39m ==> Parameters: 5(Integer)
2023-05-11 16:25:57.947 TRACE c.douding.server.mapper.RoleMapper.selectByExample:165  [32mIfH0oyM8[0;39m <==    Columns: id, name, desc
2023-05-11 16:25:57.947 TRACE c.douding.server.mapper.RoleMapper.selectByExample:165  [32mIfH0oyM8[0;39m <==        Row: 00000000, ç³»ç»Ÿç®¡ç†å‘˜, ç®¡ç†ç”¨æˆ·ã€è§’è‰²æƒé™
2023-05-11 16:25:57.947 TRACE c.douding.server.mapper.RoleMapper.selectByExample:165  [32mIfH0oyM8[0;39m <==        Row: 00000001, å¼€å‘, ç»´æŠ¤èµ„æº
2023-05-11 16:25:57.947 TRACE c.douding.server.mapper.RoleMapper.selectByExample:165  [32mIfH0oyM8[0;39m <==        Row: 00000002, ä¸šåŠ¡ç®¡ç†å‘˜, è´Ÿè´£ä¸šåŠ¡ç®¡ç†
2023-05-11 16:25:57.947 DEBUG c.douding.server.mapper.RoleMapper.selectByExample:159  [32mIfH0oyM8[0;39m <==      Total: 3
2023-05-11 16:25:57.953 INFO  com.douding.server.config.LogAspect               :109  [32mIfH0oyM8[0;39m è¿”å›žç»“æžœ: {"content":{"list":[{"desc":"ç®¡ç†ç”¨æˆ·ã€è§’è‰²æƒé™","id":"00000000","name":"ç³»ç»Ÿç®¡ç†å‘˜"},{"desc":"ç»´æŠ¤èµ„æº","id":"00000001","name":"å¼€å‘"},{"desc":"è´Ÿè´£ä¸šåŠ¡ç®¡ç†","id":"00000002","name":"ä¸šåŠ¡ç®¡ç†å‘˜"}],"page":1,"size":5,"total":3},"success":true}
2023-05-11 16:25:57.953 INFO  com.douding.server.config.LogAspect               :110  [32mIfH0oyM8[0;39m ------------- ç»“æŸ è€—æ—¶ï¼š18 ms -------------
2023-05-11 16:29:05.356 INFO  c.n.d.shared.resolver.aws.ConfigClusterResolver   :43   [32m        [0;39m Resolving eureka endpoints via configuration
2023-05-11 16:34:05.358 INFO  c.n.d.shared.resolver.aws.ConfigClusterResolver   :43   [32m        [0;39m Resolving eureka endpoints via configuration
2023-05-11 16:39:05.359 INFO  c.n.d.shared.resolver.aws.ConfigClusterResolver   :43   [32m        [0;39m Resolving eureka endpoints via configuration
2023-05-11 16:39:54.503 INFO  o.s.c.n.e.serviceregistry.EurekaServiceRegistry   :62   [32m        [0;39m Unregistering application API-SYSTEM with eureka with status DOWN
2023-05-11 16:39:54.504 INFO  com.netflix.discovery.DiscoveryClient             :1352 [32m        [0;39m Saw local status change event StatusChangeEvent [timestamp=1683794394504, current=DOWN, previous=UP]
2023-05-11 16:39:54.504 INFO  com.netflix.discovery.DiscoveryClient             :873  [32m        [0;39m DiscoveryClient_API-SYSTEM/DESKTOP-BNRK1OD:api-system:9001: registering service...
2023-05-11 16:39:54.509 INFO  c.n.d.s.t.decorator.RedirectingEurekaHttpClient   :93   [32m        [0;39m Request execution error. endpoint=DefaultEndpoint{ serviceUrl='http://domain-eureka:8761/eureka/} exception=I/O error on POST request for "http://domain-eureka:8761/eureka/apps/API-SYSTEM": Connect to domain-eureka:8761 [domain-eureka/127.0.0.1] failed: Connection refused: connect; nested exception is org.apache.http.conn.HttpHostConnectException: Connect to domain-eureka:8761 [domain-eureka/127.0.0.1] failed: Connection refused: connect stacktrace=org.springframework.web.client.ResourceAccessException: I/O error on POST request for "http://domain-eureka:8761/eureka/apps/API-SYSTEM": Connect to domain-eureka:8761 [domain-eureka/127.0.0.1] failed: Connection refused: connect; nested exception is org.apache.http.conn.HttpHostConnectException: Connect to domain-eureka:8761 [domain-eureka/127.0.0.1] failed: Connection refused: connect
	at org.springframework.web.client.RestTemplate.doExecute(RestTemplate.java:785)
	at org.springframework.web.client.RestTemplate.execute(RestTemplate.java:711)
	at org.springframework.web.client.RestTemplate.exchange(RestTemplate.java:602)
	at org.springframework.cloud.netflix.eureka.http.RestTemplateEurekaHttpClient.register(RestTemplateEurekaHttpClient.java:77)
	at com.netflix.discovery.shared.transport.decorator.EurekaHttpClientDecorator$1.execute(EurekaHttpClientDecorator.java:59)
	at com.netflix.discovery.shared.transport.decorator.RedirectingEurekaHttpClient.execute(RedirectingEurekaHttpClient.java:91)
	at com.netflix.discovery.shared.transport.decorator.EurekaHttpClientDecorator.register(EurekaHttpClientDecorator.java:56)
	at com.netflix.discovery.shared.transport.decorator.EurekaHttpClientDecorator$1.execute(EurekaHttpClientDecorator.java:59)
	at com.netflix.discovery.shared.transport.decorator.RetryableEurekaHttpClient.execute(RetryableEurekaHttpClient.java:120)
	at com.netflix.discovery.shared.transport.decorator.EurekaHttpClientDecorator.register(EurekaHttpClientDecorator.java:56)
	at com.netflix.discovery.shared.transport.decorator.EurekaHttpClientDecorator$1.execute(EurekaHttpClientDecorator.java:59)
	at com.netflix.discovery.shared.transport.decorator.SessionedEurekaHttpClient.execute(SessionedEurekaHttpClient.java:77)
	at com.netflix.discovery.shared.transport.decorator.EurekaHttpClientDecorator.register(EurekaHttpClientDecorator.java:56)
	at com.netflix.discovery.DiscoveryClient.register(DiscoveryClient.java:876)
	at com.netflix.discovery.InstanceInfoReplicator.run(InstanceInfoReplicator.java:121)
	at com.netflix.discovery.InstanceInfoReplicator$1.run(InstanceInfoReplicator.java:101)
	at java.base/java.util.concurrent.Executors$RunnableAdapter.call(Executors.java:515)
	at java.base/java.util.concurrent.FutureTask.run(FutureTask.java:264)
	at java.base/java.util.concurrent.ScheduledThreadPoolExecutor$ScheduledFutureTask.run(ScheduledThreadPoolExecutor.java:304)
	at java.base/java.util.concurrent.ThreadPoolExecutor.runWorker(ThreadPoolExecutor.java:1128)
	at java.base/java.util.concurrent.ThreadPoolExecutor$Worker.run(ThreadPoolExecutor.java:628)
	at java.base/java.lang.Thread.run(Thread.java:829)
Caused by: org.apache.http.conn.HttpHostConnectException: Connect to domain-eureka:8761 [domain-eureka/127.0.0.1] failed: Connection refused: connect
	at org.apache.http.impl.conn.DefaultHttpClientConnectionOperator.connect(DefaultHttpClientConnectionOperator.java:156)
	at org.apache.http.impl.conn.PoolingHttpClientConnectionManager.connect(PoolingHttpClientConnectionManager.java:376)
	at org.apache.http.impl.execchain.MainClientExec.establishRoute(MainClientExec.java:393)
	at org.apache.http.impl.execchain.MainClientExec.execute(MainClientExec.java:236)
	at org.apache.http.impl.execchain.ProtocolExec.execute(ProtocolExec.java:186)
	at org.apache.http.impl.execchain.RetryExec.execute(RetryExec.java:89)
	at org.apache.http.impl.execchain.RedirectExec.execute(RedirectExec.java:110)
	at org.apache.http.impl.client.InternalHttpClient.doExecute(InternalHttpClient.java:185)
	at org.apache.http.impl.client.CloseableHttpClient.execute(CloseableHttpClient.java:83)
	at org.apache.http.impl.client.CloseableHttpClient.execute(CloseableHttpClient.java:56)
	at org.springframework.http.client.HttpComponentsClientHttpRequest.executeInternal(HttpComponentsClientHttpRequest.java:87)
	at org.springframework.http.client.AbstractBufferingClientHttpRequest.executeInternal(AbstractBufferingClientHttpRequest.java:48)
	at org.springframework.http.client.AbstractClientHttpRequest.execute(AbstractClientHttpRequest.java:66)
	at org.springframework.web.client.RestTemplate.doExecute(RestTemplate.java:776)
	... 21 more
Caused by: java.net.ConnectException: Connection refused: connect
	at java.base/java.net.PlainSocketImpl.connect0(Native Method)
	at java.base/java.net.PlainSocketImpl.socketConnect(PlainSocketImpl.java:101)
	at java.base/java.net.AbstractPlainSocketImpl.doConnect(AbstractPlainSocketImpl.java:412)
	at java.base/java.net.AbstractPlainSocketImpl.connectToAddress(AbstractPlainSocketImpl.java:255)
	at java.base/java.net.AbstractPlainSocketImpl.connect(AbstractPlainSocketImpl.java:237)
	at java.base/java.net.SocksSocketImpl.connect(SocksSocketImpl.java:392)
	at java.base/java.net.Socket.connect(Socket.java:609)
	at org.apache.http.conn.socket.PlainConnectionSocketFactory.connectSocket(PlainConnectionSocketFactory.java:75)
	at org.apache.http.impl.conn.DefaultHttpClientConnectionOperator.connect(DefaultHttpClientConnectionOperator.java:142)
	... 34 more

2023-05-11 16:39:54.510 WARN  c.n.d.s.t.decorator.RetryableEurekaHttpClient     :130  [32m        [0;39m Request execution failed with message: I/O error on POST request for "http://domain-eureka:8761/eureka/apps/API-SYSTEM": Connect to domain-eureka:8761 [domain-eureka/127.0.0.1] failed: Connection refused: connect; nested exception is org.apache.http.conn.HttpHostConnectException: Connect to domain-eureka:8761 [domain-eureka/127.0.0.1] failed: Connection refused: connect
2023-05-11 16:39:54.522 INFO  c.n.d.s.t.decorator.RedirectingEurekaHttpClient   :84   [32m        [0;39m Request execution error. endpoint=DefaultEndpoint{ serviceUrl='http://domain-eureka:8761/eureka/}, exception=I/O error on POST request for "http://domain-eureka:8761/eureka/apps/API-SYSTEM": Connect to domain-eureka:8761 [domain-eureka/127.0.0.1] failed: Connection refused: connect; nested exception is org.apache.http.conn.HttpHostConnectException: Connect to domain-eureka:8761 [domain-eureka/127.0.0.1] failed: Connection refused: connect stacktrace=org.springframework.web.client.ResourceAccessException: I/O error on POST request for "http://domain-eureka:8761/eureka/apps/API-SYSTEM": Connect to domain-eureka:8761 [domain-eureka/127.0.0.1] failed: Connection refused: connect; nested exception is org.apache.http.conn.HttpHostConnectException: Connect to domain-eureka:8761 [domain-eureka/127.0.0.1] failed: Connection refused: connect
	at org.springframework.web.client.RestTemplate.doExecute(RestTemplate.java:785)
	at org.springframework.web.client.RestTemplate.execute(RestTemplate.java:711)
	at org.springframework.web.client.RestTemplate.exchange(RestTemplate.java:602)
	at org.springframework.cloud.netflix.eureka.http.RestTemplateEurekaHttpClient.register(RestTemplateEurekaHttpClient.java:77)
	at com.netflix.discovery.shared.transport.decorator.EurekaHttpClientDecorator$1.execute(EurekaHttpClientDecorator.java:59)
	at com.netflix.discovery.shared.transport.decorator.RedirectingEurekaHttpClient.executeOnNewServer(RedirectingEurekaHttpClient.java:121)
	at com.netflix.discovery.shared.transport.decorator.RedirectingEurekaHttpClient.execute(RedirectingEurekaHttpClient.java:80)
	at com.netflix.discovery.shared.transport.decorator.EurekaHttpClientDecorator.register(EurekaHttpClientDecorator.java:56)
	at com.netflix.discovery.shared.transport.decorator.EurekaHttpClientDecorator$1.execute(EurekaHttpClientDecorator.java:59)
	at com.netflix.discovery.shared.transport.decorator.RetryableEurekaHttpClient.execute(RetryableEurekaHttpClient.java:120)
	at com.netflix.discovery.shared.transport.decorator.EurekaHttpClientDecorator.register(EurekaHttpClientDecorator.java:56)
	at com.netflix.discovery.shared.transport.decorator.EurekaHttpClientDecorator$1.execute(EurekaHttpClientDecorator.java:59)
	at com.netflix.discovery.shared.transport.decorator.SessionedEurekaHttpClient.execute(SessionedEurekaHttpClient.java:77)
	at com.netflix.discovery.shared.transport.decorator.EurekaHttpClientDecorator.register(EurekaHttpClientDecorator.java:56)
	at com.netflix.discovery.DiscoveryClient.register(DiscoveryClient.java:876)
	at com.netflix.discovery.InstanceInfoReplicator.run(InstanceInfoReplicator.java:121)
	at com.netflix.discovery.InstanceInfoReplicator$1.run(InstanceInfoReplicator.java:101)
	at java.base/java.util.concurrent.Executors$RunnableAdapter.call(Executors.java:515)
	at java.base/java.util.concurrent.FutureTask.run(FutureTask.java:264)
	at java.base/java.util.concurrent.ScheduledThreadPoolExecutor$ScheduledFutureTask.run(ScheduledThreadPoolExecutor.java:304)
	at java.base/java.util.concurrent.ThreadPoolExecutor.runWorker(ThreadPoolExecutor.java:1128)
	at java.base/java.util.concurrent.ThreadPoolExecutor$Worker.run(ThreadPoolExecutor.java:628)
	at java.base/java.lang.Thread.run(Thread.java:829)
Caused by: org.apache.http.conn.HttpHostConnectException: Connect to domain-eureka:8761 [domain-eureka/127.0.0.1] failed: Connection refused: connect
	at org.apache.http.impl.conn.DefaultHttpClientConnectionOperator.connect(DefaultHttpClientConnectionOperator.java:156)
	at org.apache.http.impl.conn.PoolingHttpClientConnectionManager.connect(PoolingHttpClientConnectionManager.java:376)
	at org.apache.http.impl.execchain.MainClientExec.establishRoute(MainClientExec.java:393)
	at org.apache.http.impl.execchain.MainClientExec.execute(MainClientExec.java:236)
	at org.apache.http.impl.execchain.ProtocolExec.execute(ProtocolExec.java:186)
	at org.apache.http.impl.execchain.RetryExec.execute(RetryExec.java:89)
	at org.apache.http.impl.execchain.RedirectExec.execute(RedirectExec.java:110)
	at org.apache.http.impl.client.InternalHttpClient.doExecute(InternalHttpClient.java:185)
	at org.apache.http.impl.client.CloseableHttpClient.execute(CloseableHttpClient.java:83)
	at org.apache.http.impl.client.CloseableHttpClient.execute(CloseableHttpClient.java:56)
	at org.springframework.http.client.HttpComponentsClientHttpRequest.executeInternal(HttpComponentsClientHttpRequest.java:87)
	at org.springframework.http.client.AbstractBufferingClientHttpRequest.executeInternal(AbstractBufferingClientHttpRequest.java:48)
	at org.springframework.http.client.AbstractClientHttpRequest.execute(AbstractClientHttpRequest.java:66)
	at org.springframework.web.client.RestTemplate.doExecute(RestTemplate.java:776)
	... 22 more
Caused by: java.net.ConnectException: Connection refused: connect
	at java.base/java.net.PlainSocketImpl.connect0(Native Method)
	at java.base/java.net.PlainSocketImpl.socketConnect(PlainSocketImpl.java:101)
	at java.base/java.net.AbstractPlainSocketImpl.doConnect(AbstractPlainSocketImpl.java:412)
	at java.base/java.net.AbstractPlainSocketImpl.connectToAddress(AbstractPlainSocketImpl.java:255)
	at java.base/java.net.AbstractPlainSocketImpl.connect(AbstractPlainSocketImpl.java:237)
	at java.base/java.net.SocksSocketImpl.connect(SocksSocketImpl.java:392)
	at java.base/java.net.Socket.connect(Socket.java:609)
	at org.apache.http.conn.socket.PlainConnectionSocketFactory.connectSocket(PlainConnectionSocketFactory.java:75)
	at org.apache.http.impl.conn.DefaultHttpClientConnectionOperator.connect(DefaultHttpClientConnectionOperator.java:142)
	... 35 more

2023-05-11 16:39:54.522 WARN  c.n.d.s.t.decorator.RetryableEurekaHttpClient     :130  [32m        [0;39m Request execution failed with message: I/O error on POST request for "http://domain-eureka:8761/eureka/apps/API-SYSTEM": Connect to domain-eureka:8761 [domain-eureka/127.0.0.1] failed: Connection refused: connect; nested exception is org.apache.http.conn.HttpHostConnectException: Connect to domain-eureka:8761 [domain-eureka/127.0.0.1] failed: Connection refused: connect
2023-05-11 16:39:54.524 WARN  com.netflix.discovery.DiscoveryClient             :878  [32m        [0;39m DiscoveryClient_API-SYSTEM/DESKTOP-BNRK1OD:api-system:9001 - registration failed Cannot execute request on any known server
com.netflix.discovery.shared.transport.TransportException: Cannot execute request on any known server
	at com.netflix.discovery.shared.transport.decorator.RetryableEurekaHttpClient.execute(RetryableEurekaHttpClient.java:112)
	at com.netflix.discovery.shared.transport.decorator.EurekaHttpClientDecorator.register(EurekaHttpClientDecorator.java:56)
	at com.netflix.discovery.shared.transport.decorator.EurekaHttpClientDecorator$1.execute(EurekaHttpClientDecorator.java:59)
	at com.netflix.discovery.shared.transport.decorator.SessionedEurekaHttpClient.execute(SessionedEurekaHttpClient.java:77)
	at com.netflix.discovery.shared.transport.decorator.EurekaHttpClientDecorator.register(EurekaHttpClientDecorator.java:56)
	at com.netflix.discovery.DiscoveryClient.register(DiscoveryClient.java:876)
	at com.netflix.discovery.InstanceInfoReplicator.run(InstanceInfoReplicator.java:121)
	at com.netflix.discovery.InstanceInfoReplicator$1.run(InstanceInfoReplicator.java:101)
	at java.base/java.util.concurrent.Executors$RunnableAdapter.call(Executors.java:515)
	at java.base/java.util.concurrent.FutureTask.run(FutureTask.java:264)
	at java.base/java.util.concurrent.ScheduledThreadPoolExecutor$ScheduledFutureTask.run(ScheduledThreadPoolExecutor.java:304)
	at java.base/java.util.concurrent.ThreadPoolExecutor.runWorker(ThreadPoolExecutor.java:1128)
	at java.base/java.util.concurrent.ThreadPoolExecutor$Worker.run(ThreadPoolExecutor.java:628)
	at java.base/java.lang.Thread.run(Thread.java:829)
2023-05-11 16:39:54.524 WARN  com.netflix.discovery.InstanceInfoReplicator      :125  [32m        [0;39m There was a problem with the instance info replicator
com.netflix.discovery.shared.transport.TransportException: Cannot execute request on any known server
	at com.netflix.discovery.shared.transport.decorator.RetryableEurekaHttpClient.execute(RetryableEurekaHttpClient.java:112)
	at com.netflix.discovery.shared.transport.decorator.EurekaHttpClientDecorator.register(EurekaHttpClientDecorator.java:56)
	at com.netflix.discovery.shared.transport.decorator.EurekaHttpClientDecorator$1.execute(EurekaHttpClientDecorator.java:59)
	at com.netflix.discovery.shared.transport.decorator.SessionedEurekaHttpClient.execute(SessionedEurekaHttpClient.java:77)
	at com.netflix.discovery.shared.transport.decorator.EurekaHttpClientDecorator.register(EurekaHttpClientDecorator.java:56)
	at com.netflix.discovery.DiscoveryClient.register(DiscoveryClient.java:876)
	at com.netflix.discovery.InstanceInfoReplicator.run(InstanceInfoReplicator.java:121)
	at com.netflix.discovery.InstanceInfoReplicator$1.run(InstanceInfoReplicator.java:101)
	at java.base/java.util.concurrent.Executors$RunnableAdapter.call(Executors.java:515)
	at java.base/java.util.concurrent.FutureTask.run(FutureTask.java:264)
	at java.base/java.util.concurrent.ScheduledThreadPoolExecutor$ScheduledFutureTask.run(ScheduledThreadPoolExecutor.java:304)
	at java.base/java.util.concurrent.ThreadPoolExecutor.runWorker(ThreadPoolExecutor.java:1128)
	at java.base/java.util.concurrent.ThreadPoolExecutor$Worker.run(ThreadPoolExecutor.java:628)
	at java.base/java.lang.Thread.run(Thread.java:829)
2023-05-11 16:39:55.130 INFO  com.zaxxer.hikari.HikariDataSource                :350  [32m        [0;39m HikariPool-1 - Shutdown initiated...
2023-05-11 16:39:55.137 INFO  com.zaxxer.hikari.HikariDataSource                :352  [32m        [0;39m HikariPool-1 - Shutdown completed.
2023-05-11 16:39:55.358 INFO  com.netflix.discovery.DiscoveryClient             :935  [32m        [0;39m Shutting down DiscoveryClient ...
2023-05-11 16:39:58.362 INFO  com.netflix.discovery.DiscoveryClient             :971  [32m        [0;39m Unregistering ...
2023-05-11 16:39:58.365 INFO  c.n.d.s.t.decorator.RedirectingEurekaHttpClient   :84   [32m        [0;39m Request execution error. endpoint=DefaultEndpoint{ serviceUrl='http://domain-eureka:8761/eureka/}, exception=I/O error on DELETE request for "http://domain-eureka:8761/eureka/apps/API-SYSTEM/DESKTOP-BNRK1OD:api-system:9001": Connect to domain-eureka:8761 [domain-eureka/127.0.0.1] failed: Connection refused: connect; nested exception is org.apache.http.conn.HttpHostConnectException: Connect to domain-eureka:8761 [domain-eureka/127.0.0.1] failed: Connection refused: connect stacktrace=org.springframework.web.client.ResourceAccessException: I/O error on DELETE request for "http://domain-eureka:8761/eureka/apps/API-SYSTEM/DESKTOP-BNRK1OD:api-system:9001": Connect to domain-eureka:8761 [domain-eureka/127.0.0.1] failed: Connection refused: connect; nested exception is org.apache.http.conn.HttpHostConnectException: Connect to domain-eureka:8761 [domain-eureka/127.0.0.1] failed: Connection refused: connect
	at org.springframework.web.client.RestTemplate.doExecute(RestTemplate.java:785)
	at org.springframework.web.client.RestTemplate.execute(RestTemplate.java:711)
	at org.springframework.web.client.RestTemplate.exchange(RestTemplate.java:602)
	at org.springframework.cloud.netflix.eureka.http.RestTemplateEurekaHttpClient.cancel(RestTemplateEurekaHttpClient.java:87)
	at com.netflix.discovery.shared.transport.decorator.EurekaHttpClientDecorator$2.execute(EurekaHttpClientDecorator.java:74)
	at com.netflix.discovery.shared.transport.decorator.RedirectingEurekaHttpClient.executeOnNewServer(RedirectingEurekaHttpClient.java:121)
	at com.netflix.discovery.shared.transport.decorator.RedirectingEurekaHttpClient.execute(RedirectingEurekaHttpClient.java:80)
	at com.netflix.discovery.shared.transport.decorator.EurekaHttpClientDecorator.cancel(EurekaHttpClientDecorator.java:71)
	at com.netflix.discovery.shared.transport.decorator.EurekaHttpClientDecorator$2.execute(EurekaHttpClientDecorator.java:74)
	at com.netflix.discovery.shared.transport.decorator.RetryableEurekaHttpClient.execute(RetryableEurekaHttpClient.java:120)
	at com.netflix.discovery.shared.transport.decorator.EurekaHttpClientDecorator.cancel(EurekaHttpClientDecorator.java:71)
	at com.netflix.discovery.shared.transport.decorator.EurekaHttpClientDecorator$2.execute(EurekaHttpClientDecorator.java:74)
	at com.netflix.discovery.shared.transport.decorator.SessionedEurekaHttpClient.execute(SessionedEurekaHttpClient.java:77)
	at com.netflix.discovery.shared.transport.decorator.EurekaHttpClientDecorator.cancel(EurekaHttpClientDecorator.java:71)
	at com.netflix.discovery.DiscoveryClient.unregister(DiscoveryClient.java:972)
	at com.netflix.discovery.DiscoveryClient.shutdown(DiscoveryClient.java:948)
	at java.base/jdk.internal.reflect.NativeMethodAccessorImpl.invoke0(Native Method)
	at java.base/jdk.internal.reflect.NativeMethodAccessorImpl.invoke(NativeMethodAccessorImpl.java:62)
	at java.base/jdk.internal.reflect.DelegatingMethodAccessorImpl.invoke(DelegatingMethodAccessorImpl.java:43)
	at java.base/java.lang.reflect.Method.invoke(Method.java:566)
	at org.springframework.beans.factory.annotation.InitDestroyAnnotationBeanPostProcessor$LifecycleElement.invoke(InitDestroyAnnotationBeanPostProcessor.java:389)
	at org.springframework.beans.factory.annotation.InitDestroyAnnotationBeanPostProcessor$LifecycleMetadata.invokeDestroyMethods(InitDestroyAnnotationBeanPostProcessor.java:347)
	at org.springframework.beans.factory.annotation.InitDestroyAnnotationBeanPostProcessor.postProcessBeforeDestruction(InitDestroyAnnotationBeanPostProcessor.java:177)
	at org.springframework.beans.factory.support.DisposableBeanAdapter.destroy(DisposableBeanAdapter.java:184)
	at org.springframework.beans.factory.support.DisposableBeanAdapter.run(DisposableBeanAdapter.java:177)
	at org.springframework.cloud.context.scope.GenericScope$BeanLifecycleWrapper.destroy(GenericScope.java:390)
	at org.springframework.cloud.context.scope.GenericScope.destroy(GenericScope.java:136)
	at org.springframework.beans.factory.support.DisposableBeanAdapter.destroy(DisposableBeanAdapter.java:200)
	at org.springframework.beans.factory.support.DefaultSingletonBeanRegistry.destroyBean(DefaultSingletonBeanRegistry.java:587)
	at org.springframework.beans.factory.support.DefaultSingletonBeanRegistry.destroySingleton(DefaultSingletonBeanRegistry.java:559)
	at org.springframework.beans.factory.support.DefaultListableBeanFactory.destroySingleton(DefaultListableBeanFactory.java:1152)
	at org.springframework.beans.factory.support.DefaultSingletonBeanRegistry.destroySingletons(DefaultSingletonBeanRegistry.java:520)
	at org.springframework.beans.factory.support.DefaultListableBeanFactory.destroySingletons(DefaultListableBeanFactory.java:1145)
	at org.springframework.context.support.AbstractApplicationContext.destroyBeans(AbstractApplicationContext.java:1106)
	at org.springframework.context.support.AbstractApplicationContext.doClose(AbstractApplicationContext.java:1075)
	at org.springframework.boot.web.servlet.context.ServletWebServerApplicationContext.doClose(ServletWebServerApplicationContext.java:172)
	at org.springframework.context.support.AbstractApplicationContext.close(AbstractApplicationContext.java:1021)
	at org.springframework.boot.SpringApplicationShutdownHook.closeAndWait(SpringApplicationShutdownHook.java:131)
	at java.base/java.lang.Iterable.forEach(Iterable.java:75)
	at org.springframework.boot.SpringApplicationShutdownHook.run(SpringApplicationShutdownHook.java:100)
	at java.base/java.lang.Thread.run(Thread.java:829)
Caused by: org.apache.http.conn.HttpHostConnectException: Connect to domain-eureka:8761 [domain-eureka/127.0.0.1] failed: Connection refused: connect
	at org.apache.http.impl.conn.DefaultHttpClientConnectionOperator.connect(DefaultHttpClientConnectionOperator.java:156)
	at org.apache.http.impl.conn.PoolingHttpClientConnectionManager.connect(PoolingHttpClientConnectionManager.java:376)
	at org.apache.http.impl.execchain.MainClientExec.establishRoute(MainClientExec.java:393)
	at org.apache.http.impl.execchain.MainClientExec.execute(MainClientExec.java:236)
	at org.apache.http.impl.execchain.ProtocolExec.execute(ProtocolExec.java:186)
	at org.apache.http.impl.execchain.RetryExec.execute(RetryExec.java:89)
	at org.apache.http.impl.execchain.RedirectExec.execute(RedirectExec.java:110)
	at org.apache.http.impl.client.InternalHttpClient.doExecute(InternalHttpClient.java:185)
	at org.apache.http.impl.client.CloseableHttpClient.execute(CloseableHttpClient.java:83)
	at org.apache.http.impl.client.CloseableHttpClient.execute(CloseableHttpClient.java:56)
	at org.springframework.http.client.HttpComponentsClientHttpRequest.executeInternal(HttpComponentsClientHttpRequest.java:87)
	at org.springframework.http.client.AbstractBufferingClientHttpRequest.executeInternal(AbstractBufferingClientHttpRequest.java:48)
	at org.springframework.http.client.AbstractClientHttpRequest.execute(AbstractClientHttpRequest.java:66)
	at org.springframework.web.client.RestTemplate.doExecute(RestTemplate.java:776)
	... 40 more
Caused by: java.net.ConnectException: Connection refused: connect
	at java.base/java.net.PlainSocketImpl.connect0(Native Method)
	at java.base/java.net.PlainSocketImpl.socketConnect(PlainSocketImpl.java:101)
	at java.base/java.net.AbstractPlainSocketImpl.doConnect(AbstractPlainSocketImpl.java:412)
	at java.base/java.net.AbstractPlainSocketImpl.connectToAddress(AbstractPlainSocketImpl.java:255)
	at java.base/java.net.AbstractPlainSocketImpl.connect(AbstractPlainSocketImpl.java:237)
	at java.base/java.net.SocksSocketImpl.connect(SocksSocketImpl.java:392)
	at java.base/java.net.Socket.connect(Socket.java:609)
	at org.apache.http.conn.socket.PlainConnectionSocketFactory.connectSocket(PlainConnectionSocketFactory.java:75)
	at org.apache.http.impl.conn.DefaultHttpClientConnectionOperator.connect(DefaultHttpClientConnectionOperator.java:142)
	... 53 more

2023-05-11 16:39:58.365 WARN  c.n.d.s.t.decorator.RetryableEurekaHttpClient     :130  [32m        [0;39m Request execution failed with message: I/O error on DELETE request for "http://domain-eureka:8761/eureka/apps/API-SYSTEM/DESKTOP-BNRK1OD:api-system:9001": Connect to domain-eureka:8761 [domain-eureka/127.0.0.1] failed: Connection refused: connect; nested exception is org.apache.http.conn.HttpHostConnectException: Connect to domain-eureka:8761 [domain-eureka/127.0.0.1] failed: Connection refused: connect
2023-05-11 16:39:58.365 ERROR com.netflix.discovery.DiscoveryClient             :975  [32m        [0;39m DiscoveryClient_API-SYSTEM/DESKTOP-BNRK1OD:api-system:9001 - de-registration failedCannot execute request on any known server
com.netflix.discovery.shared.transport.TransportException: Cannot execute request on any known server
	at com.netflix.discovery.shared.transport.decorator.RetryableEurekaHttpClient.execute(RetryableEurekaHttpClient.java:112)
	at com.netflix.discovery.shared.transport.decorator.EurekaHttpClientDecorator.cancel(EurekaHttpClientDecorator.java:71)
	at com.netflix.discovery.shared.transport.decorator.EurekaHttpClientDecorator$2.execute(EurekaHttpClientDecorator.java:74)
	at com.netflix.discovery.shared.transport.decorator.SessionedEurekaHttpClient.execute(SessionedEurekaHttpClient.java:77)
	at com.netflix.discovery.shared.transport.decorator.EurekaHttpClientDecorator.cancel(EurekaHttpClientDecorator.java:71)
	at com.netflix.discovery.DiscoveryClient.unregister(DiscoveryClient.java:972)
	at com.netflix.discovery.DiscoveryClient.shutdown(DiscoveryClient.java:948)
	at java.base/jdk.internal.reflect.NativeMethodAccessorImpl.invoke0(Native Method)
	at java.base/jdk.internal.reflect.NativeMethodAccessorImpl.invoke(NativeMethodAccessorImpl.java:62)
	at java.base/jdk.internal.reflect.DelegatingMethodAccessorImpl.invoke(DelegatingMethodAccessorImpl.java:43)
	at java.base/java.lang.reflect.Method.invoke(Method.java:566)
	at org.springframework.beans.factory.annotation.InitDestroyAnnotationBeanPostProcessor$LifecycleElement.invoke(InitDestroyAnnotationBeanPostProcessor.java:389)
	at org.springframework.beans.factory.annotation.InitDestroyAnnotationBeanPostProcessor$LifecycleMetadata.invokeDestroyMethods(InitDestroyAnnotationBeanPostProcessor.java:347)
	at org.springframework.beans.factory.annotation.InitDestroyAnnotationBeanPostProcessor.postProcessBeforeDestruction(InitDestroyAnnotationBeanPostProcessor.java:177)
	at org.springframework.beans.factory.support.DisposableBeanAdapter.destroy(DisposableBeanAdapter.java:184)
	at org.springframework.beans.factory.support.DisposableBeanAdapter.run(DisposableBeanAdapter.java:177)
	at org.springframework.cloud.context.scope.GenericScope$BeanLifecycleWrapper.destroy(GenericScope.java:390)
	at org.springframework.cloud.context.scope.GenericScope.destroy(GenericScope.java:136)
	at org.springframework.beans.factory.support.DisposableBeanAdapter.destroy(DisposableBeanAdapter.java:200)
	at org.springframework.beans.factory.support.DefaultSingletonBeanRegistry.destroyBean(DefaultSingletonBeanRegistry.java:587)
	at org.springframework.beans.factory.support.DefaultSingletonBeanRegistry.destroySingleton(DefaultSingletonBeanRegistry.java:559)
	at org.springframework.beans.factory.support.DefaultListableBeanFactory.destroySingleton(DefaultListableBeanFactory.java:1152)
	at org.springframework.beans.factory.support.DefaultSingletonBeanRegistry.destroySingletons(DefaultSingletonBeanRegistry.java:520)
	at org.springframework.beans.factory.support.DefaultListableBeanFactory.destroySingletons(DefaultListableBeanFactory.java:1145)
	at org.springframework.context.support.AbstractApplicationContext.destroyBeans(AbstractApplicationContext.java:1106)
	at org.springframework.context.support.AbstractApplicationContext.doClose(AbstractApplicationContext.java:1075)
	at org.springframework.boot.web.servlet.context.ServletWebServerApplicationContext.doClose(ServletWebServerApplicationContext.java:172)
	at org.springframework.context.support.AbstractApplicationContext.close(AbstractApplicationContext.java:1021)
	at org.springframework.boot.SpringApplicationShutdownHook.closeAndWait(SpringApplicationShutdownHook.java:131)
	at java.base/java.lang.Iterable.forEach(Iterable.java:75)
	at org.springframework.boot.SpringApplicationShutdownHook.run(SpringApplicationShutdownHook.java:100)
	at java.base/java.lang.Thread.run(Thread.java:829)
2023-05-11 16:39:58.371 INFO  com.netflix.discovery.DiscoveryClient             :960  [32m        [0;39m Completed shut down of DiscoveryClient
